[0.259s] Invoking command in '/home/eia/ros2_ws/build/nexos_aplication': CMAKE_PREFIX_PATH=${CMAKE_PREFIX_PATH}:/home/eia/ws_moveit/install/moveit_configs_utils:/home/eia/ws_moveit/install/launch_param_builder:/home/eia/ros2_ws/install/nexos_ros2:/home/eia/ros2_ws/install/SCARA_EIA_Tesis_description:/opt/ros/humble /usr/bin/cmake --build /home/eia/ros2_ws/build/nexos_aplication -- -j12 -l12
[0.503s] [ 50%] Built target moveit2_publisher
[0.503s] [100%] Built target moveit2_planner
[0.509s] Invoked command in '/home/eia/ros2_ws/build/nexos_aplication' returned '0': CMAKE_PREFIX_PATH=${CMAKE_PREFIX_PATH}:/home/eia/ws_moveit/install/moveit_configs_utils:/home/eia/ws_moveit/install/launch_param_builder:/home/eia/ros2_ws/install/nexos_ros2:/home/eia/ros2_ws/install/SCARA_EIA_Tesis_description:/opt/ros/humble /usr/bin/cmake --build /home/eia/ros2_ws/build/nexos_aplication -- -j12 -l12
[0.576s] Invoking command in '/home/eia/ros2_ws/build/nexos_aplication': CMAKE_PREFIX_PATH=${CMAKE_PREFIX_PATH}:/home/eia/ws_moveit/install/moveit_configs_utils:/home/eia/ws_moveit/install/launch_param_builder:/home/eia/ros2_ws/install/nexos_ros2:/home/eia/ros2_ws/install/SCARA_EIA_Tesis_description:/opt/ros/humble /usr/bin/cmake --install /home/eia/ros2_ws/build/nexos_aplication
[0.586s] -- Install configuration: ""
[0.586s] -- Up-to-date: /home/eia/ros2_ws/install/nexos_aplication/lib/nexos_aplication/moveit2_planner
[0.586s] -- Up-to-date: /home/eia/ros2_ws/install/nexos_aplication/lib/nexos_aplication/nexos_node.py
[0.587s] -- Up-to-date: /home/eia/ros2_ws/install/nexos_aplication/lib/nexos_aplication/moveit2_publisher
[0.587s] -- Up-to-date: /home/eia/ros2_ws/install/nexos_aplication/share/ament_index/resource_index/package_run_dependencies/nexos_aplication
[0.587s] -- Up-to-date: /home/eia/ros2_ws/install/nexos_aplication/share/ament_index/resource_index/parent_prefix_path/nexos_aplication
[0.587s] -- Up-to-date: /home/eia/ros2_ws/install/nexos_aplication/share/nexos_aplication/environment/ament_prefix_path.sh
[0.587s] -- Up-to-date: /home/eia/ros2_ws/install/nexos_aplication/share/nexos_aplication/environment/ament_prefix_path.dsv
[0.587s] -- Up-to-date: /home/eia/ros2_ws/install/nexos_aplication/share/nexos_aplication/environment/path.sh
[0.588s] -- Up-to-date: /home/eia/ros2_ws/install/nexos_aplication/share/nexos_aplication/environment/path.dsv
[0.588s] -- Up-to-date: /home/eia/ros2_ws/install/nexos_aplication/share/nexos_aplication/local_setup.bash
[0.588s] -- Up-to-date: /home/eia/ros2_ws/install/nexos_aplication/share/nexos_aplication/local_setup.sh
[0.588s] -- Up-to-date: /home/eia/ros2_ws/install/nexos_aplication/share/nexos_aplication/local_setup.zsh
[0.588s] -- Up-to-date: /home/eia/ros2_ws/install/nexos_aplication/share/nexos_aplication/local_setup.dsv
[0.588s] -- Installing: /home/eia/ros2_ws/install/nexos_aplication/share/nexos_aplication/package.dsv
[0.588s] -- Up-to-date: /home/eia/ros2_ws/install/nexos_aplication/share/ament_index/resource_index/packages/nexos_aplication
[0.588s] -- Up-to-date: /home/eia/ros2_ws/install/nexos_aplication/share/nexos_aplication/cmake/nexos_aplicationConfig.cmake
[0.588s] -- Up-to-date: /home/eia/ros2_ws/install/nexos_aplication/share/nexos_aplication/cmake/nexos_aplicationConfig-version.cmake
[0.588s] -- Up-to-date: /home/eia/ros2_ws/install/nexos_aplication/share/nexos_aplication/package.xml
[0.589s] Invoked command in '/home/eia/ros2_ws/build/nexos_aplication' returned '0': CMAKE_PREFIX_PATH=${CMAKE_PREFIX_PATH}:/home/eia/ws_moveit/install/moveit_configs_utils:/home/eia/ws_moveit/install/launch_param_builder:/home/eia/ros2_ws/install/nexos_ros2:/home/eia/ros2_ws/install/SCARA_EIA_Tesis_description:/opt/ros/humble /usr/bin/cmake --install /home/eia/ros2_ws/build/nexos_aplication
