[ 50%] Built target moveit2_publisher
[100%] Built target moveit2_planner
-- Install configuration: ""
-- Up-to-date: /home/eia/ros2_ws/install/nexos_aplication/lib/nexos_aplication/moveit2_planner
-- Up-to-date: /home/eia/ros2_ws/install/nexos_aplication/lib/nexos_aplication/nexos_node.py
-- Up-to-date: /home/eia/ros2_ws/install/nexos_aplication/lib/nexos_aplication/moveit2_publisher
-- Up-to-date: /home/eia/ros2_ws/install/nexos_aplication/share/ament_index/resource_index/package_run_dependencies/nexos_aplication
-- Up-to-date: /home/eia/ros2_ws/install/nexos_aplication/share/ament_index/resource_index/parent_prefix_path/nexos_aplication
-- Up-to-date: /home/eia/ros2_ws/install/nexos_aplication/share/nexos_aplication/environment/ament_prefix_path.sh
-- Up-to-date: /home/eia/ros2_ws/install/nexos_aplication/share/nexos_aplication/environment/ament_prefix_path.dsv
-- Up-to-date: /home/eia/ros2_ws/install/nexos_aplication/share/nexos_aplication/environment/path.sh
-- Up-to-date: /home/eia/ros2_ws/install/nexos_aplication/share/nexos_aplication/environment/path.dsv
-- Up-to-date: /home/eia/ros2_ws/install/nexos_aplication/share/nexos_aplication/local_setup.bash
-- Up-to-date: /home/eia/ros2_ws/install/nexos_aplication/share/nexos_aplication/local_setup.sh
-- Up-to-date: /home/eia/ros2_ws/install/nexos_aplication/share/nexos_aplication/local_setup.zsh
-- Up-to-date: /home/eia/ros2_ws/install/nexos_aplication/share/nexos_aplication/local_setup.dsv
-- Installing: /home/eia/ros2_ws/install/nexos_aplication/share/nexos_aplication/package.dsv
-- Up-to-date: /home/eia/ros2_ws/install/nexos_aplication/share/ament_index/resource_index/packages/nexos_aplication
-- Up-to-date: /home/eia/ros2_ws/install/nexos_aplication/share/nexos_aplication/cmake/nexos_aplicationConfig.cmake
-- Up-to-date: /home/eia/ros2_ws/install/nexos_aplication/share/nexos_aplication/cmake/nexos_aplicationConfig-version.cmake
-- Up-to-date: /home/eia/ros2_ws/install/nexos_aplication/share/nexos_aplication/package.xml
