running egg_info
creating ../../build/nexos_ros2/nexos_ros2.egg-info
writing ../../build/nexos_ros2/nexos_ros2.egg-info/PKG-INFO
writing dependency_links to ../../build/nexos_ros2/nexos_ros2.egg-info/dependency_links.txt
writing entry points to ../../build/nexos_ros2/nexos_ros2.egg-info/entry_points.txt
writing requirements to ../../build/nexos_ros2/nexos_ros2.egg-info/requires.txt
writing top-level names to ../../build/nexos_ros2/nexos_ros2.egg-info/top_level.txt
writing manifest file '../../build/nexos_ros2/nexos_ros2.egg-info/SOURCES.txt'
reading manifest file '../../build/nexos_ros2/nexos_ros2.egg-info/SOURCES.txt'
writing manifest file '../../build/nexos_ros2/nexos_ros2.egg-info/SOURCES.txt'
running build
running build_py
creating /home/eia/ros2_ws/build/nexos_ros2/build
creating /home/eia/ros2_ws/build/nexos_ros2/build/lib
creating /home/eia/ros2_ws/build/nexos_ros2/build/lib/nexos_ros2
copying nexos_ros2/__init__.py -> /home/eia/ros2_ws/build/nexos_ros2/build/lib/nexos_ros2
copying nexos_ros2/nodo_cin_inv.py -> /home/eia/ros2_ws/build/nexos_ros2/build/lib/nexos_ros2
copying nexos_ros2/nodo_app.py -> /home/eia/ros2_ws/build/nexos_ros2/build/lib/nexos_ros2
creating /home/eia/ros2_ws/build/nexos_ros2/build/lib/resource
copying resource/__init__.py -> /home/eia/ros2_ws/build/nexos_ros2/build/lib/resource
creating /home/eia/ros2_ws/build/nexos_ros2/build/lib/resource/app_scara
copying resource/app_scara/main.py -> /home/eia/ros2_ws/build/nexos_ros2/build/lib/resource/app_scara
copying resource/app_scara/__init__.py -> /home/eia/ros2_ws/build/nexos_ros2/build/lib/resource/app_scara
creating /home/eia/ros2_ws/build/nexos_ros2/build/lib/resource/app_scara/src
copying resource/app_scara/src/__init__.py -> /home/eia/ros2_ws/build/nexos_ros2/build/lib/resource/app_scara/src
copying resource/app_scara/src/cinematica_inversa.py -> /home/eia/ros2_ws/build/nexos_ros2/build/lib/resource/app_scara/src
copying resource/app_scara/src/cinematica_directa.py -> /home/eia/ros2_ws/build/nexos_ros2/build/lib/resource/app_scara/src
running install
running install_lib
creating /home/eia/ros2_ws/install/nexos_ros2/lib/python3.10/site-packages/nexos_ros2
copying /home/eia/ros2_ws/build/nexos_ros2/build/lib/nexos_ros2/__init__.py -> /home/eia/ros2_ws/install/nexos_ros2/lib/python3.10/site-packages/nexos_ros2
copying /home/eia/ros2_ws/build/nexos_ros2/build/lib/nexos_ros2/nodo_cin_inv.py -> /home/eia/ros2_ws/install/nexos_ros2/lib/python3.10/site-packages/nexos_ros2
copying /home/eia/ros2_ws/build/nexos_ros2/build/lib/nexos_ros2/nodo_app.py -> /home/eia/ros2_ws/install/nexos_ros2/lib/python3.10/site-packages/nexos_ros2
creating /home/eia/ros2_ws/install/nexos_ros2/lib/python3.10/site-packages/resource
copying /home/eia/ros2_ws/build/nexos_ros2/build/lib/resource/__init__.py -> /home/eia/ros2_ws/install/nexos_ros2/lib/python3.10/site-packages/resource
creating /home/eia/ros2_ws/install/nexos_ros2/lib/python3.10/site-packages/resource/app_scara
copying /home/eia/ros2_ws/build/nexos_ros2/build/lib/resource/app_scara/main.py -> /home/eia/ros2_ws/install/nexos_ros2/lib/python3.10/site-packages/resource/app_scara
copying /home/eia/ros2_ws/build/nexos_ros2/build/lib/resource/app_scara/__init__.py -> /home/eia/ros2_ws/install/nexos_ros2/lib/python3.10/site-packages/resource/app_scara
creating /home/eia/ros2_ws/install/nexos_ros2/lib/python3.10/site-packages/resource/app_scara/src
copying /home/eia/ros2_ws/build/nexos_ros2/build/lib/resource/app_scara/src/__init__.py -> /home/eia/ros2_ws/install/nexos_ros2/lib/python3.10/site-packages/resource/app_scara/src
copying /home/eia/ros2_ws/build/nexos_ros2/build/lib/resource/app_scara/src/cinematica_inversa.py -> /home/eia/ros2_ws/install/nexos_ros2/lib/python3.10/site-packages/resource/app_scara/src
copying /home/eia/ros2_ws/build/nexos_ros2/build/lib/resource/app_scara/src/cinematica_directa.py -> /home/eia/ros2_ws/install/nexos_ros2/lib/python3.10/site-packages/resource/app_scara/src
byte-compiling /home/eia/ros2_ws/install/nexos_ros2/lib/python3.10/site-packages/nexos_ros2/__init__.py to __init__.cpython-310.pyc
byte-compiling /home/eia/ros2_ws/install/nexos_ros2/lib/python3.10/site-packages/nexos_ros2/nodo_cin_inv.py to nodo_cin_inv.cpython-310.pyc
byte-compiling /home/eia/ros2_ws/install/nexos_ros2/lib/python3.10/site-packages/nexos_ros2/nodo_app.py to nodo_app.cpython-310.pyc
byte-compiling /home/eia/ros2_ws/install/nexos_ros2/lib/python3.10/site-packages/resource/__init__.py to __init__.cpython-310.pyc
byte-compiling /home/eia/ros2_ws/install/nexos_ros2/lib/python3.10/site-packages/resource/app_scara/main.py to main.cpython-310.pyc
byte-compiling /home/eia/ros2_ws/install/nexos_ros2/lib/python3.10/site-packages/resource/app_scara/__init__.py to __init__.cpython-310.pyc
byte-compiling /home/eia/ros2_ws/install/nexos_ros2/lib/python3.10/site-packages/resource/app_scara/src/__init__.py to __init__.cpython-310.pyc
byte-compiling /home/eia/ros2_ws/install/nexos_ros2/lib/python3.10/site-packages/resource/app_scara/src/cinematica_inversa.py to cinematica_inversa.cpython-310.pyc
byte-compiling /home/eia/ros2_ws/install/nexos_ros2/lib/python3.10/site-packages/resource/app_scara/src/cinematica_directa.py to cinematica_directa.cpython-310.pyc
running install_data
creating /home/eia/ros2_ws/install/nexos_ros2/share/ament_index
creating /home/eia/ros2_ws/install/nexos_ros2/share/ament_index/resource_index
creating /home/eia/ros2_ws/install/nexos_ros2/share/ament_index/resource_index/packages
copying resource/nexos_ros2 -> /home/eia/ros2_ws/install/nexos_ros2/share/ament_index/resource_index/packages
copying package.xml -> /home/eia/ros2_ws/install/nexos_ros2/share/nexos_ros2
creating /home/eia/ros2_ws/install/nexos_ros2/share/nexos_ros2/launch
copying launch/nexos.launch.py -> /home/eia/ros2_ws/install/nexos_ros2/share/nexos_ros2/launch
running install_egg_info
Copying ../../build/nexos_ros2/nexos_ros2.egg-info to /home/eia/ros2_ws/install/nexos_ros2/lib/python3.10/site-packages/nexos_ros2-0.0.0-py3.10.egg-info
running install_scripts
Installing cinematica_inversa script to /home/eia/ros2_ws/install/nexos_ros2/lib/nexos_ros2
Installing nexos_app script to /home/eia/ros2_ws/install/nexos_ros2/lib/nexos_ros2
writing list of installed files to '/home/eia/ros2_ws/build/nexos_ros2/install.log'
