[0.550s] Invoking command in '/home/eia/Nexos/ros2_ws/src/nexos_ros2': PYTHONPATH=/home/eia/Nexos/ros2_ws/build/nexos_ros2/prefix_override:/usr/lib/python3/dist-packages/colcon_core/task/python/colcon_distutils_commands:/home/eia/Nexos/ros2_ws/install/nexos_ros2/lib/python3.10/site-packages:${PYTHONPATH} /usr/bin/python3 -W ignore:setup.py install is deprecated setup.py egg_info --egg-base ../../build/nexos_ros2 build --build-base /home/eia/Nexos/ros2_ws/build/nexos_ros2/build install --record /home/eia/Nexos/ros2_ws/build/nexos_ros2/install.log --single-version-externally-managed install_data
[0.762s] running egg_info
[0.762s] writing ../../build/nexos_ros2/nexos_ros2.egg-info/PKG-INFO
[0.762s] writing dependency_links to ../../build/nexos_ros2/nexos_ros2.egg-info/dependency_links.txt
[0.762s] writing entry points to ../../build/nexos_ros2/nexos_ros2.egg-info/entry_points.txt
[0.762s] writing requirements to ../../build/nexos_ros2/nexos_ros2.egg-info/requires.txt
[0.763s] writing top-level names to ../../build/nexos_ros2/nexos_ros2.egg-info/top_level.txt
[0.764s] reading manifest file '../../build/nexos_ros2/nexos_ros2.egg-info/SOURCES.txt'
[0.765s] writing manifest file '../../build/nexos_ros2/nexos_ros2.egg-info/SOURCES.txt'
[0.765s] running build
[0.765s] running build_py
[0.765s] copying nexos_ros2/nodo_cin_inv.py -> /home/eia/Nexos/ros2_ws/build/nexos_ros2/build/lib/nexos_ros2
[0.766s] running install
[0.766s] running install_lib
[0.767s] copying /home/eia/Nexos/ros2_ws/build/nexos_ros2/build/lib/nexos_ros2/nodo_cin_inv.py -> /home/eia/Nexos/ros2_ws/install/nexos_ros2/lib/python3.10/site-packages/nexos_ros2
[0.767s] byte-compiling /home/eia/Nexos/ros2_ws/install/nexos_ros2/lib/python3.10/site-packages/nexos_ros2/nodo_cin_inv.py to nodo_cin_inv.cpython-310.pyc
[0.768s] running install_data
[0.768s] running install_egg_info
[0.770s] removing '/home/eia/Nexos/ros2_ws/install/nexos_ros2/lib/python3.10/site-packages/nexos_ros2-0.0.0-py3.10.egg-info' (and everything under it)
[0.770s] Copying ../../build/nexos_ros2/nexos_ros2.egg-info to /home/eia/Nexos/ros2_ws/install/nexos_ros2/lib/python3.10/site-packages/nexos_ros2-0.0.0-py3.10.egg-info
[0.771s] running install_scripts
[0.789s] Installing cinematica_inversa script to /home/eia/Nexos/ros2_ws/install/nexos_ros2/lib/nexos_ros2
[0.789s] Installing nexos_app script to /home/eia/Nexos/ros2_ws/install/nexos_ros2/lib/nexos_ros2
[0.789s] writing list of installed files to '/home/eia/Nexos/ros2_ws/build/nexos_ros2/install.log'
[0.805s] Invoked command in '/home/eia/Nexos/ros2_ws/src/nexos_ros2' returned '0': PYTHONPATH=/home/eia/Nexos/ros2_ws/build/nexos_ros2/prefix_override:/usr/lib/python3/dist-packages/colcon_core/task/python/colcon_distutils_commands:/home/eia/Nexos/ros2_ws/install/nexos_ros2/lib/python3.10/site-packages:${PYTHONPATH} /usr/bin/python3 -W ignore:setup.py install is deprecated setup.py egg_info --egg-base ../../build/nexos_ros2 build --build-base /home/eia/Nexos/ros2_ws/build/nexos_ros2/build install --record /home/eia/Nexos/ros2_ws/build/nexos_ros2/install.log --single-version-externally-managed install_data
