[0.891s] Invoking command in '/home/eia/ros2_ws/src/nexos_ros2': PYTHONPATH=/home/eia/ros2_ws/build/nexos_ros2/prefix_override:/usr/lib/python3/dist-packages/colcon_core/task/python/colcon_distutils_commands:/home/eia/ros2_ws/install/nexos_ros2/lib/python3.10/site-packages:${PYTHONPATH} /usr/bin/python3 -W ignore:setup.py install is deprecated setup.py egg_info --egg-base ../../build/nexos_ros2 build --build-base /home/eia/ros2_ws/build/nexos_ros2/build install --record /home/eia/ros2_ws/build/nexos_ros2/install.log --single-version-externally-managed install_data
[1.146s] running egg_info
[1.147s] writing ../../build/nexos_ros2/nexos_ros2.egg-info/PKG-INFO
[1.147s] writing dependency_links to ../../build/nexos_ros2/nexos_ros2.egg-info/dependency_links.txt
[1.147s] writing entry points to ../../build/nexos_ros2/nexos_ros2.egg-info/entry_points.txt
[1.147s] writing requirements to ../../build/nexos_ros2/nexos_ros2.egg-info/requires.txt
[1.148s] writing top-level names to ../../build/nexos_ros2/nexos_ros2.egg-info/top_level.txt
[1.149s] reading manifest file '../../build/nexos_ros2/nexos_ros2.egg-info/SOURCES.txt'
[1.150s] writing manifest file '../../build/nexos_ros2/nexos_ros2.egg-info/SOURCES.txt'
[1.151s] running build
[1.151s] running build_py
[1.151s] copying resource/app_scara/main.py -> /home/eia/ros2_ws/build/nexos_ros2/build/lib/resource/app_scara
[1.151s] running install
[1.152s] running install_lib
[1.152s] copying /home/eia/ros2_ws/build/nexos_ros2/build/lib/resource/app_scara/main.py -> /home/eia/ros2_ws/install/nexos_ros2/lib/python3.10/site-packages/resource/app_scara
[1.153s] byte-compiling /home/eia/ros2_ws/install/nexos_ros2/lib/python3.10/site-packages/resource/app_scara/main.py to main.cpython-310.pyc
[1.153s] running install_data
[1.153s] running install_egg_info
[1.154s]   File "/home/eia/ros2_ws/install/nexos_ros2/lib/python3.10/site-packages/resource/app_scara/main.py", line 26
[1.154s]     self.ruta_nexos_icono = os.path.join(directorio_actual, "nexos_icon.png")l
[1.154s]                                                                              ^
[1.154s] SyntaxError: invalid syntax
[1.154s] 
[1.157s] removing '/home/eia/ros2_ws/install/nexos_ros2/lib/python3.10/site-packages/nexos_ros2-0.0.0-py3.10.egg-info' (and everything under it)
[1.157s] Copying ../../build/nexos_ros2/nexos_ros2.egg-info to /home/eia/ros2_ws/install/nexos_ros2/lib/python3.10/site-packages/nexos_ros2-0.0.0-py3.10.egg-info
[1.157s] running install_scripts
[1.176s] Installing cinematica_inversa script to /home/eia/ros2_ws/install/nexos_ros2/lib/nexos_ros2
[1.176s] Installing nexos_app script to /home/eia/ros2_ws/install/nexos_ros2/lib/nexos_ros2
[1.176s] writing list of installed files to '/home/eia/ros2_ws/build/nexos_ros2/install.log'
[1.195s] Invoked command in '/home/eia/ros2_ws/src/nexos_ros2' returned '0': PYTHONPATH=/home/eia/ros2_ws/build/nexos_ros2/prefix_override:/usr/lib/python3/dist-packages/colcon_core/task/python/colcon_distutils_commands:/home/eia/ros2_ws/install/nexos_ros2/lib/python3.10/site-packages:${PYTHONPATH} /usr/bin/python3 -W ignore:setup.py install is deprecated setup.py egg_info --egg-base ../../build/nexos_ros2 build --build-base /home/eia/ros2_ws/build/nexos_ros2/build install --record /home/eia/ros2_ws/build/nexos_ros2/install.log --single-version-externally-managed install_data
