running egg_info
creating ../../build/SCARA_EIA_Tesis_description/SCARA_EIA_Tesis_description.egg-info
writing ../../build/SCARA_EIA_Tesis_description/SCARA_EIA_Tesis_description.egg-info/PKG-INFO
writing dependency_links to ../../build/SCARA_EIA_Tesis_description/SCARA_EIA_Tesis_description.egg-info/dependency_links.txt
writing entry points to ../../build/SCARA_EIA_Tesis_description/SCARA_EIA_Tesis_description.egg-info/entry_points.txt
writing requirements to ../../build/SCARA_EIA_Tesis_description/SCARA_EIA_Tesis_description.egg-info/requires.txt
writing top-level names to ../../build/SCARA_EIA_Tesis_description/SCARA_EIA_Tesis_description.egg-info/top_level.txt
writing manifest file '../../build/SCARA_EIA_Tesis_description/SCARA_EIA_Tesis_description.egg-info/SOURCES.txt'
reading manifest file '../../build/SCARA_EIA_Tesis_description/SCARA_EIA_Tesis_description.egg-info/SOURCES.txt'
writing manifest file '../../build/SCARA_EIA_Tesis_description/SCARA_EIA_Tesis_description.egg-info/SOURCES.txt'
running build
running build_py
creating /home/eia/ros2_ws/build/SCARA_EIA_Tesis_description/build
creating /home/eia/ros2_ws/build/SCARA_EIA_Tesis_description/build/lib
creating /home/eia/ros2_ws/build/SCARA_EIA_Tesis_description/build/lib/SCARA_EIA_Tesis_description
copying SCARA_EIA_Tesis_description/__init__.py -> /home/eia/ros2_ws/build/SCARA_EIA_Tesis_description/build/lib/SCARA_EIA_Tesis_description
running install
running install_lib
creating /home/eia/ros2_ws/install/SCARA_EIA_Tesis_description/lib/python3.10/site-packages/SCARA_EIA_Tesis_description
copying /home/eia/ros2_ws/build/SCARA_EIA_Tesis_description/build/lib/SCARA_EIA_Tesis_description/__init__.py -> /home/eia/ros2_ws/install/SCARA_EIA_Tesis_description/lib/python3.10/site-packages/SCARA_EIA_Tesis_description
byte-compiling /home/eia/ros2_ws/install/SCARA_EIA_Tesis_description/lib/python3.10/site-packages/SCARA_EIA_Tesis_description/__init__.py to __init__.cpython-310.pyc
running install_data
creating /home/eia/ros2_ws/install/SCARA_EIA_Tesis_description/share/ament_index
creating /home/eia/ros2_ws/install/SCARA_EIA_Tesis_description/share/ament_index/resource_index
creating /home/eia/ros2_ws/install/SCARA_EIA_Tesis_description/share/ament_index/resource_index/packages
copying resource/SCARA_EIA_Tesis_description -> /home/eia/ros2_ws/install/SCARA_EIA_Tesis_description/share/ament_index/resource_index/packages
copying package.xml -> /home/eia/ros2_ws/install/SCARA_EIA_Tesis_description/share/SCARA_EIA_Tesis_description
creating /home/eia/ros2_ws/install/SCARA_EIA_Tesis_description/share/SCARA_EIA_Tesis_description/launch
copying launch/display.launch.py -> /home/eia/ros2_ws/install/SCARA_EIA_Tesis_description/share/SCARA_EIA_Tesis_description/launch
copying launch/gazebo.launch.py -> /home/eia/ros2_ws/install/SCARA_EIA_Tesis_description/share/SCARA_EIA_Tesis_description/launch
creating /home/eia/ros2_ws/install/SCARA_EIA_Tesis_description/share/SCARA_EIA_Tesis_description/urdf
copying urdf/SCARA_EIA_Tesis.gazebo -> /home/eia/ros2_ws/install/SCARA_EIA_Tesis_description/share/SCARA_EIA_Tesis_description/urdf
copying urdf/materials.xacro -> /home/eia/ros2_ws/install/SCARA_EIA_Tesis_description/share/SCARA_EIA_Tesis_description/urdf
copying urdf/SCARA_EIA_Tesis.trans -> /home/eia/ros2_ws/install/SCARA_EIA_Tesis_description/share/SCARA_EIA_Tesis_description/urdf
copying urdf/SCARA_EIA_Tesis.xacro -> /home/eia/ros2_ws/install/SCARA_EIA_Tesis_description/share/SCARA_EIA_Tesis_description/urdf
creating /home/eia/ros2_ws/install/SCARA_EIA_Tesis_description/share/SCARA_EIA_Tesis_description/meshes
copying meshes/base_link.stl -> /home/eia/ros2_ws/install/SCARA_EIA_Tesis_description/share/SCARA_EIA_Tesis_description/meshes
copying meshes/FinalEfector_1.stl -> /home/eia/ros2_ws/install/SCARA_EIA_Tesis_description/share/SCARA_EIA_Tesis_description/meshes
copying meshes/Elbow_1.stl -> /home/eia/ros2_ws/install/SCARA_EIA_Tesis_description/share/SCARA_EIA_Tesis_description/meshes
copying meshes/Shoulder_1.stl -> /home/eia/ros2_ws/install/SCARA_EIA_Tesis_description/share/SCARA_EIA_Tesis_description/meshes
creating /home/eia/ros2_ws/install/SCARA_EIA_Tesis_description/share/SCARA_EIA_Tesis_description/config
copying config/display.rviz -> /home/eia/ros2_ws/install/SCARA_EIA_Tesis_description/share/SCARA_EIA_Tesis_description/config
running install_egg_info
Copying ../../build/SCARA_EIA_Tesis_description/SCARA_EIA_Tesis_description.egg-info to /home/eia/ros2_ws/install/SCARA_EIA_Tesis_description/lib/python3.10/site-packages/SCARA_EIA_Tesis_description-0.0.0-py3.10.egg-info
running install_scripts
writing list of installed files to '/home/eia/ros2_ws/build/SCARA_EIA_Tesis_description/install.log'
