[0.479s] Invoking command in '/home/eia/ros2_ws/build/panda_moveit_config': CMAKE_PREFIX_PATH=${CMAKE_PREFIX_PATH}:/home/eia/ws_moveit/install/moveit_configs_utils:/home/eia/ws_moveit/install/launch_param_builder:/home/eia/ros2_ws/install/nexos_ros2:/home/eia/ros2_ws/install/SCARA_EIA_Tesis_description:/opt/ros/humble /usr/bin/cmake /home/eia/ros2_ws/src/panda_moveit_config -DCMAKE_INSTALL_PREFIX=/home/eia/ros2_ws/install/panda_moveit_config
[0.544s] -- The C compiler identification is GNU 11.4.0
[0.608s] -- The CXX compiler identification is GNU 11.4.0
[0.616s] -- Detecting C compiler ABI info
[0.709s] -- Detecting C compiler ABI info - done
[0.717s] -- Check for working C compiler: /usr/bin/cc - skipped
[0.717s] -- Detecting C compile features
[0.717s] -- Detecting C compile features - done
[0.720s] -- Detecting CXX compiler ABI info
[0.829s] -- Detecting CXX compiler ABI info - done
[0.837s] -- Check for working CXX compiler: /usr/bin/c++ - skipped
[0.837s] -- Detecting CXX compile features
[0.838s] -- Detecting CXX compile features - done
[0.846s] -- Found ament_cmake: 1.3.10 (/opt/ros/humble/share/ament_cmake/cmake)
[1.052s] -- Found Python3: /usr/bin/python3 (found version "3.10.12") found components: Interpreter 
[1.300s] -- Configuring done
[1.303s] -- Generating done
[1.304s] -- Build files have been written to: /home/eia/ros2_ws/build/panda_moveit_config
[1.308s] Invoked command in '/home/eia/ros2_ws/build/panda_moveit_config' returned '0': CMAKE_PREFIX_PATH=${CMAKE_PREFIX_PATH}:/home/eia/ws_moveit/install/moveit_configs_utils:/home/eia/ws_moveit/install/launch_param_builder:/home/eia/ros2_ws/install/nexos_ros2:/home/eia/ros2_ws/install/SCARA_EIA_Tesis_description:/opt/ros/humble /usr/bin/cmake /home/eia/ros2_ws/src/panda_moveit_config -DCMAKE_INSTALL_PREFIX=/home/eia/ros2_ws/install/panda_moveit_config
[1.309s] Invoking command in '/home/eia/ros2_ws/build/panda_moveit_config': CMAKE_PREFIX_PATH=${CMAKE_PREFIX_PATH}:/home/eia/ws_moveit/install/moveit_configs_utils:/home/eia/ws_moveit/install/launch_param_builder:/home/eia/ros2_ws/install/nexos_ros2:/home/eia/ros2_ws/install/SCARA_EIA_Tesis_description:/opt/ros/humble /usr/bin/cmake --build /home/eia/ros2_ws/build/panda_moveit_config -- -j12 -l12
[1.364s] Invoked command in '/home/eia/ros2_ws/build/panda_moveit_config' returned '0': CMAKE_PREFIX_PATH=${CMAKE_PREFIX_PATH}:/home/eia/ws_moveit/install/moveit_configs_utils:/home/eia/ws_moveit/install/launch_param_builder:/home/eia/ros2_ws/install/nexos_ros2:/home/eia/ros2_ws/install/SCARA_EIA_Tesis_description:/opt/ros/humble /usr/bin/cmake --build /home/eia/ros2_ws/build/panda_moveit_config -- -j12 -l12
[1.415s] Invoking command in '/home/eia/ros2_ws/build/panda_moveit_config': CMAKE_PREFIX_PATH=${CMAKE_PREFIX_PATH}:/home/eia/ws_moveit/install/moveit_configs_utils:/home/eia/ws_moveit/install/launch_param_builder:/home/eia/ros2_ws/install/nexos_ros2:/home/eia/ros2_ws/install/SCARA_EIA_Tesis_description:/opt/ros/humble /usr/bin/cmake --install /home/eia/ros2_ws/build/panda_moveit_config
[1.425s] -- Install configuration: ""
[1.425s] -- Installing: /home/eia/ros2_ws/install/panda_moveit_config/share/ament_index/resource_index/package_run_dependencies/panda_moveit_config
[1.425s] -- Installing: /home/eia/ros2_ws/install/panda_moveit_config/share/ament_index/resource_index/parent_prefix_path/panda_moveit_config
[1.425s] -- Installing: /home/eia/ros2_ws/install/panda_moveit_config/share/panda_moveit_config/environment/ament_prefix_path.sh
[1.426s] -- Installing: /home/eia/ros2_ws/install/panda_moveit_config/share/panda_moveit_config/environment/ament_prefix_path.dsv
[1.426s] -- Installing: /home/eia/ros2_ws/install/panda_moveit_config/share/panda_moveit_config/environment/path.sh
[1.426s] -- Installing: /home/eia/ros2_ws/install/panda_moveit_config/share/panda_moveit_config/environment/path.dsv
[1.426s] -- Installing: /home/eia/ros2_ws/install/panda_moveit_config/share/panda_moveit_config/local_setup.bash
[1.426s] -- Installing: /home/eia/ros2_ws/install/panda_moveit_config/share/panda_moveit_config/local_setup.sh
[1.426s] -- Installing: /home/eia/ros2_ws/install/panda_moveit_config/share/panda_moveit_config/local_setup.zsh
[1.427s] -- Installing: /home/eia/ros2_ws/install/panda_moveit_config/share/panda_moveit_config/local_setup.dsv
[1.427s] -- Installing: /home/eia/ros2_ws/install/panda_moveit_config/share/panda_moveit_config/package.dsv
[1.427s] -- Installing: /home/eia/ros2_ws/install/panda_moveit_config/share/ament_index/resource_index/packages/panda_moveit_config
[1.427s] -- Installing: /home/eia/ros2_ws/install/panda_moveit_config/share/panda_moveit_config/cmake/panda_moveit_configConfig.cmake
[1.427s] -- Installing: /home/eia/ros2_ws/install/panda_moveit_config/share/panda_moveit_config/cmake/panda_moveit_configConfig-version.cmake
[1.427s] -- Installing: /home/eia/ros2_ws/install/panda_moveit_config/share/panda_moveit_config/package.xml
[1.427s] -- Installing: /home/eia/ros2_ws/install/panda_moveit_config/share/panda_moveit_config/launch
[1.427s] -- Installing: /home/eia/ros2_ws/install/panda_moveit_config/share/panda_moveit_config/launch/spawn_controllers.launch.py
[1.428s] -- Installing: /home/eia/ros2_ws/install/panda_moveit_config/share/panda_moveit_config/launch/static_virtual_joint_tfs.launch.py
[1.428s] -- Installing: /home/eia/ros2_ws/install/panda_moveit_config/share/panda_moveit_config/launch/moveit_rviz.launch.py
[1.428s] -- Installing: /home/eia/ros2_ws/install/panda_moveit_config/share/panda_moveit_config/launch/demo.launch.py
[1.428s] -- Installing: /home/eia/ros2_ws/install/panda_moveit_config/share/panda_moveit_config/launch/setup_assistant.launch.py
[1.428s] -- Installing: /home/eia/ros2_ws/install/panda_moveit_config/share/panda_moveit_config/launch/rsp.launch.py
[1.428s] -- Installing: /home/eia/ros2_ws/install/panda_moveit_config/share/panda_moveit_config/launch/move_group.launch.py
[1.428s] -- Installing: /home/eia/ros2_ws/install/panda_moveit_config/share/panda_moveit_config/launch/warehouse_db.launch.py
[1.429s] -- Installing: /home/eia/ros2_ws/install/panda_moveit_config/share/panda_moveit_config/config
[1.429s] -- Installing: /home/eia/ros2_ws/install/panda_moveit_config/share/panda_moveit_config/config/panda.urdf.xacro
[1.429s] -- Installing: /home/eia/ros2_ws/install/panda_moveit_config/share/panda_moveit_config/config/moveit_controllers.yaml
[1.429s] -- Installing: /home/eia/ros2_ws/install/panda_moveit_config/share/panda_moveit_config/config/initial_positions.yaml
[1.429s] -- Installing: /home/eia/ros2_ws/install/panda_moveit_config/share/panda_moveit_config/config/moveit.rviz
[1.429s] -- Installing: /home/eia/ros2_ws/install/panda_moveit_config/share/panda_moveit_config/config/joint_limits.yaml
[1.430s] -- Installing: /home/eia/ros2_ws/install/panda_moveit_config/share/panda_moveit_config/config/panda.srdf
[1.430s] -- Installing: /home/eia/ros2_ws/install/panda_moveit_config/share/panda_moveit_config/config/ros2_controllers.yaml
[1.430s] -- Installing: /home/eia/ros2_ws/install/panda_moveit_config/share/panda_moveit_config/config/kinematics.yaml
[1.430s] -- Installing: /home/eia/ros2_ws/install/panda_moveit_config/share/panda_moveit_config/config/pilz_cartesian_limits.yaml
[1.430s] -- Installing: /home/eia/ros2_ws/install/panda_moveit_config/share/panda_moveit_config/config/panda.ros2_control.xacro
[1.430s] -- Installing: /home/eia/ros2_ws/install/panda_moveit_config/share/panda_moveit_config/.setup_assistant
[1.433s] Invoked command in '/home/eia/ros2_ws/build/panda_moveit_config' returned '0': CMAKE_PREFIX_PATH=${CMAKE_PREFIX_PATH}:/home/eia/ws_moveit/install/moveit_configs_utils:/home/eia/ws_moveit/install/launch_param_builder:/home/eia/ros2_ws/install/nexos_ros2:/home/eia/ros2_ws/install/SCARA_EIA_Tesis_description:/opt/ros/humble /usr/bin/cmake --install /home/eia/ros2_ws/build/panda_moveit_config
