[0.249s] Invoking command in '/home/eia/ros2_ws/build/nexos_aplication': CMAKE_PREFIX_PATH=${CMAKE_PREFIX_PATH}:/home/eia/ws_moveit/install/moveit_configs_utils:/home/eia/ws_moveit/install/launch_param_builder:/home/eia/ros2_ws/install/nexos_ros2:/home/eia/ros2_ws/install/SCARA_EIA_Tesis_description:/opt/ros/humble /usr/bin/cmake /home/eia/ros2_ws/src/nexos_aplication -DCMAKE_INSTALL_PREFIX=/home/eia/ros2_ws/install/nexos_aplication
[0.489s] -- The C compiler identification is GNU 11.4.0
[0.489s] -- The CXX compiler identification is GNU 11.4.0
[0.489s] -- Detecting C compiler ABI info
[0.504s] -- Detecting C compiler ABI info - done
[0.511s] -- Check for working C compiler: /usr/bin/cc - skipped
[0.511s] -- Detecting C compile features
[0.511s] -- Detecting C compile features - done
[0.514s] -- Detecting CXX compiler ABI info
[0.617s] -- Detecting CXX compiler ABI info - done
[0.626s] -- Check for working CXX compiler: /usr/bin/c++ - skipped
[0.626s] -- Detecting CXX compile features
[0.627s] -- Detecting CXX compile features - done
[0.638s] -- Found ament_cmake: 1.3.10 (/opt/ros/humble/share/ament_cmake/cmake)
[0.831s] -- Found Python3: /usr/bin/python3 (found version "3.10.12") found components: Interpreter 
[1.037s] -- Found moveit_ros_planning_interface: 2.5.5 (/home/eia/ws_moveit/install/moveit_ros_planning_interface/share/moveit_ros_planning_interface/cmake)
[1.328s] -- Found Boost: /usr/lib/x86_64-linux-gnu/cmake/Boost-1.74.0/BoostConfig.cmake (found version "1.74.0") found components: date_time filesystem program_options system thread 
[1.447s] -- Found rosidl_generator_c: 3.1.5 (/opt/ros/humble/share/rosidl_generator_c/cmake)
[1.465s] -- Found rosidl_adapter: 3.1.5 (/opt/ros/humble/share/rosidl_adapter/cmake)
[1.486s] -- Found rosidl_generator_cpp: 3.1.5 (/opt/ros/humble/share/rosidl_generator_cpp/cmake)
[1.515s] -- Using all available rosidl_typesupport_c: rosidl_typesupport_fastrtps_c;rosidl_typesupport_introspection_c
[1.554s] -- Using all available rosidl_typesupport_cpp: rosidl_typesupport_fastrtps_cpp;rosidl_typesupport_introspection_cpp
[1.865s] -- Found Boost: /usr/lib/x86_64-linux-gnu/cmake/Boost-1.74.0/BoostConfig.cmake (found version "1.74.0") found components: chrono date_time filesystem iostreams program_options regex serialization system thread 
[1.982s] -- Found parameter_traits: 0.3.8 (/opt/ros/humble/share/parameter_traits/cmake)
[2.097s] -- Found rmw_implementation_cmake: 6.1.2 (/opt/ros/humble/share/rmw_implementation_cmake/cmake)
[2.109s] -- Found rmw_fastrtps_cpp: 6.2.7 (/opt/ros/humble/share/rmw_fastrtps_cpp/cmake)
[2.257s] -- Found OpenSSL: /usr/lib/x86_64-linux-gnu/libcrypto.so (found version "3.0.2")  
[2.289s] -- Found FastRTPS: /opt/ros/humble/include  
[2.341s] -- Using RMW implementation 'rmw_fastrtps_cpp' as default
[2.366s] -- Found Threads: TRUE  
[2.440s] -- Found Eigen3: TRUE (found version "3.4.0") 
[2.448s] -- Found rclcpp_lifecycle: 16.0.10 (/opt/ros/humble/share/rclcpp_lifecycle/cmake)
[2.490s] -- Found Boost: /usr/lib/x86_64-linux-gnu/cmake/Boost-1.74.0/BoostConfig.cmake (found version "1.74.0") found components: filesystem 
[2.638s] -- library: /usr/lib/x86_64-linux-gnu/libcurl.so
[2.694s] -- Ensuring Eigen3 include directory is part of orocos-kdl CMake target
[2.958s] -- Found Boost: /usr/lib/x86_64-linux-gnu/cmake/Boost-1.74.0/BoostConfig.cmake (found version "1.74.0") found components: system filesystem date_time program_options thread chrono 
[2.992s] -- Found Boost: /usr/lib/x86_64-linux-gnu/cmake/Boost-1.74.0/BoostConfig.cmake (found version "1.74.0") found components: thread system filesystem regex date_time program_options 
[3.023s] -- Found Boost: /usr/lib/x86_64-linux-gnu/cmake/Boost-1.74.0/BoostConfig.cmake (found version "1.74.0") found components: system filesystem date_time program_options thread 
[3.075s] -- Found ament_lint_auto: 0.12.11 (/opt/ros/humble/share/ament_lint_auto/cmake)
[3.188s] -- Added test 'cppcheck' to perform static code analysis on C / C++ code
[3.188s] -- Configured cppcheck include dirs: $<BUILD_INTERFACE:/home/eia/ros2_ws/src/nexos_aplication/include>
[3.188s] -- Configured cppcheck exclude dirs and/or files: 
[3.190s] -- Added test 'flake8' to check Python code syntax and style conventions
[3.192s] -- Added test 'lint_cmake' to check CMake code style
[3.194s] -- Added test 'pep257' to check Python code against some of the docstring style conventions in PEP 257
[3.197s] -- Added test 'uncrustify' to check C / C++ code style
[3.197s] -- Configured uncrustify additional arguments: 
[3.198s] -- Added test 'xmllint' to check XML markup files
[3.201s] -- Configuring done
[3.241s] -- Generating done
[3.243s] -- Build files have been written to: /home/eia/ros2_ws/build/nexos_aplication
[3.254s] Invoked command in '/home/eia/ros2_ws/build/nexos_aplication' returned '0': CMAKE_PREFIX_PATH=${CMAKE_PREFIX_PATH}:/home/eia/ws_moveit/install/moveit_configs_utils:/home/eia/ws_moveit/install/launch_param_builder:/home/eia/ros2_ws/install/nexos_ros2:/home/eia/ros2_ws/install/SCARA_EIA_Tesis_description:/opt/ros/humble /usr/bin/cmake /home/eia/ros2_ws/src/nexos_aplication -DCMAKE_INSTALL_PREFIX=/home/eia/ros2_ws/install/nexos_aplication
[3.256s] Invoking command in '/home/eia/ros2_ws/build/nexos_aplication': CMAKE_PREFIX_PATH=${CMAKE_PREFIX_PATH}:/home/eia/ws_moveit/install/moveit_configs_utils:/home/eia/ws_moveit/install/launch_param_builder:/home/eia/ros2_ws/install/nexos_ros2:/home/eia/ros2_ws/install/SCARA_EIA_Tesis_description:/opt/ros/humble /usr/bin/cmake --build /home/eia/ros2_ws/build/nexos_aplication -- -j12 -l12
[3.326s] [ 25%] [32mBuilding CXX object CMakeFiles/moveit2_publisher.dir/src/moveit2_publisher.cpp.o[0m
[3.326s] [ 50%] [32mBuilding CXX object CMakeFiles/moveit2_planner.dir/src/moveit2_planner.cpp.o[0m
[10.817s] [ 75%] [32m[1mLinking CXX executable moveit2_publisher[0m
[11.228s] [ 75%] Built target moveit2_publisher
[14.443s] [100%] [32m[1mLinking CXX executable moveit2_planner[0m
[15.132s] [100%] Built target moveit2_planner
[15.145s] Invoked command in '/home/eia/ros2_ws/build/nexos_aplication' returned '0': CMAKE_PREFIX_PATH=${CMAKE_PREFIX_PATH}:/home/eia/ws_moveit/install/moveit_configs_utils:/home/eia/ws_moveit/install/launch_param_builder:/home/eia/ros2_ws/install/nexos_ros2:/home/eia/ros2_ws/install/SCARA_EIA_Tesis_description:/opt/ros/humble /usr/bin/cmake --build /home/eia/ros2_ws/build/nexos_aplication -- -j12 -l12
[15.197s] Invoking command in '/home/eia/ros2_ws/build/nexos_aplication': CMAKE_PREFIX_PATH=${CMAKE_PREFIX_PATH}:/home/eia/ws_moveit/install/moveit_configs_utils:/home/eia/ws_moveit/install/launch_param_builder:/home/eia/ros2_ws/install/nexos_ros2:/home/eia/ros2_ws/install/SCARA_EIA_Tesis_description:/opt/ros/humble /usr/bin/cmake --install /home/eia/ros2_ws/build/nexos_aplication
[15.208s] -- Install configuration: ""
[15.208s] -- Installing: /home/eia/ros2_ws/install/nexos_aplication/lib/nexos_aplication/moveit2_planner
[15.210s] -- Set runtime path of "/home/eia/ros2_ws/install/nexos_aplication/lib/nexos_aplication/moveit2_planner" to ""
[15.210s] -- Installing: /home/eia/ros2_ws/install/nexos_aplication/lib/nexos_aplication/nexos_node.py
[15.212s] -- Installing: /home/eia/ros2_ws/install/nexos_aplication/lib/nexos_aplication/moveit2_publisher
[15.215s] -- Set runtime path of "/home/eia/ros2_ws/install/nexos_aplication/lib/nexos_aplication/moveit2_publisher" to ""
[15.215s] -- Installing: /home/eia/ros2_ws/install/nexos_aplication/share/ament_index/resource_index/package_run_dependencies/nexos_aplication
[15.215s] -- Installing: /home/eia/ros2_ws/install/nexos_aplication/share/ament_index/resource_index/parent_prefix_path/nexos_aplication
[15.215s] -- Installing: /home/eia/ros2_ws/install/nexos_aplication/share/nexos_aplication/environment/ament_prefix_path.sh
[15.215s] -- Installing: /home/eia/ros2_ws/install/nexos_aplication/share/nexos_aplication/environment/ament_prefix_path.dsv
[15.215s] -- Installing: /home/eia/ros2_ws/install/nexos_aplication/share/nexos_aplication/environment/path.sh
[15.216s] -- Installing: /home/eia/ros2_ws/install/nexos_aplication/share/nexos_aplication/environment/path.dsv
[15.216s] -- Installing: /home/eia/ros2_ws/install/nexos_aplication/share/nexos_aplication/local_setup.bash
[15.216s] -- Installing: /home/eia/ros2_ws/install/nexos_aplication/share/nexos_aplication/local_setup.sh
[15.216s] -- Installing: /home/eia/ros2_ws/install/nexos_aplication/share/nexos_aplication/local_setup.zsh
[15.216s] -- Installing: /home/eia/ros2_ws/install/nexos_aplication/share/nexos_aplication/local_setup.dsv
[15.216s] -- Installing: /home/eia/ros2_ws/install/nexos_aplication/share/nexos_aplication/package.dsv
[15.216s] -- Installing: /home/eia/ros2_ws/install/nexos_aplication/share/ament_index/resource_index/packages/nexos_aplication
[15.217s] -- Installing: /home/eia/ros2_ws/install/nexos_aplication/share/nexos_aplication/cmake/nexos_aplicationConfig.cmake
[15.217s] -- Installing: /home/eia/ros2_ws/install/nexos_aplication/share/nexos_aplication/cmake/nexos_aplicationConfig-version.cmake
[15.217s] -- Installing: /home/eia/ros2_ws/install/nexos_aplication/share/nexos_aplication/package.xml
[15.219s] Invoked command in '/home/eia/ros2_ws/build/nexos_aplication' returned '0': CMAKE_PREFIX_PATH=${CMAKE_PREFIX_PATH}:/home/eia/ws_moveit/install/moveit_configs_utils:/home/eia/ws_moveit/install/launch_param_builder:/home/eia/ros2_ws/install/nexos_ros2:/home/eia/ros2_ws/install/SCARA_EIA_Tesis_description:/opt/ros/humble /usr/bin/cmake --install /home/eia/ros2_ws/build/nexos_aplication
