running egg_info
writing ../../build/nexos_ros2/nexos_ros2.egg-info/PKG-INFO
writing dependency_links to ../../build/nexos_ros2/nexos_ros2.egg-info/dependency_links.txt
writing entry points to ../../build/nexos_ros2/nexos_ros2.egg-info/entry_points.txt
writing requirements to ../../build/nexos_ros2/nexos_ros2.egg-info/requires.txt
writing top-level names to ../../build/nexos_ros2/nexos_ros2.egg-info/top_level.txt
reading manifest file '../../build/nexos_ros2/nexos_ros2.egg-info/SOURCES.txt'
writing manifest file '../../build/nexos_ros2/nexos_ros2.egg-info/SOURCES.txt'
running build
running build_py
copying resource/app_scara/main.py -> /home/eia/Nexos/ros2_ws/build/nexos_ros2/build/lib/resource/app_scara
running install
running install_lib
copying /home/eia/Nexos/ros2_ws/build/nexos_ros2/build/lib/resource/app_scara/main.py -> /home/eia/Nexos/ros2_ws/install/nexos_ros2/lib/python3.10/site-packages/resource/app_scara
byte-compiling /home/eia/Nexos/ros2_ws/install/nexos_ros2/lib/python3.10/site-packages/resource/app_scara/main.py to main.cpython-310.pyc
running install_data
running install_egg_info
removing '/home/eia/Nexos/ros2_ws/install/nexos_ros2/lib/python3.10/site-packages/nexos_ros2-0.0.0-py3.10.egg-info' (and everything under it)
Copying ../../build/nexos_ros2/nexos_ros2.egg-info to /home/eia/Nexos/ros2_ws/install/nexos_ros2/lib/python3.10/site-packages/nexos_ros2-0.0.0-py3.10.egg-info
running install_scripts
Installing cinematica_inversa script to /home/eia/Nexos/ros2_ws/install/nexos_ros2/lib/nexos_ros2
Installing nexos_app script to /home/eia/Nexos/ros2_ws/install/nexos_ros2/lib/nexos_ros2
writing list of installed files to '/home/eia/Nexos/ros2_ws/build/nexos_ros2/install.log'
