[0.107s] DEBUG:colcon:Command line arguments: ['/usr/bin/colcon', 'build']
[0.107s] DEBUG:colcon:Parsed command line arguments: Namespace(log_base=None, log_level=None, verb_name='build', build_base='build', install_base='install', merge_install=False, symlink_install=False, test_result_base=None, continue_on_error=False, executor='parallel', parallel_workers=12, event_handlers=None, ignore_user_meta=False, metas=['./colcon.meta'], base_paths=['.'], packages_ignore=None, packages_ignore_regex=None, paths=None, packages_up_to=None, packages_up_to_regex=None, packages_above=None, packages_above_and_dependencies=None, packages_above_depth=None, packages_select_by_dep=None, packages_skip_by_dep=None, packages_skip_up_to=None, packages_select_build_failed=False, packages_skip_build_finished=False, packages_select_test_failures=False, packages_skip_test_passed=False, packages_select=None, packages_skip=None, packages_select_regex=None, packages_skip_regex=None, packages_start=None, packages_end=None, allow_overriding=[], cmake_args=None, cmake_target=None, cmake_target_skip_unavailable=False, cmake_clean_cache=False, cmake_clean_first=False, cmake_force_configure=False, ament_cmake_args=None, catkin_cmake_args=None, catkin_skip_building_tests=False, mixin_files=None, mixin=None, verb_parser=<colcon_mixin.mixin.mixin_argument.MixinArgumentDecorator object at 0x72a962a3ad40>, verb_extension=<colcon_core.verb.build.BuildVerb object at 0x72a962a3a710>, main=<bound method BuildVerb.main of <colcon_core.verb.build.BuildVerb object at 0x72a962a3a710>>, mixin_verb=('build',))
[0.260s] Level 1:colcon.colcon_core.package_discovery:discover_packages(colcon_meta) check parameters
[0.260s] Level 1:colcon.colcon_core.package_discovery:discover_packages(recursive) check parameters
[0.260s] Level 1:colcon.colcon_core.package_discovery:discover_packages(ignore) check parameters
[0.260s] Level 1:colcon.colcon_core.package_discovery:discover_packages(path) check parameters
[0.260s] Level 1:colcon.colcon_core.package_discovery:discover_packages(colcon_meta) discover
[0.261s] Level 1:colcon.colcon_core.package_discovery:discover_packages(recursive) discover
[0.261s] INFO:colcon.colcon_core.package_discovery:Crawling recursively for packages in '/home/eia/ros2_ws'
[0.261s] Level 1:colcon.colcon_core.package_identification:_identify(.) by extensions ['ignore', 'ignore_ament_install']
[0.261s] Level 1:colcon.colcon_core.package_identification:_identify(.) by extension 'ignore'
[0.261s] Level 1:colcon.colcon_core.package_identification:_identify(.) by extension 'ignore_ament_install'
[0.261s] Level 1:colcon.colcon_core.package_identification:_identify(.) by extensions ['colcon_pkg']
[0.261s] Level 1:colcon.colcon_core.package_identification:_identify(.) by extension 'colcon_pkg'
[0.261s] Level 1:colcon.colcon_core.package_identification:_identify(.) by extensions ['colcon_meta']
[0.261s] Level 1:colcon.colcon_core.package_identification:_identify(.) by extension 'colcon_meta'
[0.261s] Level 1:colcon.colcon_core.package_identification:_identify(.) by extensions ['ros']
[0.261s] Level 1:colcon.colcon_core.package_identification:_identify(.) by extension 'ros'
[0.271s] Level 1:colcon.colcon_core.package_identification:_identify(.) by extensions ['cmake', 'python']
[0.271s] Level 1:colcon.colcon_core.package_identification:_identify(.) by extension 'cmake'
[0.271s] Level 1:colcon.colcon_core.package_identification:_identify(.) by extension 'python'
[0.271s] Level 1:colcon.colcon_core.package_identification:_identify(.) by extensions ['python_setup_py']
[0.271s] Level 1:colcon.colcon_core.package_identification:_identify(.) by extension 'python_setup_py'
[0.271s] Level 1:colcon.colcon_core.package_identification:_identify(build) by extensions ['ignore', 'ignore_ament_install']
[0.271s] Level 1:colcon.colcon_core.package_identification:_identify(build) by extension 'ignore'
[0.271s] Level 1:colcon.colcon_core.package_identification:_identify(build) ignored
[0.271s] Level 1:colcon.colcon_core.package_identification:_identify(install) by extensions ['ignore', 'ignore_ament_install']
[0.271s] Level 1:colcon.colcon_core.package_identification:_identify(install) by extension 'ignore'
[0.271s] Level 1:colcon.colcon_core.package_identification:_identify(install) ignored
[0.271s] Level 1:colcon.colcon_core.package_identification:_identify(log) by extensions ['ignore', 'ignore_ament_install']
[0.272s] Level 1:colcon.colcon_core.package_identification:_identify(log) by extension 'ignore'
[0.272s] Level 1:colcon.colcon_core.package_identification:_identify(log) ignored
[0.272s] Level 1:colcon.colcon_core.package_identification:_identify(src) by extensions ['ignore', 'ignore_ament_install']
[0.272s] Level 1:colcon.colcon_core.package_identification:_identify(src) by extension 'ignore'
[0.272s] Level 1:colcon.colcon_core.package_identification:_identify(src) by extension 'ignore_ament_install'
[0.272s] Level 1:colcon.colcon_core.package_identification:_identify(src) by extensions ['colcon_pkg']
[0.272s] Level 1:colcon.colcon_core.package_identification:_identify(src) by extension 'colcon_pkg'
[0.272s] Level 1:colcon.colcon_core.package_identification:_identify(src) by extensions ['colcon_meta']
[0.272s] Level 1:colcon.colcon_core.package_identification:_identify(src) by extension 'colcon_meta'
[0.272s] Level 1:colcon.colcon_core.package_identification:_identify(src) by extensions ['ros']
[0.272s] Level 1:colcon.colcon_core.package_identification:_identify(src) by extension 'ros'
[0.272s] Level 1:colcon.colcon_core.package_identification:_identify(src) by extensions ['cmake', 'python']
[0.272s] Level 1:colcon.colcon_core.package_identification:_identify(src) by extension 'cmake'
[0.272s] Level 1:colcon.colcon_core.package_identification:_identify(src) by extension 'python'
[0.272s] Level 1:colcon.colcon_core.package_identification:_identify(src) by extensions ['python_setup_py']
[0.272s] Level 1:colcon.colcon_core.package_identification:_identify(src) by extension 'python_setup_py'
[0.272s] Level 1:colcon.colcon_core.package_identification:_identify(src/SCARA_EIA_Tesis_description) by extensions ['ignore', 'ignore_ament_install']
[0.272s] Level 1:colcon.colcon_core.package_identification:_identify(src/SCARA_EIA_Tesis_description) by extension 'ignore'
[0.272s] Level 1:colcon.colcon_core.package_identification:_identify(src/SCARA_EIA_Tesis_description) by extension 'ignore_ament_install'
[0.272s] Level 1:colcon.colcon_core.package_identification:_identify(src/SCARA_EIA_Tesis_description) by extensions ['colcon_pkg']
[0.272s] Level 1:colcon.colcon_core.package_identification:_identify(src/SCARA_EIA_Tesis_description) by extension 'colcon_pkg'
[0.273s] Level 1:colcon.colcon_core.package_identification:_identify(src/SCARA_EIA_Tesis_description) by extensions ['colcon_meta']
[0.273s] Level 1:colcon.colcon_core.package_identification:_identify(src/SCARA_EIA_Tesis_description) by extension 'colcon_meta'
[0.273s] Level 1:colcon.colcon_core.package_identification:_identify(src/SCARA_EIA_Tesis_description) by extensions ['ros']
[0.273s] Level 1:colcon.colcon_core.package_identification:_identify(src/SCARA_EIA_Tesis_description) by extension 'ros'
[0.275s] DEBUG:colcon.colcon_core.package_identification:Package 'src/SCARA_EIA_Tesis_description' with type 'ros.ament_python' and name 'SCARA_EIA_Tesis_description'
[0.275s] Level 1:colcon.colcon_core.package_identification:_identify(src/nexos_aplication) by extensions ['ignore', 'ignore_ament_install']
[0.275s] Level 1:colcon.colcon_core.package_identification:_identify(src/nexos_aplication) by extension 'ignore'
[0.275s] Level 1:colcon.colcon_core.package_identification:_identify(src/nexos_aplication) by extension 'ignore_ament_install'
[0.275s] Level 1:colcon.colcon_core.package_identification:_identify(src/nexos_aplication) by extensions ['colcon_pkg']
[0.275s] Level 1:colcon.colcon_core.package_identification:_identify(src/nexos_aplication) by extension 'colcon_pkg'
[0.275s] Level 1:colcon.colcon_core.package_identification:_identify(src/nexos_aplication) by extensions ['colcon_meta']
[0.275s] Level 1:colcon.colcon_core.package_identification:_identify(src/nexos_aplication) by extension 'colcon_meta'
[0.275s] Level 1:colcon.colcon_core.package_identification:_identify(src/nexos_aplication) by extensions ['ros']
[0.275s] Level 1:colcon.colcon_core.package_identification:_identify(src/nexos_aplication) by extension 'ros'
[0.276s] DEBUG:colcon.colcon_core.package_identification:Package 'src/nexos_aplication' with type 'ros.ament_cmake' and name 'nexos_aplication'
[0.276s] Level 1:colcon.colcon_core.package_identification:_identify(src/nexos_ros2) by extensions ['ignore', 'ignore_ament_install']
[0.276s] Level 1:colcon.colcon_core.package_identification:_identify(src/nexos_ros2) by extension 'ignore'
[0.276s] Level 1:colcon.colcon_core.package_identification:_identify(src/nexos_ros2) by extension 'ignore_ament_install'
[0.276s] Level 1:colcon.colcon_core.package_identification:_identify(src/nexos_ros2) by extensions ['colcon_pkg']
[0.276s] Level 1:colcon.colcon_core.package_identification:_identify(src/nexos_ros2) by extension 'colcon_pkg'
[0.276s] Level 1:colcon.colcon_core.package_identification:_identify(src/nexos_ros2) by extensions ['colcon_meta']
[0.277s] Level 1:colcon.colcon_core.package_identification:_identify(src/nexos_ros2) by extension 'colcon_meta'
[0.277s] Level 1:colcon.colcon_core.package_identification:_identify(src/nexos_ros2) by extensions ['ros']
[0.277s] Level 1:colcon.colcon_core.package_identification:_identify(src/nexos_ros2) by extension 'ros'
[0.277s] DEBUG:colcon.colcon_core.package_identification:Package 'src/nexos_ros2' with type 'ros.ament_python' and name 'nexos_ros2'
[0.277s] Level 1:colcon.colcon_core.package_identification:_identify(src/panda_moveit_config) by extensions ['ignore', 'ignore_ament_install']
[0.277s] Level 1:colcon.colcon_core.package_identification:_identify(src/panda_moveit_config) by extension 'ignore'
[0.277s] Level 1:colcon.colcon_core.package_identification:_identify(src/panda_moveit_config) by extension 'ignore_ament_install'
[0.277s] Level 1:colcon.colcon_core.package_identification:_identify(src/panda_moveit_config) by extensions ['colcon_pkg']
[0.277s] Level 1:colcon.colcon_core.package_identification:_identify(src/panda_moveit_config) by extension 'colcon_pkg'
[0.277s] Level 1:colcon.colcon_core.package_identification:_identify(src/panda_moveit_config) by extensions ['colcon_meta']
[0.277s] Level 1:colcon.colcon_core.package_identification:_identify(src/panda_moveit_config) by extension 'colcon_meta'
[0.277s] Level 1:colcon.colcon_core.package_identification:_identify(src/panda_moveit_config) by extensions ['ros']
[0.277s] Level 1:colcon.colcon_core.package_identification:_identify(src/panda_moveit_config) by extension 'ros'
[0.278s] DEBUG:colcon.colcon_core.package_identification:Package 'src/panda_moveit_config' with type 'ros.ament_cmake' and name 'panda_moveit_config'
[0.278s] Level 1:colcon.colcon_core.package_identification:_identify(src/scara_moveit_config) by extensions ['ignore', 'ignore_ament_install']
[0.278s] Level 1:colcon.colcon_core.package_identification:_identify(src/scara_moveit_config) by extension 'ignore'
[0.278s] Level 1:colcon.colcon_core.package_identification:_identify(src/scara_moveit_config) by extension 'ignore_ament_install'
[0.278s] Level 1:colcon.colcon_core.package_identification:_identify(src/scara_moveit_config) by extensions ['colcon_pkg']
[0.279s] Level 1:colcon.colcon_core.package_identification:_identify(src/scara_moveit_config) by extension 'colcon_pkg'
[0.279s] Level 1:colcon.colcon_core.package_identification:_identify(src/scara_moveit_config) by extensions ['colcon_meta']
[0.279s] Level 1:colcon.colcon_core.package_identification:_identify(src/scara_moveit_config) by extension 'colcon_meta'
[0.279s] Level 1:colcon.colcon_core.package_identification:_identify(src/scara_moveit_config) by extensions ['ros']
[0.279s] Level 1:colcon.colcon_core.package_identification:_identify(src/scara_moveit_config) by extension 'ros'
[0.279s] DEBUG:colcon.colcon_core.package_identification:Package 'src/scara_moveit_config' with type 'ros.ament_cmake' and name 'scara_moveit_config'
[0.279s] Level 1:colcon.colcon_core.package_discovery:discover_packages(recursive) using defaults
[0.280s] Level 1:colcon.colcon_core.package_discovery:discover_packages(ignore) discover
[0.280s] Level 1:colcon.colcon_core.package_discovery:discover_packages(ignore) using defaults
[0.280s] Level 1:colcon.colcon_core.package_discovery:discover_packages(path) discover
[0.280s] Level 1:colcon.colcon_core.package_discovery:discover_packages(path) using defaults
[0.306s] Level 1:colcon.colcon_core.package_discovery:discover_packages(prefix_path) check parameters
[0.306s] Level 1:colcon.colcon_core.package_discovery:discover_packages(prefix_path) discover
[0.308s] WARNING:colcon.colcon_ros.prefix_path.ament:The path '/home/eia/ros2_ws/install/scara_moveit_config' in the environment variable AMENT_PREFIX_PATH doesn't exist
[0.308s] WARNING:colcon.colcon_ros.prefix_path.ament:The path '/home/eia/ros2_ws/install/panda_moveit_config' in the environment variable AMENT_PREFIX_PATH doesn't exist
[0.308s] WARNING:colcon.colcon_ros.prefix_path.ament:The path '/home/eia/ros2_ws/install/nexos_ros2' in the environment variable AMENT_PREFIX_PATH doesn't exist
[0.308s] WARNING:colcon.colcon_ros.prefix_path.ament:The path '/home/eia/ros2_ws/install/nexos_aplication' in the environment variable AMENT_PREFIX_PATH doesn't exist
[0.308s] WARNING:colcon.colcon_ros.prefix_path.ament:The path '/home/eia/ros2_ws/install/SCARA_EIA_Tesis_description' in the environment variable AMENT_PREFIX_PATH doesn't exist
[0.309s] WARNING:colcon.colcon_ros.prefix_path.catkin:The path '/home/eia/ros2_ws/install/scara_moveit_config' in the environment variable CMAKE_PREFIX_PATH doesn't exist
[0.309s] WARNING:colcon.colcon_ros.prefix_path.catkin:The path '/home/eia/ros2_ws/install/panda_moveit_config' in the environment variable CMAKE_PREFIX_PATH doesn't exist
[0.309s] WARNING:colcon.colcon_ros.prefix_path.catkin:The path '/home/eia/ros2_ws/install/nexos_aplication' in the environment variable CMAKE_PREFIX_PATH doesn't exist
[0.309s] DEBUG:colcon.colcon_installed_package_information.package_discovery:Found 0 installed packages in /home/eia/ros2_ws/install
[0.311s] DEBUG:colcon.colcon_installed_package_information.package_discovery:Found 56 installed packages in /home/eia/ws_moveit/install
[0.313s] DEBUG:colcon.colcon_installed_package_information.package_discovery:Found 324 installed packages in /opt/ros/humble
[0.314s] Level 1:colcon.colcon_core.package_discovery:discover_packages(prefix_path) using defaults
[0.358s] Level 5:colcon.colcon_core.verb:set package 'SCARA_EIA_Tesis_description' build argument 'cmake_args' from command line to 'None'
[0.358s] Level 5:colcon.colcon_core.verb:set package 'SCARA_EIA_Tesis_description' build argument 'cmake_target' from command line to 'None'
[0.358s] Level 5:colcon.colcon_core.verb:set package 'SCARA_EIA_Tesis_description' build argument 'cmake_target_skip_unavailable' from command line to 'False'
[0.358s] Level 5:colcon.colcon_core.verb:set package 'SCARA_EIA_Tesis_description' build argument 'cmake_clean_cache' from command line to 'False'
[0.359s] Level 5:colcon.colcon_core.verb:set package 'SCARA_EIA_Tesis_description' build argument 'cmake_clean_first' from command line to 'False'
[0.359s] Level 5:colcon.colcon_core.verb:set package 'SCARA_EIA_Tesis_description' build argument 'cmake_force_configure' from command line to 'False'
[0.359s] Level 5:colcon.colcon_core.verb:set package 'SCARA_EIA_Tesis_description' build argument 'ament_cmake_args' from command line to 'None'
[0.359s] Level 5:colcon.colcon_core.verb:set package 'SCARA_EIA_Tesis_description' build argument 'catkin_cmake_args' from command line to 'None'
[0.359s] Level 5:colcon.colcon_core.verb:set package 'SCARA_EIA_Tesis_description' build argument 'catkin_skip_building_tests' from command line to 'False'
[0.359s] DEBUG:colcon.colcon_core.verb:Building package 'SCARA_EIA_Tesis_description' with the following arguments: {'ament_cmake_args': None, 'build_base': '/home/eia/ros2_ws/build/SCARA_EIA_Tesis_description', 'catkin_cmake_args': None, 'catkin_skip_building_tests': False, 'cmake_args': None, 'cmake_clean_cache': False, 'cmake_clean_first': False, 'cmake_force_configure': False, 'cmake_target': None, 'cmake_target_skip_unavailable': False, 'install_base': '/home/eia/ros2_ws/install/SCARA_EIA_Tesis_description', 'merge_install': False, 'path': '/home/eia/ros2_ws/src/SCARA_EIA_Tesis_description', 'symlink_install': False, 'test_result_base': None}
[0.359s] Level 5:colcon.colcon_core.verb:set package 'nexos_aplication' build argument 'cmake_args' from command line to 'None'
[0.359s] Level 5:colcon.colcon_core.verb:set package 'nexos_aplication' build argument 'cmake_target' from command line to 'None'
[0.359s] Level 5:colcon.colcon_core.verb:set package 'nexos_aplication' build argument 'cmake_target_skip_unavailable' from command line to 'False'
[0.359s] Level 5:colcon.colcon_core.verb:set package 'nexos_aplication' build argument 'cmake_clean_cache' from command line to 'False'
[0.359s] Level 5:colcon.colcon_core.verb:set package 'nexos_aplication' build argument 'cmake_clean_first' from command line to 'False'
[0.359s] Level 5:colcon.colcon_core.verb:set package 'nexos_aplication' build argument 'cmake_force_configure' from command line to 'False'
[0.359s] Level 5:colcon.colcon_core.verb:set package 'nexos_aplication' build argument 'ament_cmake_args' from command line to 'None'
[0.359s] Level 5:colcon.colcon_core.verb:set package 'nexos_aplication' build argument 'catkin_cmake_args' from command line to 'None'
[0.359s] Level 5:colcon.colcon_core.verb:set package 'nexos_aplication' build argument 'catkin_skip_building_tests' from command line to 'False'
[0.359s] DEBUG:colcon.colcon_core.verb:Building package 'nexos_aplication' with the following arguments: {'ament_cmake_args': None, 'build_base': '/home/eia/ros2_ws/build/nexos_aplication', 'catkin_cmake_args': None, 'catkin_skip_building_tests': False, 'cmake_args': None, 'cmake_clean_cache': False, 'cmake_clean_first': False, 'cmake_force_configure': False, 'cmake_target': None, 'cmake_target_skip_unavailable': False, 'install_base': '/home/eia/ros2_ws/install/nexos_aplication', 'merge_install': False, 'path': '/home/eia/ros2_ws/src/nexos_aplication', 'symlink_install': False, 'test_result_base': None}
[0.360s] Level 5:colcon.colcon_core.verb:set package 'nexos_ros2' build argument 'cmake_args' from command line to 'None'
[0.360s] Level 5:colcon.colcon_core.verb:set package 'nexos_ros2' build argument 'cmake_target' from command line to 'None'
[0.360s] Level 5:colcon.colcon_core.verb:set package 'nexos_ros2' build argument 'cmake_target_skip_unavailable' from command line to 'False'
[0.360s] Level 5:colcon.colcon_core.verb:set package 'nexos_ros2' build argument 'cmake_clean_cache' from command line to 'False'
[0.360s] Level 5:colcon.colcon_core.verb:set package 'nexos_ros2' build argument 'cmake_clean_first' from command line to 'False'
[0.360s] Level 5:colcon.colcon_core.verb:set package 'nexos_ros2' build argument 'cmake_force_configure' from command line to 'False'
[0.360s] Level 5:colcon.colcon_core.verb:set package 'nexos_ros2' build argument 'ament_cmake_args' from command line to 'None'
[0.360s] Level 5:colcon.colcon_core.verb:set package 'nexos_ros2' build argument 'catkin_cmake_args' from command line to 'None'
[0.360s] Level 5:colcon.colcon_core.verb:set package 'nexos_ros2' build argument 'catkin_skip_building_tests' from command line to 'False'
[0.360s] DEBUG:colcon.colcon_core.verb:Building package 'nexos_ros2' with the following arguments: {'ament_cmake_args': None, 'build_base': '/home/eia/ros2_ws/build/nexos_ros2', 'catkin_cmake_args': None, 'catkin_skip_building_tests': False, 'cmake_args': None, 'cmake_clean_cache': False, 'cmake_clean_first': False, 'cmake_force_configure': False, 'cmake_target': None, 'cmake_target_skip_unavailable': False, 'install_base': '/home/eia/ros2_ws/install/nexos_ros2', 'merge_install': False, 'path': '/home/eia/ros2_ws/src/nexos_ros2', 'symlink_install': False, 'test_result_base': None}
[0.360s] Level 5:colcon.colcon_core.verb:set package 'panda_moveit_config' build argument 'cmake_args' from command line to 'None'
[0.360s] Level 5:colcon.colcon_core.verb:set package 'panda_moveit_config' build argument 'cmake_target' from command line to 'None'
[0.360s] Level 5:colcon.colcon_core.verb:set package 'panda_moveit_config' build argument 'cmake_target_skip_unavailable' from command line to 'False'
[0.360s] Level 5:colcon.colcon_core.verb:set package 'panda_moveit_config' build argument 'cmake_clean_cache' from command line to 'False'
[0.360s] Level 5:colcon.colcon_core.verb:set package 'panda_moveit_config' build argument 'cmake_clean_first' from command line to 'False'
[0.360s] Level 5:colcon.colcon_core.verb:set package 'panda_moveit_config' build argument 'cmake_force_configure' from command line to 'False'
[0.360s] Level 5:colcon.colcon_core.verb:set package 'panda_moveit_config' build argument 'ament_cmake_args' from command line to 'None'
[0.360s] Level 5:colcon.colcon_core.verb:set package 'panda_moveit_config' build argument 'catkin_cmake_args' from command line to 'None'
[0.360s] Level 5:colcon.colcon_core.verb:set package 'panda_moveit_config' build argument 'catkin_skip_building_tests' from command line to 'False'
[0.360s] DEBUG:colcon.colcon_core.verb:Building package 'panda_moveit_config' with the following arguments: {'ament_cmake_args': None, 'build_base': '/home/eia/ros2_ws/build/panda_moveit_config', 'catkin_cmake_args': None, 'catkin_skip_building_tests': False, 'cmake_args': None, 'cmake_clean_cache': False, 'cmake_clean_first': False, 'cmake_force_configure': False, 'cmake_target': None, 'cmake_target_skip_unavailable': False, 'install_base': '/home/eia/ros2_ws/install/panda_moveit_config', 'merge_install': False, 'path': '/home/eia/ros2_ws/src/panda_moveit_config', 'symlink_install': False, 'test_result_base': None}
[0.361s] Level 5:colcon.colcon_core.verb:set package 'scara_moveit_config' build argument 'cmake_args' from command line to 'None'
[0.361s] Level 5:colcon.colcon_core.verb:set package 'scara_moveit_config' build argument 'cmake_target' from command line to 'None'
[0.361s] Level 5:colcon.colcon_core.verb:set package 'scara_moveit_config' build argument 'cmake_target_skip_unavailable' from command line to 'False'
[0.361s] Level 5:colcon.colcon_core.verb:set package 'scara_moveit_config' build argument 'cmake_clean_cache' from command line to 'False'
[0.361s] Level 5:colcon.colcon_core.verb:set package 'scara_moveit_config' build argument 'cmake_clean_first' from command line to 'False'
[0.361s] Level 5:colcon.colcon_core.verb:set package 'scara_moveit_config' build argument 'cmake_force_configure' from command line to 'False'
[0.361s] Level 5:colcon.colcon_core.verb:set package 'scara_moveit_config' build argument 'ament_cmake_args' from command line to 'None'
[0.361s] Level 5:colcon.colcon_core.verb:set package 'scara_moveit_config' build argument 'catkin_cmake_args' from command line to 'None'
[0.361s] Level 5:colcon.colcon_core.verb:set package 'scara_moveit_config' build argument 'catkin_skip_building_tests' from command line to 'False'
[0.361s] DEBUG:colcon.colcon_core.verb:Building package 'scara_moveit_config' with the following arguments: {'ament_cmake_args': None, 'build_base': '/home/eia/ros2_ws/build/scara_moveit_config', 'catkin_cmake_args': None, 'catkin_skip_building_tests': False, 'cmake_args': None, 'cmake_clean_cache': False, 'cmake_clean_first': False, 'cmake_force_configure': False, 'cmake_target': None, 'cmake_target_skip_unavailable': False, 'install_base': '/home/eia/ros2_ws/install/scara_moveit_config', 'merge_install': False, 'path': '/home/eia/ros2_ws/src/scara_moveit_config', 'symlink_install': False, 'test_result_base': None}
[0.361s] INFO:colcon.colcon_core.executor:Executing jobs using 'parallel' executor
[0.362s] DEBUG:colcon.colcon_parallel_executor.executor.parallel:run_until_complete
[0.362s] INFO:colcon.colcon_ros.task.ament_python.build:Building ROS package in '/home/eia/ros2_ws/src/SCARA_EIA_Tesis_description' with build type 'ament_python'
[0.362s] Level 1:colcon.colcon_core.shell:create_environment_hook('SCARA_EIA_Tesis_description', 'ament_prefix_path')
[0.364s] INFO:colcon.colcon_core.plugin_system:Skipping extension 'colcon_core.shell.bat': Not used on non-Windows systems
[0.364s] INFO:colcon.colcon_core.shell:Creating environment hook '/home/eia/ros2_ws/install/SCARA_EIA_Tesis_description/share/SCARA_EIA_Tesis_description/hook/ament_prefix_path.ps1'
[0.365s] INFO:colcon.colcon_core.shell:Creating environment descriptor '/home/eia/ros2_ws/install/SCARA_EIA_Tesis_description/share/SCARA_EIA_Tesis_description/hook/ament_prefix_path.dsv'
[0.365s] INFO:colcon.colcon_core.shell:Creating environment hook '/home/eia/ros2_ws/install/SCARA_EIA_Tesis_description/share/SCARA_EIA_Tesis_description/hook/ament_prefix_path.sh'
[0.366s] INFO:colcon.colcon_core.shell:Skip shell extension 'powershell' for command environment: Not usable outside of PowerShell
[0.366s] DEBUG:colcon.colcon_core.shell:Skip shell extension 'dsv' for command environment
[0.372s] INFO:colcon.colcon_ros.task.ament_cmake.build:Building ROS package in '/home/eia/ros2_ws/src/nexos_aplication' with build type 'ament_cmake'
[0.372s] INFO:colcon.colcon_cmake.task.cmake.build:Building CMake package in '/home/eia/ros2_ws/src/nexos_aplication'
[0.372s] INFO:colcon.colcon_core.shell:Skip shell extension 'powershell' for command environment: Not usable outside of PowerShell
[0.372s] DEBUG:colcon.colcon_core.shell:Skip shell extension 'dsv' for command environment
[0.379s] INFO:colcon.colcon_ros.task.ament_python.build:Building ROS package in '/home/eia/ros2_ws/src/nexos_ros2' with build type 'ament_python'
[0.379s] Level 1:colcon.colcon_core.shell:create_environment_hook('nexos_ros2', 'ament_prefix_path')
[0.379s] INFO:colcon.colcon_core.shell:Creating environment hook '/home/eia/ros2_ws/install/nexos_ros2/share/nexos_ros2/hook/ament_prefix_path.ps1'
[0.379s] INFO:colcon.colcon_core.shell:Creating environment descriptor '/home/eia/ros2_ws/install/nexos_ros2/share/nexos_ros2/hook/ament_prefix_path.dsv'
[0.380s] INFO:colcon.colcon_core.shell:Creating environment hook '/home/eia/ros2_ws/install/nexos_ros2/share/nexos_ros2/hook/ament_prefix_path.sh'
[0.380s] INFO:colcon.colcon_core.shell:Skip shell extension 'powershell' for command environment: Not usable outside of PowerShell
[0.380s] DEBUG:colcon.colcon_core.shell:Skip shell extension 'dsv' for command environment
[0.386s] INFO:colcon.colcon_ros.task.ament_cmake.build:Building ROS package in '/home/eia/ros2_ws/src/panda_moveit_config' with build type 'ament_cmake'
[0.386s] INFO:colcon.colcon_cmake.task.cmake.build:Building CMake package in '/home/eia/ros2_ws/src/panda_moveit_config'
[0.386s] INFO:colcon.colcon_core.shell:Skip shell extension 'powershell' for command environment: Not usable outside of PowerShell
[0.386s] DEBUG:colcon.colcon_core.shell:Skip shell extension 'dsv' for command environment
[0.613s] INFO:colcon.colcon_core.task.python.build:Building Python package in '/home/eia/ros2_ws/src/SCARA_EIA_Tesis_description'
[0.613s] INFO:colcon.colcon_core.shell:Skip shell extension 'powershell' for command environment: Not usable outside of PowerShell
[0.614s] DEBUG:colcon.colcon_core.shell:Skip shell extension 'dsv' for command environment
[0.622s] DEBUG:colcon.colcon_core.event_handler.log_command:Invoking command in '/home/eia/ros2_ws/build/nexos_aplication': CMAKE_PREFIX_PATH=${CMAKE_PREFIX_PATH}:/home/eia/ws_moveit/install/moveit_configs_utils:/home/eia/ws_moveit/install/launch_param_builder:/home/eia/ros2_ws/install/nexos_ros2:/home/eia/ros2_ws/install/SCARA_EIA_Tesis_description:/opt/ros/humble /usr/bin/cmake /home/eia/ros2_ws/src/nexos_aplication -DCMAKE_INSTALL_PREFIX=/home/eia/ros2_ws/install/nexos_aplication
[0.854s] INFO:colcon.colcon_core.task.python.build:Building Python package in '/home/eia/ros2_ws/src/nexos_ros2'
[0.854s] INFO:colcon.colcon_core.shell:Skip shell extension 'powershell' for command environment: Not usable outside of PowerShell
[0.854s] DEBUG:colcon.colcon_core.shell:Skip shell extension 'dsv' for command environment
[0.865s] DEBUG:colcon.colcon_core.event_handler.log_command:Invoking command in '/home/eia/ros2_ws/build/panda_moveit_config': CMAKE_PREFIX_PATH=${CMAKE_PREFIX_PATH}:/home/eia/ws_moveit/install/moveit_configs_utils:/home/eia/ws_moveit/install/launch_param_builder:/home/eia/ros2_ws/install/nexos_ros2:/home/eia/ros2_ws/install/SCARA_EIA_Tesis_description:/opt/ros/humble /usr/bin/cmake /home/eia/ros2_ws/src/panda_moveit_config -DCMAKE_INSTALL_PREFIX=/home/eia/ros2_ws/install/panda_moveit_config
[1.240s] DEBUG:colcon.colcon_core.event_handler.log_command:Invoking command in '/home/eia/ros2_ws/src/SCARA_EIA_Tesis_description': PYTHONPATH=/home/eia/ros2_ws/build/SCARA_EIA_Tesis_description/prefix_override:/usr/lib/python3/dist-packages/colcon_core/task/python/colcon_distutils_commands:/home/eia/ros2_ws/install/SCARA_EIA_Tesis_description/lib/python3.10/site-packages:${PYTHONPATH} /usr/bin/python3 -W ignore:setup.py install is deprecated setup.py egg_info --egg-base ../../build/SCARA_EIA_Tesis_description build --build-base /home/eia/ros2_ws/build/SCARA_EIA_Tesis_description/build install --record /home/eia/ros2_ws/build/SCARA_EIA_Tesis_description/install.log --install-scripts $base/lib/SCARA_EIA_Tesis_description --single-version-externally-managed install_data
[1.247s] DEBUG:colcon.colcon_core.event_handler.log_command:Invoking command in '/home/eia/ros2_ws/src/nexos_ros2': PYTHONPATH=/home/eia/ros2_ws/build/nexos_ros2/prefix_override:/usr/lib/python3/dist-packages/colcon_core/task/python/colcon_distutils_commands:/home/eia/ros2_ws/install/nexos_ros2/lib/python3.10/site-packages:${PYTHONPATH} /usr/bin/python3 -W ignore:setup.py install is deprecated setup.py egg_info --egg-base ../../build/nexos_ros2 build --build-base /home/eia/ros2_ws/build/nexos_ros2/build install --record /home/eia/ros2_ws/build/nexos_ros2/install.log --single-version-externally-managed install_data
[1.566s] DEBUG:colcon.colcon_core.event_handler.log_command:Invoked command in '/home/eia/ros2_ws/src/SCARA_EIA_Tesis_description' returned '0': PYTHONPATH=/home/eia/ros2_ws/build/SCARA_EIA_Tesis_description/prefix_override:/usr/lib/python3/dist-packages/colcon_core/task/python/colcon_distutils_commands:/home/eia/ros2_ws/install/SCARA_EIA_Tesis_description/lib/python3.10/site-packages:${PYTHONPATH} /usr/bin/python3 -W ignore:setup.py install is deprecated setup.py egg_info --egg-base ../../build/SCARA_EIA_Tesis_description build --build-base /home/eia/ros2_ws/build/SCARA_EIA_Tesis_description/build install --record /home/eia/ros2_ws/build/SCARA_EIA_Tesis_description/install.log --install-scripts $base/lib/SCARA_EIA_Tesis_description --single-version-externally-managed install_data
[1.569s] Level 1:colcon.colcon_core.environment:checking '/home/eia/ros2_ws/install/SCARA_EIA_Tesis_description' for CMake module files
[1.569s] Level 1:colcon.colcon_core.environment:checking '/home/eia/ros2_ws/install/SCARA_EIA_Tesis_description' for CMake config files
[1.570s] Level 1:colcon.colcon_core.environment:checking '/home/eia/ros2_ws/install/SCARA_EIA_Tesis_description/lib'
[1.570s] Level 1:colcon.colcon_core.environment:checking '/home/eia/ros2_ws/install/SCARA_EIA_Tesis_description/bin'
[1.570s] Level 1:colcon.colcon_core.environment:checking '/home/eia/ros2_ws/install/SCARA_EIA_Tesis_description/lib/pkgconfig/SCARA_EIA_Tesis_description.pc'
[1.570s] Level 1:colcon.colcon_core.environment:checking '/home/eia/ros2_ws/install/SCARA_EIA_Tesis_description/lib/python3.10/site-packages'
[1.570s] Level 1:colcon.colcon_core.shell:create_environment_hook('SCARA_EIA_Tesis_description', 'pythonpath')
[1.570s] INFO:colcon.colcon_core.shell:Creating environment hook '/home/eia/ros2_ws/install/SCARA_EIA_Tesis_description/share/SCARA_EIA_Tesis_description/hook/pythonpath.ps1'
[1.571s] INFO:colcon.colcon_core.shell:Creating environment descriptor '/home/eia/ros2_ws/install/SCARA_EIA_Tesis_description/share/SCARA_EIA_Tesis_description/hook/pythonpath.dsv'
[1.571s] INFO:colcon.colcon_core.shell:Creating environment hook '/home/eia/ros2_ws/install/SCARA_EIA_Tesis_description/share/SCARA_EIA_Tesis_description/hook/pythonpath.sh'
[1.571s] Level 1:colcon.colcon_core.environment:checking '/home/eia/ros2_ws/install/SCARA_EIA_Tesis_description/bin'
[1.572s] Level 1:colcon.colcon_core.environment:create_environment_scripts_only(SCARA_EIA_Tesis_description)
[1.572s] INFO:colcon.colcon_core.shell:Creating package script '/home/eia/ros2_ws/install/SCARA_EIA_Tesis_description/share/SCARA_EIA_Tesis_description/package.ps1'
[1.573s] INFO:colcon.colcon_core.shell:Creating package descriptor '/home/eia/ros2_ws/install/SCARA_EIA_Tesis_description/share/SCARA_EIA_Tesis_description/package.dsv'
[1.573s] INFO:colcon.colcon_core.shell:Creating package script '/home/eia/ros2_ws/install/SCARA_EIA_Tesis_description/share/SCARA_EIA_Tesis_description/package.sh'
[1.574s] INFO:colcon.colcon_core.shell:Creating package script '/home/eia/ros2_ws/install/SCARA_EIA_Tesis_description/share/SCARA_EIA_Tesis_description/package.bash'
[1.574s] INFO:colcon.colcon_core.shell:Creating package script '/home/eia/ros2_ws/install/SCARA_EIA_Tesis_description/share/SCARA_EIA_Tesis_description/package.zsh'
[1.575s] Level 1:colcon.colcon_core.environment:create_file_with_runtime_dependencies(/home/eia/ros2_ws/install/SCARA_EIA_Tesis_description/share/colcon-core/packages/SCARA_EIA_Tesis_description)
[1.575s] INFO:colcon.colcon_ros.task.ament_cmake.build:Building ROS package in '/home/eia/ros2_ws/src/scara_moveit_config' with build type 'ament_cmake'
[1.575s] INFO:colcon.colcon_cmake.task.cmake.build:Building CMake package in '/home/eia/ros2_ws/src/scara_moveit_config'
[1.576s] INFO:colcon.colcon_core.shell:Skip shell extension 'powershell' for command environment: Not usable outside of PowerShell
[1.576s] DEBUG:colcon.colcon_core.shell:Skip shell extension 'dsv' for command environment
[1.584s] Level 1:colcon.colcon_core.environment:checking '/home/eia/ros2_ws/install/nexos_ros2' for CMake module files
[1.585s] DEBUG:colcon.colcon_core.event_handler.log_command:Invoked command in '/home/eia/ros2_ws/src/nexos_ros2' returned '0': PYTHONPATH=/home/eia/ros2_ws/build/nexos_ros2/prefix_override:/usr/lib/python3/dist-packages/colcon_core/task/python/colcon_distutils_commands:/home/eia/ros2_ws/install/nexos_ros2/lib/python3.10/site-packages:${PYTHONPATH} /usr/bin/python3 -W ignore:setup.py install is deprecated setup.py egg_info --egg-base ../../build/nexos_ros2 build --build-base /home/eia/ros2_ws/build/nexos_ros2/build install --record /home/eia/ros2_ws/build/nexos_ros2/install.log --single-version-externally-managed install_data
[1.585s] Level 1:colcon.colcon_core.environment:checking '/home/eia/ros2_ws/install/nexos_ros2' for CMake config files
[1.586s] Level 1:colcon.colcon_core.environment:checking '/home/eia/ros2_ws/install/nexos_ros2/lib'
[1.586s] Level 1:colcon.colcon_core.environment:checking '/home/eia/ros2_ws/install/nexos_ros2/bin'
[1.586s] Level 1:colcon.colcon_core.environment:checking '/home/eia/ros2_ws/install/nexos_ros2/lib/pkgconfig/nexos_ros2.pc'
[1.586s] Level 1:colcon.colcon_core.environment:checking '/home/eia/ros2_ws/install/nexos_ros2/lib/python3.10/site-packages'
[1.586s] Level 1:colcon.colcon_core.shell:create_environment_hook('nexos_ros2', 'pythonpath')
[1.586s] INFO:colcon.colcon_core.shell:Creating environment hook '/home/eia/ros2_ws/install/nexos_ros2/share/nexos_ros2/hook/pythonpath.ps1'
[1.587s] INFO:colcon.colcon_core.shell:Creating environment descriptor '/home/eia/ros2_ws/install/nexos_ros2/share/nexos_ros2/hook/pythonpath.dsv'
[1.587s] INFO:colcon.colcon_core.shell:Creating environment hook '/home/eia/ros2_ws/install/nexos_ros2/share/nexos_ros2/hook/pythonpath.sh'
[1.587s] Level 1:colcon.colcon_core.environment:checking '/home/eia/ros2_ws/install/nexos_ros2/bin'
[1.587s] Level 1:colcon.colcon_core.environment:create_environment_scripts_only(nexos_ros2)
[1.588s] INFO:colcon.colcon_core.shell:Creating package script '/home/eia/ros2_ws/install/nexos_ros2/share/nexos_ros2/package.ps1'
[1.588s] INFO:colcon.colcon_core.shell:Creating package descriptor '/home/eia/ros2_ws/install/nexos_ros2/share/nexos_ros2/package.dsv'
[1.589s] INFO:colcon.colcon_core.shell:Creating package script '/home/eia/ros2_ws/install/nexos_ros2/share/nexos_ros2/package.sh'
[1.589s] INFO:colcon.colcon_core.shell:Creating package script '/home/eia/ros2_ws/install/nexos_ros2/share/nexos_ros2/package.bash'
[1.589s] INFO:colcon.colcon_core.shell:Creating package script '/home/eia/ros2_ws/install/nexos_ros2/share/nexos_ros2/package.zsh'
[1.589s] Level 1:colcon.colcon_core.environment:create_file_with_runtime_dependencies(/home/eia/ros2_ws/install/nexos_ros2/share/colcon-core/packages/nexos_ros2)
[1.593s] DEBUG:colcon.colcon_core.event_handler.log_command:Invoking command in '/home/eia/ros2_ws/build/scara_moveit_config': AMENT_PREFIX_PATH=/home/eia/ros2_ws/install/SCARA_EIA_Tesis_description:/home/eia/ws_moveit/install/pilz_industrial_motion_planner_testutils:/home/eia/ws_moveit/install/panda_config:/home/eia/ws_moveit/install/moveit_runtime:/home/eia/ws_moveit/install/moveit2_tutorials:/home/eia/ws_moveit/install/moveit:/home/eia/ws_moveit/install/moveit_planners:/home/eia/ws_moveit/install/pilz_industrial_motion_planner:/home/eia/ws_moveit/install/moveit_visual_tools:/home/eia/ws_moveit/install/moveit_task_constructor_visualization:/home/eia/ws_moveit/install/moveit_task_constructor_demo:/home/eia/ws_moveit/install/moveit_task_constructor_capabilities:/home/eia/ws_moveit/install/moveit_task_constructor_core:/home/eia/ws_moveit/install/moveit_ros_control_interface:/home/eia/ws_moveit/install/moveit_plugins:/home/eia/ws_moveit/install/moveit_simple_controller_manager:/home/eia/ws_moveit/install/moveit_setup_assistant:/home/eia/ws_moveit/install/moveit_setup_srdf_plugins:/home/eia/ws_moveit/install/moveit_setup_core_plugins:/home/eia/ws_moveit/install/moveit_setup_controllers:/home/eia/ws_moveit/install/moveit_setup_app_plugins:/home/eia/ws_moveit/install/moveit_setup_framework:/home/eia/ws_moveit/install/moveit_servo:/home/eia/ws_moveit/install/moveit_ros:/home/eia/ws_moveit/install/moveit_ros_visualization:/home/eia/ws_moveit/install/moveit_hybrid_planning:/home/eia/ws_moveit/install/moveit_ros_planning_interface:/home/eia/ws_moveit/install/moveit_ros_benchmarks:/home/eia/ws_moveit/install/moveit_ros_warehouse:/home/eia/ws_moveit/install/moveit_ros_robot_interaction:/home/eia/ws_moveit/install/moveit_ros_perception:/home/eia/ws_moveit/install/moveit_resources_prbt_pg70_support:/home/eia/ws_moveit/install/moveit_resources_prbt_moveit_config:/home/eia/ws_moveit/install/moveit_ros_move_group:/home/eia/ws_moveit/install/moveit_planners_ompl:/home/eia/ws_moveit/install/moveit_ros_planning:/home/eia/ws_moveit/install/moveit_ros_occupancy_map_monitor:/home/eia/ws_moveit/install/moveit_resources_prbt_ikfast_manipulator_plugin:/home/eia/ws_moveit/install/moveit_planners_chomp:/home/eia/ws_moveit/install/moveit_kinematics:/home/eia/ws_moveit/install/moveit_chomp_optimizer_adapter:/home/eia/ws_moveit/install/chomp_motion_planner:/home/eia/ws_moveit/install/moveit_core:/home/eia/ws_moveit/install/moveit_configs_utils:/home/eia/ws_moveit/install/srdfdom:/home/eia/ws_moveit/install/rviz_marker_tools:/home/eia/ws_moveit/install/rosparam_shortcuts:/home/eia/ws_moveit/install/moveit_task_constructor_msgs:/home/eia/ws_moveit/install/moveit_resources_prbt_support:/home/eia/ws_moveit/install/moveit_resources:/home/eia/ws_moveit/install/moveit_resources_pr2_description:/home/eia/ws_moveit/install/moveit_resources_panda_moveit_config:/home/eia/ws_moveit/install/moveit_resources_panda_description:/home/eia/ws_moveit/install/moveit_resources_fanuc_moveit_config:/home/eia/ws_moveit/install/moveit_resources_fanuc_description:/home/eia/ws_moveit/install/moveit_common:/home/eia/ws_moveit/install/launch_param_builder:/home/eia/ros2_ws/install/scara_moveit_config:/home/eia/ros2_ws/install/panda_moveit_config:/home/eia/ros2_ws/install/nexos_ros2:/home/eia/ros2_ws/install/nexos_aplication:/opt/ros/humble CMAKE_PREFIX_PATH=${CMAKE_PREFIX_PATH}:/home/eia/ws_moveit/install/moveit_configs_utils:/home/eia/ws_moveit/install/launch_param_builder:/home/eia/ros2_ws/install/nexos_ros2:/home/eia/ros2_ws/install/SCARA_EIA_Tesis_description:/opt/ros/humble PYTHONPATH=/home/eia/ros2_ws/install/SCARA_EIA_Tesis_description/lib/python3.10/site-packages:/home/eia/ws_moveit/install/moveit_task_constructor_core/local/lib/python3.10/dist-packages:/home/eia/ws_moveit/install/moveit_configs_utils/lib/python3.10/site-packages:/home/eia/ws_moveit/install/srdfdom/local/lib/python3.10/dist-packages:/home/eia/ws_moveit/install/moveit_task_constructor_msgs/local/lib/python3.10/dist-packages:/home/eia/ws_moveit/install/launch_param_builder/lib/python3.10/site-packages:/home/eia/ros2_ws/install/nexos_ros2/lib/python3.10/site-packages:/opt/ros/humble/lib/python3.10/site-packages:/opt/ros/humble/local/lib/python3.10/dist-packages /usr/bin/cmake /home/eia/ros2_ws/src/scara_moveit_config -DCMAKE_INSTALL_PREFIX=/home/eia/ros2_ws/install/scara_moveit_config
[1.695s] DEBUG:colcon.colcon_core.event_handler.log_command:Invoked command in '/home/eia/ros2_ws/build/panda_moveit_config' returned '0': CMAKE_PREFIX_PATH=${CMAKE_PREFIX_PATH}:/home/eia/ws_moveit/install/moveit_configs_utils:/home/eia/ws_moveit/install/launch_param_builder:/home/eia/ros2_ws/install/nexos_ros2:/home/eia/ros2_ws/install/SCARA_EIA_Tesis_description:/opt/ros/humble /usr/bin/cmake /home/eia/ros2_ws/src/panda_moveit_config -DCMAKE_INSTALL_PREFIX=/home/eia/ros2_ws/install/panda_moveit_config
[1.696s] DEBUG:colcon.colcon_core.event_handler.log_command:Invoking command in '/home/eia/ros2_ws/build/panda_moveit_config': CMAKE_PREFIX_PATH=${CMAKE_PREFIX_PATH}:/home/eia/ws_moveit/install/moveit_configs_utils:/home/eia/ws_moveit/install/launch_param_builder:/home/eia/ros2_ws/install/nexos_ros2:/home/eia/ros2_ws/install/SCARA_EIA_Tesis_description:/opt/ros/humble /usr/bin/cmake --build /home/eia/ros2_ws/build/panda_moveit_config -- -j12 -l12
[1.751s] DEBUG:colcon.colcon_core.event_handler.log_command:Invoked command in '/home/eia/ros2_ws/build/panda_moveit_config' returned '0': CMAKE_PREFIX_PATH=${CMAKE_PREFIX_PATH}:/home/eia/ws_moveit/install/moveit_configs_utils:/home/eia/ws_moveit/install/launch_param_builder:/home/eia/ros2_ws/install/nexos_ros2:/home/eia/ros2_ws/install/SCARA_EIA_Tesis_description:/opt/ros/humble /usr/bin/cmake --build /home/eia/ros2_ws/build/panda_moveit_config -- -j12 -l12
[1.802s] DEBUG:colcon.colcon_core.event_handler.log_command:Invoking command in '/home/eia/ros2_ws/build/panda_moveit_config': CMAKE_PREFIX_PATH=${CMAKE_PREFIX_PATH}:/home/eia/ws_moveit/install/moveit_configs_utils:/home/eia/ws_moveit/install/launch_param_builder:/home/eia/ros2_ws/install/nexos_ros2:/home/eia/ros2_ws/install/SCARA_EIA_Tesis_description:/opt/ros/humble /usr/bin/cmake --install /home/eia/ros2_ws/build/panda_moveit_config
[1.818s] Level 1:colcon.colcon_core.environment:create_environment_scripts_only(panda_moveit_config)
[1.819s] Level 1:colcon.colcon_core.environment:checking '/home/eia/ros2_ws/install/panda_moveit_config' for CMake module files
[1.820s] DEBUG:colcon.colcon_core.event_handler.log_command:Invoked command in '/home/eia/ros2_ws/build/panda_moveit_config' returned '0': CMAKE_PREFIX_PATH=${CMAKE_PREFIX_PATH}:/home/eia/ws_moveit/install/moveit_configs_utils:/home/eia/ws_moveit/install/launch_param_builder:/home/eia/ros2_ws/install/nexos_ros2:/home/eia/ros2_ws/install/SCARA_EIA_Tesis_description:/opt/ros/humble /usr/bin/cmake --install /home/eia/ros2_ws/build/panda_moveit_config
[1.820s] Level 1:colcon.colcon_core.environment:checking '/home/eia/ros2_ws/install/panda_moveit_config' for CMake config files
[1.821s] Level 1:colcon.colcon_core.shell:create_environment_hook('panda_moveit_config', 'cmake_prefix_path')
[1.821s] INFO:colcon.colcon_core.shell:Creating environment hook '/home/eia/ros2_ws/install/panda_moveit_config/share/panda_moveit_config/hook/cmake_prefix_path.ps1'
[1.821s] INFO:colcon.colcon_core.shell:Creating environment descriptor '/home/eia/ros2_ws/install/panda_moveit_config/share/panda_moveit_config/hook/cmake_prefix_path.dsv'
[1.822s] INFO:colcon.colcon_core.shell:Creating environment hook '/home/eia/ros2_ws/install/panda_moveit_config/share/panda_moveit_config/hook/cmake_prefix_path.sh'
[1.823s] Level 1:colcon.colcon_core.environment:checking '/home/eia/ros2_ws/install/panda_moveit_config/bin'
[1.823s] Level 1:colcon.colcon_core.environment:checking '/home/eia/ros2_ws/install/panda_moveit_config/lib/pkgconfig/panda_moveit_config.pc'
[1.823s] Level 1:colcon.colcon_core.environment:checking '/home/eia/ros2_ws/install/panda_moveit_config/lib/python3.10/site-packages'
[1.823s] Level 1:colcon.colcon_core.environment:checking '/home/eia/ros2_ws/install/panda_moveit_config/bin'
[1.824s] INFO:colcon.colcon_core.shell:Creating package script '/home/eia/ros2_ws/install/panda_moveit_config/share/panda_moveit_config/package.ps1'
[1.824s] INFO:colcon.colcon_core.shell:Creating package descriptor '/home/eia/ros2_ws/install/panda_moveit_config/share/panda_moveit_config/package.dsv'
[1.825s] INFO:colcon.colcon_core.shell:Creating package script '/home/eia/ros2_ws/install/panda_moveit_config/share/panda_moveit_config/package.sh'
[1.825s] INFO:colcon.colcon_core.shell:Creating package script '/home/eia/ros2_ws/install/panda_moveit_config/share/panda_moveit_config/package.bash'
[1.825s] INFO:colcon.colcon_core.shell:Creating package script '/home/eia/ros2_ws/install/panda_moveit_config/share/panda_moveit_config/package.zsh'
[1.826s] Level 1:colcon.colcon_core.environment:create_file_with_runtime_dependencies(/home/eia/ros2_ws/install/panda_moveit_config/share/colcon-core/packages/panda_moveit_config)
[1.863s] Level 1:colcon.colcon_core.environment:create_environment_scripts_only(panda_moveit_config)
[1.863s] Level 1:colcon.colcon_core.environment:checking '/home/eia/ros2_ws/install/panda_moveit_config' for CMake module files
[1.864s] Level 1:colcon.colcon_core.environment:checking '/home/eia/ros2_ws/install/panda_moveit_config' for CMake config files
[1.864s] Level 1:colcon.colcon_core.shell:create_environment_hook('panda_moveit_config', 'cmake_prefix_path')
[1.864s] INFO:colcon.colcon_core.shell:Creating environment hook '/home/eia/ros2_ws/install/panda_moveit_config/share/panda_moveit_config/hook/cmake_prefix_path.ps1'
[1.865s] INFO:colcon.colcon_core.shell:Creating environment descriptor '/home/eia/ros2_ws/install/panda_moveit_config/share/panda_moveit_config/hook/cmake_prefix_path.dsv'
[1.865s] INFO:colcon.colcon_core.shell:Creating environment hook '/home/eia/ros2_ws/install/panda_moveit_config/share/panda_moveit_config/hook/cmake_prefix_path.sh'
[1.865s] Level 1:colcon.colcon_core.environment:checking '/home/eia/ros2_ws/install/panda_moveit_config/bin'
[1.865s] Level 1:colcon.colcon_core.environment:checking '/home/eia/ros2_ws/install/panda_moveit_config/lib/pkgconfig/panda_moveit_config.pc'
[1.866s] Level 1:colcon.colcon_core.environment:checking '/home/eia/ros2_ws/install/panda_moveit_config/lib/python3.10/site-packages'
[1.866s] Level 1:colcon.colcon_core.environment:checking '/home/eia/ros2_ws/install/panda_moveit_config/bin'
[1.866s] INFO:colcon.colcon_core.shell:Creating package script '/home/eia/ros2_ws/install/panda_moveit_config/share/panda_moveit_config/package.ps1'
[1.866s] INFO:colcon.colcon_core.shell:Creating package descriptor '/home/eia/ros2_ws/install/panda_moveit_config/share/panda_moveit_config/package.dsv'
[1.867s] INFO:colcon.colcon_core.shell:Creating package script '/home/eia/ros2_ws/install/panda_moveit_config/share/panda_moveit_config/package.sh'
[1.867s] INFO:colcon.colcon_core.shell:Creating package script '/home/eia/ros2_ws/install/panda_moveit_config/share/panda_moveit_config/package.bash'
[1.867s] INFO:colcon.colcon_core.shell:Creating package script '/home/eia/ros2_ws/install/panda_moveit_config/share/panda_moveit_config/package.zsh'
[1.868s] Level 1:colcon.colcon_core.environment:create_file_with_runtime_dependencies(/home/eia/ros2_ws/install/panda_moveit_config/share/colcon-core/packages/panda_moveit_config)
[2.316s] DEBUG:colcon.colcon_core.event_handler.log_command:Invoked command in '/home/eia/ros2_ws/build/scara_moveit_config' returned '0': AMENT_PREFIX_PATH=/home/eia/ros2_ws/install/SCARA_EIA_Tesis_description:/home/eia/ws_moveit/install/pilz_industrial_motion_planner_testutils:/home/eia/ws_moveit/install/panda_config:/home/eia/ws_moveit/install/moveit_runtime:/home/eia/ws_moveit/install/moveit2_tutorials:/home/eia/ws_moveit/install/moveit:/home/eia/ws_moveit/install/moveit_planners:/home/eia/ws_moveit/install/pilz_industrial_motion_planner:/home/eia/ws_moveit/install/moveit_visual_tools:/home/eia/ws_moveit/install/moveit_task_constructor_visualization:/home/eia/ws_moveit/install/moveit_task_constructor_demo:/home/eia/ws_moveit/install/moveit_task_constructor_capabilities:/home/eia/ws_moveit/install/moveit_task_constructor_core:/home/eia/ws_moveit/install/moveit_ros_control_interface:/home/eia/ws_moveit/install/moveit_plugins:/home/eia/ws_moveit/install/moveit_simple_controller_manager:/home/eia/ws_moveit/install/moveit_setup_assistant:/home/eia/ws_moveit/install/moveit_setup_srdf_plugins:/home/eia/ws_moveit/install/moveit_setup_core_plugins:/home/eia/ws_moveit/install/moveit_setup_controllers:/home/eia/ws_moveit/install/moveit_setup_app_plugins:/home/eia/ws_moveit/install/moveit_setup_framework:/home/eia/ws_moveit/install/moveit_servo:/home/eia/ws_moveit/install/moveit_ros:/home/eia/ws_moveit/install/moveit_ros_visualization:/home/eia/ws_moveit/install/moveit_hybrid_planning:/home/eia/ws_moveit/install/moveit_ros_planning_interface:/home/eia/ws_moveit/install/moveit_ros_benchmarks:/home/eia/ws_moveit/install/moveit_ros_warehouse:/home/eia/ws_moveit/install/moveit_ros_robot_interaction:/home/eia/ws_moveit/install/moveit_ros_perception:/home/eia/ws_moveit/install/moveit_resources_prbt_pg70_support:/home/eia/ws_moveit/install/moveit_resources_prbt_moveit_config:/home/eia/ws_moveit/install/moveit_ros_move_group:/home/eia/ws_moveit/install/moveit_planners_ompl:/home/eia/ws_moveit/install/moveit_ros_planning:/home/eia/ws_moveit/install/moveit_ros_occupancy_map_monitor:/home/eia/ws_moveit/install/moveit_resources_prbt_ikfast_manipulator_plugin:/home/eia/ws_moveit/install/moveit_planners_chomp:/home/eia/ws_moveit/install/moveit_kinematics:/home/eia/ws_moveit/install/moveit_chomp_optimizer_adapter:/home/eia/ws_moveit/install/chomp_motion_planner:/home/eia/ws_moveit/install/moveit_core:/home/eia/ws_moveit/install/moveit_configs_utils:/home/eia/ws_moveit/install/srdfdom:/home/eia/ws_moveit/install/rviz_marker_tools:/home/eia/ws_moveit/install/rosparam_shortcuts:/home/eia/ws_moveit/install/moveit_task_constructor_msgs:/home/eia/ws_moveit/install/moveit_resources_prbt_support:/home/eia/ws_moveit/install/moveit_resources:/home/eia/ws_moveit/install/moveit_resources_pr2_description:/home/eia/ws_moveit/install/moveit_resources_panda_moveit_config:/home/eia/ws_moveit/install/moveit_resources_panda_description:/home/eia/ws_moveit/install/moveit_resources_fanuc_moveit_config:/home/eia/ws_moveit/install/moveit_resources_fanuc_description:/home/eia/ws_moveit/install/moveit_common:/home/eia/ws_moveit/install/launch_param_builder:/home/eia/ros2_ws/install/scara_moveit_config:/home/eia/ros2_ws/install/panda_moveit_config:/home/eia/ros2_ws/install/nexos_ros2:/home/eia/ros2_ws/install/nexos_aplication:/opt/ros/humble CMAKE_PREFIX_PATH=${CMAKE_PREFIX_PATH}:/home/eia/ws_moveit/install/moveit_configs_utils:/home/eia/ws_moveit/install/launch_param_builder:/home/eia/ros2_ws/install/nexos_ros2:/home/eia/ros2_ws/install/SCARA_EIA_Tesis_description:/opt/ros/humble PYTHONPATH=/home/eia/ros2_ws/install/SCARA_EIA_Tesis_description/lib/python3.10/site-packages:/home/eia/ws_moveit/install/moveit_task_constructor_core/local/lib/python3.10/dist-packages:/home/eia/ws_moveit/install/moveit_configs_utils/lib/python3.10/site-packages:/home/eia/ws_moveit/install/srdfdom/local/lib/python3.10/dist-packages:/home/eia/ws_moveit/install/moveit_task_constructor_msgs/local/lib/python3.10/dist-packages:/home/eia/ws_moveit/install/launch_param_builder/lib/python3.10/site-packages:/home/eia/ros2_ws/install/nexos_ros2/lib/python3.10/site-packages:/opt/ros/humble/lib/python3.10/site-packages:/opt/ros/humble/local/lib/python3.10/dist-packages /usr/bin/cmake /home/eia/ros2_ws/src/scara_moveit_config -DCMAKE_INSTALL_PREFIX=/home/eia/ros2_ws/install/scara_moveit_config
[2.317s] DEBUG:colcon.colcon_core.event_handler.log_command:Invoking command in '/home/eia/ros2_ws/build/scara_moveit_config': AMENT_PREFIX_PATH=/home/eia/ros2_ws/install/SCARA_EIA_Tesis_description:/home/eia/ws_moveit/install/pilz_industrial_motion_planner_testutils:/home/eia/ws_moveit/install/panda_config:/home/eia/ws_moveit/install/moveit_runtime:/home/eia/ws_moveit/install/moveit2_tutorials:/home/eia/ws_moveit/install/moveit:/home/eia/ws_moveit/install/moveit_planners:/home/eia/ws_moveit/install/pilz_industrial_motion_planner:/home/eia/ws_moveit/install/moveit_visual_tools:/home/eia/ws_moveit/install/moveit_task_constructor_visualization:/home/eia/ws_moveit/install/moveit_task_constructor_demo:/home/eia/ws_moveit/install/moveit_task_constructor_capabilities:/home/eia/ws_moveit/install/moveit_task_constructor_core:/home/eia/ws_moveit/install/moveit_ros_control_interface:/home/eia/ws_moveit/install/moveit_plugins:/home/eia/ws_moveit/install/moveit_simple_controller_manager:/home/eia/ws_moveit/install/moveit_setup_assistant:/home/eia/ws_moveit/install/moveit_setup_srdf_plugins:/home/eia/ws_moveit/install/moveit_setup_core_plugins:/home/eia/ws_moveit/install/moveit_setup_controllers:/home/eia/ws_moveit/install/moveit_setup_app_plugins:/home/eia/ws_moveit/install/moveit_setup_framework:/home/eia/ws_moveit/install/moveit_servo:/home/eia/ws_moveit/install/moveit_ros:/home/eia/ws_moveit/install/moveit_ros_visualization:/home/eia/ws_moveit/install/moveit_hybrid_planning:/home/eia/ws_moveit/install/moveit_ros_planning_interface:/home/eia/ws_moveit/install/moveit_ros_benchmarks:/home/eia/ws_moveit/install/moveit_ros_warehouse:/home/eia/ws_moveit/install/moveit_ros_robot_interaction:/home/eia/ws_moveit/install/moveit_ros_perception:/home/eia/ws_moveit/install/moveit_resources_prbt_pg70_support:/home/eia/ws_moveit/install/moveit_resources_prbt_moveit_config:/home/eia/ws_moveit/install/moveit_ros_move_group:/home/eia/ws_moveit/install/moveit_planners_ompl:/home/eia/ws_moveit/install/moveit_ros_planning:/home/eia/ws_moveit/install/moveit_ros_occupancy_map_monitor:/home/eia/ws_moveit/install/moveit_resources_prbt_ikfast_manipulator_plugin:/home/eia/ws_moveit/install/moveit_planners_chomp:/home/eia/ws_moveit/install/moveit_kinematics:/home/eia/ws_moveit/install/moveit_chomp_optimizer_adapter:/home/eia/ws_moveit/install/chomp_motion_planner:/home/eia/ws_moveit/install/moveit_core:/home/eia/ws_moveit/install/moveit_configs_utils:/home/eia/ws_moveit/install/srdfdom:/home/eia/ws_moveit/install/rviz_marker_tools:/home/eia/ws_moveit/install/rosparam_shortcuts:/home/eia/ws_moveit/install/moveit_task_constructor_msgs:/home/eia/ws_moveit/install/moveit_resources_prbt_support:/home/eia/ws_moveit/install/moveit_resources:/home/eia/ws_moveit/install/moveit_resources_pr2_description:/home/eia/ws_moveit/install/moveit_resources_panda_moveit_config:/home/eia/ws_moveit/install/moveit_resources_panda_description:/home/eia/ws_moveit/install/moveit_resources_fanuc_moveit_config:/home/eia/ws_moveit/install/moveit_resources_fanuc_description:/home/eia/ws_moveit/install/moveit_common:/home/eia/ws_moveit/install/launch_param_builder:/home/eia/ros2_ws/install/scara_moveit_config:/home/eia/ros2_ws/install/panda_moveit_config:/home/eia/ros2_ws/install/nexos_ros2:/home/eia/ros2_ws/install/nexos_aplication:/opt/ros/humble CMAKE_PREFIX_PATH=${CMAKE_PREFIX_PATH}:/home/eia/ws_moveit/install/moveit_configs_utils:/home/eia/ws_moveit/install/launch_param_builder:/home/eia/ros2_ws/install/nexos_ros2:/home/eia/ros2_ws/install/SCARA_EIA_Tesis_description:/opt/ros/humble PYTHONPATH=/home/eia/ros2_ws/install/SCARA_EIA_Tesis_description/lib/python3.10/site-packages:/home/eia/ws_moveit/install/moveit_task_constructor_core/local/lib/python3.10/dist-packages:/home/eia/ws_moveit/install/moveit_configs_utils/lib/python3.10/site-packages:/home/eia/ws_moveit/install/srdfdom/local/lib/python3.10/dist-packages:/home/eia/ws_moveit/install/moveit_task_constructor_msgs/local/lib/python3.10/dist-packages:/home/eia/ws_moveit/install/launch_param_builder/lib/python3.10/site-packages:/home/eia/ros2_ws/install/nexos_ros2/lib/python3.10/site-packages:/opt/ros/humble/lib/python3.10/site-packages:/opt/ros/humble/local/lib/python3.10/dist-packages /usr/bin/cmake --build /home/eia/ros2_ws/build/scara_moveit_config -- -j12 -l12
[2.366s] DEBUG:colcon.colcon_core.event_handler.log_command:Invoked command in '/home/eia/ros2_ws/build/scara_moveit_config' returned '0': AMENT_PREFIX_PATH=/home/eia/ros2_ws/install/SCARA_EIA_Tesis_description:/home/eia/ws_moveit/install/pilz_industrial_motion_planner_testutils:/home/eia/ws_moveit/install/panda_config:/home/eia/ws_moveit/install/moveit_runtime:/home/eia/ws_moveit/install/moveit2_tutorials:/home/eia/ws_moveit/install/moveit:/home/eia/ws_moveit/install/moveit_planners:/home/eia/ws_moveit/install/pilz_industrial_motion_planner:/home/eia/ws_moveit/install/moveit_visual_tools:/home/eia/ws_moveit/install/moveit_task_constructor_visualization:/home/eia/ws_moveit/install/moveit_task_constructor_demo:/home/eia/ws_moveit/install/moveit_task_constructor_capabilities:/home/eia/ws_moveit/install/moveit_task_constructor_core:/home/eia/ws_moveit/install/moveit_ros_control_interface:/home/eia/ws_moveit/install/moveit_plugins:/home/eia/ws_moveit/install/moveit_simple_controller_manager:/home/eia/ws_moveit/install/moveit_setup_assistant:/home/eia/ws_moveit/install/moveit_setup_srdf_plugins:/home/eia/ws_moveit/install/moveit_setup_core_plugins:/home/eia/ws_moveit/install/moveit_setup_controllers:/home/eia/ws_moveit/install/moveit_setup_app_plugins:/home/eia/ws_moveit/install/moveit_setup_framework:/home/eia/ws_moveit/install/moveit_servo:/home/eia/ws_moveit/install/moveit_ros:/home/eia/ws_moveit/install/moveit_ros_visualization:/home/eia/ws_moveit/install/moveit_hybrid_planning:/home/eia/ws_moveit/install/moveit_ros_planning_interface:/home/eia/ws_moveit/install/moveit_ros_benchmarks:/home/eia/ws_moveit/install/moveit_ros_warehouse:/home/eia/ws_moveit/install/moveit_ros_robot_interaction:/home/eia/ws_moveit/install/moveit_ros_perception:/home/eia/ws_moveit/install/moveit_resources_prbt_pg70_support:/home/eia/ws_moveit/install/moveit_resources_prbt_moveit_config:/home/eia/ws_moveit/install/moveit_ros_move_group:/home/eia/ws_moveit/install/moveit_planners_ompl:/home/eia/ws_moveit/install/moveit_ros_planning:/home/eia/ws_moveit/install/moveit_ros_occupancy_map_monitor:/home/eia/ws_moveit/install/moveit_resources_prbt_ikfast_manipulator_plugin:/home/eia/ws_moveit/install/moveit_planners_chomp:/home/eia/ws_moveit/install/moveit_kinematics:/home/eia/ws_moveit/install/moveit_chomp_optimizer_adapter:/home/eia/ws_moveit/install/chomp_motion_planner:/home/eia/ws_moveit/install/moveit_core:/home/eia/ws_moveit/install/moveit_configs_utils:/home/eia/ws_moveit/install/srdfdom:/home/eia/ws_moveit/install/rviz_marker_tools:/home/eia/ws_moveit/install/rosparam_shortcuts:/home/eia/ws_moveit/install/moveit_task_constructor_msgs:/home/eia/ws_moveit/install/moveit_resources_prbt_support:/home/eia/ws_moveit/install/moveit_resources:/home/eia/ws_moveit/install/moveit_resources_pr2_description:/home/eia/ws_moveit/install/moveit_resources_panda_moveit_config:/home/eia/ws_moveit/install/moveit_resources_panda_description:/home/eia/ws_moveit/install/moveit_resources_fanuc_moveit_config:/home/eia/ws_moveit/install/moveit_resources_fanuc_description:/home/eia/ws_moveit/install/moveit_common:/home/eia/ws_moveit/install/launch_param_builder:/home/eia/ros2_ws/install/scara_moveit_config:/home/eia/ros2_ws/install/panda_moveit_config:/home/eia/ros2_ws/install/nexos_ros2:/home/eia/ros2_ws/install/nexos_aplication:/opt/ros/humble CMAKE_PREFIX_PATH=${CMAKE_PREFIX_PATH}:/home/eia/ws_moveit/install/moveit_configs_utils:/home/eia/ws_moveit/install/launch_param_builder:/home/eia/ros2_ws/install/nexos_ros2:/home/eia/ros2_ws/install/SCARA_EIA_Tesis_description:/opt/ros/humble PYTHONPATH=/home/eia/ros2_ws/install/SCARA_EIA_Tesis_description/lib/python3.10/site-packages:/home/eia/ws_moveit/install/moveit_task_constructor_core/local/lib/python3.10/dist-packages:/home/eia/ws_moveit/install/moveit_configs_utils/lib/python3.10/site-packages:/home/eia/ws_moveit/install/srdfdom/local/lib/python3.10/dist-packages:/home/eia/ws_moveit/install/moveit_task_constructor_msgs/local/lib/python3.10/dist-packages:/home/eia/ws_moveit/install/launch_param_builder/lib/python3.10/site-packages:/home/eia/ros2_ws/install/nexos_ros2/lib/python3.10/site-packages:/opt/ros/humble/lib/python3.10/site-packages:/opt/ros/humble/local/lib/python3.10/dist-packages /usr/bin/cmake --build /home/eia/ros2_ws/build/scara_moveit_config -- -j12 -l12
[2.405s] DEBUG:colcon.colcon_core.event_handler.log_command:Invoking command in '/home/eia/ros2_ws/build/scara_moveit_config': AMENT_PREFIX_PATH=/home/eia/ros2_ws/install/SCARA_EIA_Tesis_description:/home/eia/ws_moveit/install/pilz_industrial_motion_planner_testutils:/home/eia/ws_moveit/install/panda_config:/home/eia/ws_moveit/install/moveit_runtime:/home/eia/ws_moveit/install/moveit2_tutorials:/home/eia/ws_moveit/install/moveit:/home/eia/ws_moveit/install/moveit_planners:/home/eia/ws_moveit/install/pilz_industrial_motion_planner:/home/eia/ws_moveit/install/moveit_visual_tools:/home/eia/ws_moveit/install/moveit_task_constructor_visualization:/home/eia/ws_moveit/install/moveit_task_constructor_demo:/home/eia/ws_moveit/install/moveit_task_constructor_capabilities:/home/eia/ws_moveit/install/moveit_task_constructor_core:/home/eia/ws_moveit/install/moveit_ros_control_interface:/home/eia/ws_moveit/install/moveit_plugins:/home/eia/ws_moveit/install/moveit_simple_controller_manager:/home/eia/ws_moveit/install/moveit_setup_assistant:/home/eia/ws_moveit/install/moveit_setup_srdf_plugins:/home/eia/ws_moveit/install/moveit_setup_core_plugins:/home/eia/ws_moveit/install/moveit_setup_controllers:/home/eia/ws_moveit/install/moveit_setup_app_plugins:/home/eia/ws_moveit/install/moveit_setup_framework:/home/eia/ws_moveit/install/moveit_servo:/home/eia/ws_moveit/install/moveit_ros:/home/eia/ws_moveit/install/moveit_ros_visualization:/home/eia/ws_moveit/install/moveit_hybrid_planning:/home/eia/ws_moveit/install/moveit_ros_planning_interface:/home/eia/ws_moveit/install/moveit_ros_benchmarks:/home/eia/ws_moveit/install/moveit_ros_warehouse:/home/eia/ws_moveit/install/moveit_ros_robot_interaction:/home/eia/ws_moveit/install/moveit_ros_perception:/home/eia/ws_moveit/install/moveit_resources_prbt_pg70_support:/home/eia/ws_moveit/install/moveit_resources_prbt_moveit_config:/home/eia/ws_moveit/install/moveit_ros_move_group:/home/eia/ws_moveit/install/moveit_planners_ompl:/home/eia/ws_moveit/install/moveit_ros_planning:/home/eia/ws_moveit/install/moveit_ros_occupancy_map_monitor:/home/eia/ws_moveit/install/moveit_resources_prbt_ikfast_manipulator_plugin:/home/eia/ws_moveit/install/moveit_planners_chomp:/home/eia/ws_moveit/install/moveit_kinematics:/home/eia/ws_moveit/install/moveit_chomp_optimizer_adapter:/home/eia/ws_moveit/install/chomp_motion_planner:/home/eia/ws_moveit/install/moveit_core:/home/eia/ws_moveit/install/moveit_configs_utils:/home/eia/ws_moveit/install/srdfdom:/home/eia/ws_moveit/install/rviz_marker_tools:/home/eia/ws_moveit/install/rosparam_shortcuts:/home/eia/ws_moveit/install/moveit_task_constructor_msgs:/home/eia/ws_moveit/install/moveit_resources_prbt_support:/home/eia/ws_moveit/install/moveit_resources:/home/eia/ws_moveit/install/moveit_resources_pr2_description:/home/eia/ws_moveit/install/moveit_resources_panda_moveit_config:/home/eia/ws_moveit/install/moveit_resources_panda_description:/home/eia/ws_moveit/install/moveit_resources_fanuc_moveit_config:/home/eia/ws_moveit/install/moveit_resources_fanuc_description:/home/eia/ws_moveit/install/moveit_common:/home/eia/ws_moveit/install/launch_param_builder:/home/eia/ros2_ws/install/scara_moveit_config:/home/eia/ros2_ws/install/panda_moveit_config:/home/eia/ros2_ws/install/nexos_ros2:/home/eia/ros2_ws/install/nexos_aplication:/opt/ros/humble CMAKE_PREFIX_PATH=${CMAKE_PREFIX_PATH}:/home/eia/ws_moveit/install/moveit_configs_utils:/home/eia/ws_moveit/install/launch_param_builder:/home/eia/ros2_ws/install/nexos_ros2:/home/eia/ros2_ws/install/SCARA_EIA_Tesis_description:/opt/ros/humble PYTHONPATH=/home/eia/ros2_ws/install/SCARA_EIA_Tesis_description/lib/python3.10/site-packages:/home/eia/ws_moveit/install/moveit_task_constructor_core/local/lib/python3.10/dist-packages:/home/eia/ws_moveit/install/moveit_configs_utils/lib/python3.10/site-packages:/home/eia/ws_moveit/install/srdfdom/local/lib/python3.10/dist-packages:/home/eia/ws_moveit/install/moveit_task_constructor_msgs/local/lib/python3.10/dist-packages:/home/eia/ws_moveit/install/launch_param_builder/lib/python3.10/site-packages:/home/eia/ros2_ws/install/nexos_ros2/lib/python3.10/site-packages:/opt/ros/humble/lib/python3.10/site-packages:/opt/ros/humble/local/lib/python3.10/dist-packages /usr/bin/cmake --install /home/eia/ros2_ws/build/scara_moveit_config
[2.422s] Level 1:colcon.colcon_core.environment:create_environment_scripts_only(scara_moveit_config)
[2.422s] Level 1:colcon.colcon_core.environment:checking '/home/eia/ros2_ws/install/scara_moveit_config' for CMake module files
[2.423s] DEBUG:colcon.colcon_core.event_handler.log_command:Invoked command in '/home/eia/ros2_ws/build/scara_moveit_config' returned '0': AMENT_PREFIX_PATH=/home/eia/ros2_ws/install/SCARA_EIA_Tesis_description:/home/eia/ws_moveit/install/pilz_industrial_motion_planner_testutils:/home/eia/ws_moveit/install/panda_config:/home/eia/ws_moveit/install/moveit_runtime:/home/eia/ws_moveit/install/moveit2_tutorials:/home/eia/ws_moveit/install/moveit:/home/eia/ws_moveit/install/moveit_planners:/home/eia/ws_moveit/install/pilz_industrial_motion_planner:/home/eia/ws_moveit/install/moveit_visual_tools:/home/eia/ws_moveit/install/moveit_task_constructor_visualization:/home/eia/ws_moveit/install/moveit_task_constructor_demo:/home/eia/ws_moveit/install/moveit_task_constructor_capabilities:/home/eia/ws_moveit/install/moveit_task_constructor_core:/home/eia/ws_moveit/install/moveit_ros_control_interface:/home/eia/ws_moveit/install/moveit_plugins:/home/eia/ws_moveit/install/moveit_simple_controller_manager:/home/eia/ws_moveit/install/moveit_setup_assistant:/home/eia/ws_moveit/install/moveit_setup_srdf_plugins:/home/eia/ws_moveit/install/moveit_setup_core_plugins:/home/eia/ws_moveit/install/moveit_setup_controllers:/home/eia/ws_moveit/install/moveit_setup_app_plugins:/home/eia/ws_moveit/install/moveit_setup_framework:/home/eia/ws_moveit/install/moveit_servo:/home/eia/ws_moveit/install/moveit_ros:/home/eia/ws_moveit/install/moveit_ros_visualization:/home/eia/ws_moveit/install/moveit_hybrid_planning:/home/eia/ws_moveit/install/moveit_ros_planning_interface:/home/eia/ws_moveit/install/moveit_ros_benchmarks:/home/eia/ws_moveit/install/moveit_ros_warehouse:/home/eia/ws_moveit/install/moveit_ros_robot_interaction:/home/eia/ws_moveit/install/moveit_ros_perception:/home/eia/ws_moveit/install/moveit_resources_prbt_pg70_support:/home/eia/ws_moveit/install/moveit_resources_prbt_moveit_config:/home/eia/ws_moveit/install/moveit_ros_move_group:/home/eia/ws_moveit/install/moveit_planners_ompl:/home/eia/ws_moveit/install/moveit_ros_planning:/home/eia/ws_moveit/install/moveit_ros_occupancy_map_monitor:/home/eia/ws_moveit/install/moveit_resources_prbt_ikfast_manipulator_plugin:/home/eia/ws_moveit/install/moveit_planners_chomp:/home/eia/ws_moveit/install/moveit_kinematics:/home/eia/ws_moveit/install/moveit_chomp_optimizer_adapter:/home/eia/ws_moveit/install/chomp_motion_planner:/home/eia/ws_moveit/install/moveit_core:/home/eia/ws_moveit/install/moveit_configs_utils:/home/eia/ws_moveit/install/srdfdom:/home/eia/ws_moveit/install/rviz_marker_tools:/home/eia/ws_moveit/install/rosparam_shortcuts:/home/eia/ws_moveit/install/moveit_task_constructor_msgs:/home/eia/ws_moveit/install/moveit_resources_prbt_support:/home/eia/ws_moveit/install/moveit_resources:/home/eia/ws_moveit/install/moveit_resources_pr2_description:/home/eia/ws_moveit/install/moveit_resources_panda_moveit_config:/home/eia/ws_moveit/install/moveit_resources_panda_description:/home/eia/ws_moveit/install/moveit_resources_fanuc_moveit_config:/home/eia/ws_moveit/install/moveit_resources_fanuc_description:/home/eia/ws_moveit/install/moveit_common:/home/eia/ws_moveit/install/launch_param_builder:/home/eia/ros2_ws/install/scara_moveit_config:/home/eia/ros2_ws/install/panda_moveit_config:/home/eia/ros2_ws/install/nexos_ros2:/home/eia/ros2_ws/install/nexos_aplication:/opt/ros/humble CMAKE_PREFIX_PATH=${CMAKE_PREFIX_PATH}:/home/eia/ws_moveit/install/moveit_configs_utils:/home/eia/ws_moveit/install/launch_param_builder:/home/eia/ros2_ws/install/nexos_ros2:/home/eia/ros2_ws/install/SCARA_EIA_Tesis_description:/opt/ros/humble PYTHONPATH=/home/eia/ros2_ws/install/SCARA_EIA_Tesis_description/lib/python3.10/site-packages:/home/eia/ws_moveit/install/moveit_task_constructor_core/local/lib/python3.10/dist-packages:/home/eia/ws_moveit/install/moveit_configs_utils/lib/python3.10/site-packages:/home/eia/ws_moveit/install/srdfdom/local/lib/python3.10/dist-packages:/home/eia/ws_moveit/install/moveit_task_constructor_msgs/local/lib/python3.10/dist-packages:/home/eia/ws_moveit/install/launch_param_builder/lib/python3.10/site-packages:/home/eia/ros2_ws/install/nexos_ros2/lib/python3.10/site-packages:/opt/ros/humble/lib/python3.10/site-packages:/opt/ros/humble/local/lib/python3.10/dist-packages /usr/bin/cmake --install /home/eia/ros2_ws/build/scara_moveit_config
[2.423s] Level 1:colcon.colcon_core.environment:checking '/home/eia/ros2_ws/install/scara_moveit_config' for CMake config files
[2.423s] Level 1:colcon.colcon_core.shell:create_environment_hook('scara_moveit_config', 'cmake_prefix_path')
[2.424s] INFO:colcon.colcon_core.shell:Creating environment hook '/home/eia/ros2_ws/install/scara_moveit_config/share/scara_moveit_config/hook/cmake_prefix_path.ps1'
[2.424s] INFO:colcon.colcon_core.shell:Creating environment descriptor '/home/eia/ros2_ws/install/scara_moveit_config/share/scara_moveit_config/hook/cmake_prefix_path.dsv'
[2.424s] INFO:colcon.colcon_core.shell:Creating environment hook '/home/eia/ros2_ws/install/scara_moveit_config/share/scara_moveit_config/hook/cmake_prefix_path.sh'
[2.424s] Level 1:colcon.colcon_core.environment:checking '/home/eia/ros2_ws/install/scara_moveit_config/bin'
[2.425s] Level 1:colcon.colcon_core.environment:checking '/home/eia/ros2_ws/install/scara_moveit_config/lib/pkgconfig/scara_moveit_config.pc'
[2.425s] Level 1:colcon.colcon_core.environment:checking '/home/eia/ros2_ws/install/scara_moveit_config/lib/python3.10/site-packages'
[2.425s] Level 1:colcon.colcon_core.environment:checking '/home/eia/ros2_ws/install/scara_moveit_config/bin'
[2.425s] INFO:colcon.colcon_core.shell:Creating package script '/home/eia/ros2_ws/install/scara_moveit_config/share/scara_moveit_config/package.ps1'
[2.425s] INFO:colcon.colcon_core.shell:Creating package descriptor '/home/eia/ros2_ws/install/scara_moveit_config/share/scara_moveit_config/package.dsv'
[2.426s] INFO:colcon.colcon_core.shell:Creating package script '/home/eia/ros2_ws/install/scara_moveit_config/share/scara_moveit_config/package.sh'
[2.426s] INFO:colcon.colcon_core.shell:Creating package script '/home/eia/ros2_ws/install/scara_moveit_config/share/scara_moveit_config/package.bash'
[2.426s] INFO:colcon.colcon_core.shell:Creating package script '/home/eia/ros2_ws/install/scara_moveit_config/share/scara_moveit_config/package.zsh'
[2.426s] Level 1:colcon.colcon_core.environment:create_file_with_runtime_dependencies(/home/eia/ros2_ws/install/scara_moveit_config/share/colcon-core/packages/scara_moveit_config)
[2.464s] Level 1:colcon.colcon_core.environment:create_environment_scripts_only(scara_moveit_config)
[2.464s] Level 1:colcon.colcon_core.environment:checking '/home/eia/ros2_ws/install/scara_moveit_config' for CMake module files
[2.464s] Level 1:colcon.colcon_core.environment:checking '/home/eia/ros2_ws/install/scara_moveit_config' for CMake config files
[2.464s] Level 1:colcon.colcon_core.shell:create_environment_hook('scara_moveit_config', 'cmake_prefix_path')
[2.465s] INFO:colcon.colcon_core.shell:Creating environment hook '/home/eia/ros2_ws/install/scara_moveit_config/share/scara_moveit_config/hook/cmake_prefix_path.ps1'
[2.465s] INFO:colcon.colcon_core.shell:Creating environment descriptor '/home/eia/ros2_ws/install/scara_moveit_config/share/scara_moveit_config/hook/cmake_prefix_path.dsv'
[2.465s] INFO:colcon.colcon_core.shell:Creating environment hook '/home/eia/ros2_ws/install/scara_moveit_config/share/scara_moveit_config/hook/cmake_prefix_path.sh'
[2.466s] Level 1:colcon.colcon_core.environment:checking '/home/eia/ros2_ws/install/scara_moveit_config/bin'
[2.466s] Level 1:colcon.colcon_core.environment:checking '/home/eia/ros2_ws/install/scara_moveit_config/lib/pkgconfig/scara_moveit_config.pc'
[2.466s] Level 1:colcon.colcon_core.environment:checking '/home/eia/ros2_ws/install/scara_moveit_config/lib/python3.10/site-packages'
[2.466s] Level 1:colcon.colcon_core.environment:checking '/home/eia/ros2_ws/install/scara_moveit_config/bin'
[2.467s] INFO:colcon.colcon_core.shell:Creating package script '/home/eia/ros2_ws/install/scara_moveit_config/share/scara_moveit_config/package.ps1'
[2.467s] INFO:colcon.colcon_core.shell:Creating package descriptor '/home/eia/ros2_ws/install/scara_moveit_config/share/scara_moveit_config/package.dsv'
[2.467s] INFO:colcon.colcon_core.shell:Creating package script '/home/eia/ros2_ws/install/scara_moveit_config/share/scara_moveit_config/package.sh'
[2.468s] INFO:colcon.colcon_core.shell:Creating package script '/home/eia/ros2_ws/install/scara_moveit_config/share/scara_moveit_config/package.bash'
[2.468s] INFO:colcon.colcon_core.shell:Creating package script '/home/eia/ros2_ws/install/scara_moveit_config/share/scara_moveit_config/package.zsh'
[2.468s] Level 1:colcon.colcon_core.environment:create_file_with_runtime_dependencies(/home/eia/ros2_ws/install/scara_moveit_config/share/colcon-core/packages/scara_moveit_config)
[3.627s] DEBUG:colcon.colcon_core.event_handler.log_command:Invoked command in '/home/eia/ros2_ws/build/nexos_aplication' returned '0': CMAKE_PREFIX_PATH=${CMAKE_PREFIX_PATH}:/home/eia/ws_moveit/install/moveit_configs_utils:/home/eia/ws_moveit/install/launch_param_builder:/home/eia/ros2_ws/install/nexos_ros2:/home/eia/ros2_ws/install/SCARA_EIA_Tesis_description:/opt/ros/humble /usr/bin/cmake /home/eia/ros2_ws/src/nexos_aplication -DCMAKE_INSTALL_PREFIX=/home/eia/ros2_ws/install/nexos_aplication
[3.629s] DEBUG:colcon.colcon_core.event_handler.log_command:Invoking command in '/home/eia/ros2_ws/build/nexos_aplication': CMAKE_PREFIX_PATH=${CMAKE_PREFIX_PATH}:/home/eia/ws_moveit/install/moveit_configs_utils:/home/eia/ws_moveit/install/launch_param_builder:/home/eia/ros2_ws/install/nexos_ros2:/home/eia/ros2_ws/install/SCARA_EIA_Tesis_description:/opt/ros/humble /usr/bin/cmake --build /home/eia/ros2_ws/build/nexos_aplication -- -j12 -l12
[15.517s] DEBUG:colcon.colcon_core.event_handler.log_command:Invoked command in '/home/eia/ros2_ws/build/nexos_aplication' returned '0': CMAKE_PREFIX_PATH=${CMAKE_PREFIX_PATH}:/home/eia/ws_moveit/install/moveit_configs_utils:/home/eia/ws_moveit/install/launch_param_builder:/home/eia/ros2_ws/install/nexos_ros2:/home/eia/ros2_ws/install/SCARA_EIA_Tesis_description:/opt/ros/humble /usr/bin/cmake --build /home/eia/ros2_ws/build/nexos_aplication -- -j12 -l12
[15.570s] DEBUG:colcon.colcon_core.event_handler.log_command:Invoking command in '/home/eia/ros2_ws/build/nexos_aplication': CMAKE_PREFIX_PATH=${CMAKE_PREFIX_PATH}:/home/eia/ws_moveit/install/moveit_configs_utils:/home/eia/ws_moveit/install/launch_param_builder:/home/eia/ros2_ws/install/nexos_ros2:/home/eia/ros2_ws/install/SCARA_EIA_Tesis_description:/opt/ros/humble /usr/bin/cmake --install /home/eia/ros2_ws/build/nexos_aplication
[15.591s] Level 1:colcon.colcon_core.environment:create_environment_scripts_only(nexos_aplication)
[15.591s] Level 1:colcon.colcon_core.environment:checking '/home/eia/ros2_ws/install/nexos_aplication' for CMake module files
[15.592s] DEBUG:colcon.colcon_core.event_handler.log_command:Invoked command in '/home/eia/ros2_ws/build/nexos_aplication' returned '0': CMAKE_PREFIX_PATH=${CMAKE_PREFIX_PATH}:/home/eia/ws_moveit/install/moveit_configs_utils:/home/eia/ws_moveit/install/launch_param_builder:/home/eia/ros2_ws/install/nexos_ros2:/home/eia/ros2_ws/install/SCARA_EIA_Tesis_description:/opt/ros/humble /usr/bin/cmake --install /home/eia/ros2_ws/build/nexos_aplication
[15.592s] Level 1:colcon.colcon_core.environment:checking '/home/eia/ros2_ws/install/nexos_aplication' for CMake config files
[15.592s] Level 1:colcon.colcon_core.shell:create_environment_hook('nexos_aplication', 'cmake_prefix_path')
[15.592s] INFO:colcon.colcon_core.shell:Creating environment hook '/home/eia/ros2_ws/install/nexos_aplication/share/nexos_aplication/hook/cmake_prefix_path.ps1'
[15.593s] INFO:colcon.colcon_core.shell:Creating environment descriptor '/home/eia/ros2_ws/install/nexos_aplication/share/nexos_aplication/hook/cmake_prefix_path.dsv'
[15.593s] INFO:colcon.colcon_core.shell:Creating environment hook '/home/eia/ros2_ws/install/nexos_aplication/share/nexos_aplication/hook/cmake_prefix_path.sh'
[15.593s] Level 1:colcon.colcon_core.environment:checking '/home/eia/ros2_ws/install/nexos_aplication/lib'
[15.593s] Level 1:colcon.colcon_core.environment:checking '/home/eia/ros2_ws/install/nexos_aplication/bin'
[15.593s] Level 1:colcon.colcon_core.environment:checking '/home/eia/ros2_ws/install/nexos_aplication/lib/pkgconfig/nexos_aplication.pc'
[15.594s] Level 1:colcon.colcon_core.environment:checking '/home/eia/ros2_ws/install/nexos_aplication/lib/python3.10/site-packages'
[15.594s] Level 1:colcon.colcon_core.environment:checking '/home/eia/ros2_ws/install/nexos_aplication/bin'
[15.594s] INFO:colcon.colcon_core.shell:Creating package script '/home/eia/ros2_ws/install/nexos_aplication/share/nexos_aplication/package.ps1'
[15.594s] INFO:colcon.colcon_core.shell:Creating package descriptor '/home/eia/ros2_ws/install/nexos_aplication/share/nexos_aplication/package.dsv'
[15.595s] INFO:colcon.colcon_core.shell:Creating package script '/home/eia/ros2_ws/install/nexos_aplication/share/nexos_aplication/package.sh'
[15.595s] INFO:colcon.colcon_core.shell:Creating package script '/home/eia/ros2_ws/install/nexos_aplication/share/nexos_aplication/package.bash'
[15.595s] INFO:colcon.colcon_core.shell:Creating package script '/home/eia/ros2_ws/install/nexos_aplication/share/nexos_aplication/package.zsh'
[15.595s] Level 1:colcon.colcon_core.environment:create_file_with_runtime_dependencies(/home/eia/ros2_ws/install/nexos_aplication/share/colcon-core/packages/nexos_aplication)
[15.660s] Level 1:colcon.colcon_core.environment:create_environment_scripts_only(nexos_aplication)
[15.660s] Level 1:colcon.colcon_core.environment:checking '/home/eia/ros2_ws/install/nexos_aplication' for CMake module files
[15.661s] Level 1:colcon.colcon_core.environment:checking '/home/eia/ros2_ws/install/nexos_aplication' for CMake config files
[15.661s] Level 1:colcon.colcon_core.shell:create_environment_hook('nexos_aplication', 'cmake_prefix_path')
[15.662s] INFO:colcon.colcon_core.shell:Creating environment hook '/home/eia/ros2_ws/install/nexos_aplication/share/nexos_aplication/hook/cmake_prefix_path.ps1'
[15.662s] INFO:colcon.colcon_core.shell:Creating environment descriptor '/home/eia/ros2_ws/install/nexos_aplication/share/nexos_aplication/hook/cmake_prefix_path.dsv'
[15.663s] INFO:colcon.colcon_core.shell:Creating environment hook '/home/eia/ros2_ws/install/nexos_aplication/share/nexos_aplication/hook/cmake_prefix_path.sh'
[15.663s] Level 1:colcon.colcon_core.environment:checking '/home/eia/ros2_ws/install/nexos_aplication/lib'
[15.663s] Level 1:colcon.colcon_core.environment:checking '/home/eia/ros2_ws/install/nexos_aplication/bin'
[15.663s] Level 1:colcon.colcon_core.environment:checking '/home/eia/ros2_ws/install/nexos_aplication/lib/pkgconfig/nexos_aplication.pc'
[15.664s] Level 1:colcon.colcon_core.environment:checking '/home/eia/ros2_ws/install/nexos_aplication/lib/python3.10/site-packages'
[15.664s] Level 1:colcon.colcon_core.environment:checking '/home/eia/ros2_ws/install/nexos_aplication/bin'
[15.664s] INFO:colcon.colcon_core.shell:Creating package script '/home/eia/ros2_ws/install/nexos_aplication/share/nexos_aplication/package.ps1'
[15.665s] INFO:colcon.colcon_core.shell:Creating package descriptor '/home/eia/ros2_ws/install/nexos_aplication/share/nexos_aplication/package.dsv'
[15.665s] INFO:colcon.colcon_core.shell:Creating package script '/home/eia/ros2_ws/install/nexos_aplication/share/nexos_aplication/package.sh'
[15.666s] INFO:colcon.colcon_core.shell:Creating package script '/home/eia/ros2_ws/install/nexos_aplication/share/nexos_aplication/package.bash'
[15.666s] INFO:colcon.colcon_core.shell:Creating package script '/home/eia/ros2_ws/install/nexos_aplication/share/nexos_aplication/package.zsh'
[15.667s] Level 1:colcon.colcon_core.environment:create_file_with_runtime_dependencies(/home/eia/ros2_ws/install/nexos_aplication/share/colcon-core/packages/nexos_aplication)
[15.667s] DEBUG:colcon.colcon_parallel_executor.executor.parallel:closing loop
[15.668s] DEBUG:colcon.colcon_parallel_executor.executor.parallel:loop closed
[15.668s] DEBUG:colcon.colcon_parallel_executor.executor.parallel:run_until_complete finished with '0'
[15.668s] DEBUG:colcon.colcon_core.event_reactor:joining thread
[15.675s] INFO:colcon.colcon_core.plugin_system:Skipping extension 'colcon_notification.desktop_notification.terminal_notifier': Not used on non-Darwin systems
[15.676s] INFO:colcon.colcon_core.plugin_system:Skipping extension 'colcon_notification.desktop_notification.win32': Not used on non-Windows systems
[15.676s] INFO:colcon.colcon_notification.desktop_notification:Sending desktop notification using 'notify2'
[15.691s] DEBUG:colcon.colcon_core.event_reactor:joined thread
[15.691s] INFO:colcon.colcon_core.shell:Creating prefix script '/home/eia/ros2_ws/install/local_setup.ps1'
[15.692s] INFO:colcon.colcon_core.shell:Creating prefix util module '/home/eia/ros2_ws/install/_local_setup_util_ps1.py'
[15.694s] INFO:colcon.colcon_core.shell:Creating prefix chain script '/home/eia/ros2_ws/install/setup.ps1'
[15.699s] INFO:colcon.colcon_core.shell:Creating prefix script '/home/eia/ros2_ws/install/local_setup.sh'
[15.699s] INFO:colcon.colcon_core.shell:Creating prefix util module '/home/eia/ros2_ws/install/_local_setup_util_sh.py'
[15.700s] INFO:colcon.colcon_core.shell:Creating prefix chain script '/home/eia/ros2_ws/install/setup.sh'
[15.705s] INFO:colcon.colcon_core.shell:Creating prefix script '/home/eia/ros2_ws/install/local_setup.bash'
[15.705s] INFO:colcon.colcon_core.shell:Creating prefix chain script '/home/eia/ros2_ws/install/setup.bash'
[15.710s] INFO:colcon.colcon_core.shell:Creating prefix script '/home/eia/ros2_ws/install/local_setup.zsh'
[15.711s] INFO:colcon.colcon_core.shell:Creating prefix chain script '/home/eia/ros2_ws/install/setup.zsh'
