[0.924s] Invoking command in '/home/eia/ros2_ws/src/nexos_ros2': PYTHONPATH=/home/eia/ros2_ws/build/nexos_ros2/prefix_override:/usr/lib/python3/dist-packages/colcon_core/task/python/colcon_distutils_commands:/home/eia/ros2_ws/install/nexos_ros2/lib/python3.10/site-packages:${PYTHONPATH} /usr/bin/python3 -W ignore:setup.py install is deprecated setup.py egg_info --egg-base ../../build/nexos_ros2 build --build-base /home/eia/ros2_ws/build/nexos_ros2/build install --record /home/eia/ros2_ws/build/nexos_ros2/install.log --single-version-externally-managed install_data
[1.174s] running egg_info
[1.175s] writing ../../build/nexos_ros2/nexos_ros2.egg-info/PKG-INFO
[1.177s] writing dependency_links to ../../build/nexos_ros2/nexos_ros2.egg-info/dependency_links.txt
[1.177s] writing entry points to ../../build/nexos_ros2/nexos_ros2.egg-info/entry_points.txt
[1.178s] writing requirements to ../../build/nexos_ros2/nexos_ros2.egg-info/requires.txt
[1.178s] writing top-level names to ../../build/nexos_ros2/nexos_ros2.egg-info/top_level.txt
[1.179s] reading manifest file '../../build/nexos_ros2/nexos_ros2.egg-info/SOURCES.txt'
[1.180s] writing manifest file '../../build/nexos_ros2/nexos_ros2.egg-info/SOURCES.txt'
[1.180s] running build
[1.180s] running build_py
[1.181s] copying nexos_ros2/borrame.py -> /home/eia/ros2_ws/build/nexos_ros2/build/lib/nexos_ros2
[1.182s] running install
[1.182s] running install_lib
[1.183s] copying /home/eia/ros2_ws/build/nexos_ros2/build/lib/nexos_ros2/borrame.py -> /home/eia/ros2_ws/install/nexos_ros2/lib/python3.10/site-packages/nexos_ros2
[1.184s] byte-compiling /home/eia/ros2_ws/install/nexos_ros2/lib/python3.10/site-packages/nexos_ros2/borrame.py to borrame.cpython-310.pyc
[1.184s] running install_data
[1.184s] running install_egg_info
[1.186s] removing '/home/eia/ros2_ws/install/nexos_ros2/lib/python3.10/site-packages/nexos_ros2-0.0.0-py3.10.egg-info' (and everything under it)
[1.187s] Copying ../../build/nexos_ros2/nexos_ros2.egg-info to /home/eia/ros2_ws/install/nexos_ros2/lib/python3.10/site-packages/nexos_ros2-0.0.0-py3.10.egg-info
[1.188s] running install_scripts
[1.208s] Installing cinematica_inversa script to /home/eia/ros2_ws/install/nexos_ros2/lib/nexos_ros2
[1.208s] Installing nexos_app script to /home/eia/ros2_ws/install/nexos_ros2/lib/nexos_ros2
[1.209s] writing list of installed files to '/home/eia/ros2_ws/build/nexos_ros2/install.log'
[1.246s] Invoked command in '/home/eia/ros2_ws/src/nexos_ros2' returned '0': PYTHONPATH=/home/eia/ros2_ws/build/nexos_ros2/prefix_override:/usr/lib/python3/dist-packages/colcon_core/task/python/colcon_distutils_commands:/home/eia/ros2_ws/install/nexos_ros2/lib/python3.10/site-packages:${PYTHONPATH} /usr/bin/python3 -W ignore:setup.py install is deprecated setup.py egg_info --egg-base ../../build/nexos_ros2 build --build-base /home/eia/ros2_ws/build/nexos_ros2/build install --record /home/eia/ros2_ws/build/nexos_ros2/install.log --single-version-externally-managed install_data
