[0.877s] Invoking command in '/home/eia/ros2_ws/src/nexos_ros2': PYTHONPATH=/home/eia/ros2_ws/build/nexos_ros2/prefix_override:/usr/lib/python3/dist-packages/colcon_core/task/python/colcon_distutils_commands:/home/eia/ros2_ws/install/nexos_ros2/lib/python3.10/site-packages:${PYTHONPATH} /usr/bin/python3 -W ignore:setup.py install is deprecated setup.py egg_info --egg-base ../../build/nexos_ros2 build --build-base /home/eia/ros2_ws/build/nexos_ros2/build install --record /home/eia/ros2_ws/build/nexos_ros2/install.log --single-version-externally-managed install_data
[1.126s] running egg_info
[1.126s] writing ../../build/nexos_ros2/nexos_ros2.egg-info/PKG-INFO
[1.127s] writing dependency_links to ../../build/nexos_ros2/nexos_ros2.egg-info/dependency_links.txt
[1.127s] writing entry points to ../../build/nexos_ros2/nexos_ros2.egg-info/entry_points.txt
[1.127s] writing requirements to ../../build/nexos_ros2/nexos_ros2.egg-info/requires.txt
[1.127s] writing top-level names to ../../build/nexos_ros2/nexos_ros2.egg-info/top_level.txt
[1.129s] reading manifest file '../../build/nexos_ros2/nexos_ros2.egg-info/SOURCES.txt'
[1.130s] writing manifest file '../../build/nexos_ros2/nexos_ros2.egg-info/SOURCES.txt'
[1.130s] running build
[1.130s] running build_py
[1.130s] copying resource/app_scara/main.py -> /home/eia/ros2_ws/build/nexos_ros2/build/lib/resource/app_scara
[1.131s] running install
[1.131s] running install_lib
[1.132s] copying /home/eia/ros2_ws/build/nexos_ros2/build/lib/resource/app_scara/main.py -> /home/eia/ros2_ws/install/nexos_ros2/lib/python3.10/site-packages/resource/app_scara
[1.133s] byte-compiling /home/eia/ros2_ws/install/nexos_ros2/lib/python3.10/site-packages/resource/app_scara/main.py to main.cpython-310.pyc
[1.134s] running install_data
[1.134s] running install_egg_info
[1.136s] removing '/home/eia/ros2_ws/install/nexos_ros2/lib/python3.10/site-packages/nexos_ros2-0.0.0-py3.10.egg-info' (and everything under it)
[1.136s] Copying ../../build/nexos_ros2/nexos_ros2.egg-info to /home/eia/ros2_ws/install/nexos_ros2/lib/python3.10/site-packages/nexos_ros2-0.0.0-py3.10.egg-info
[1.137s] running install_scripts
[1.157s] Installing cinematica_inversa script to /home/eia/ros2_ws/install/nexos_ros2/lib/nexos_ros2
[1.157s] Installing nexos_app script to /home/eia/ros2_ws/install/nexos_ros2/lib/nexos_ros2
[1.157s] writing list of installed files to '/home/eia/ros2_ws/build/nexos_ros2/install.log'
[1.179s] Invoked command in '/home/eia/ros2_ws/src/nexos_ros2' returned '0': PYTHONPATH=/home/eia/ros2_ws/build/nexos_ros2/prefix_override:/usr/lib/python3/dist-packages/colcon_core/task/python/colcon_distutils_commands:/home/eia/ros2_ws/install/nexos_ros2/lib/python3.10/site-packages:${PYTHONPATH} /usr/bin/python3 -W ignore:setup.py install is deprecated setup.py egg_info --egg-base ../../build/nexos_ros2 build --build-base /home/eia/ros2_ws/build/nexos_ros2/build install --record /home/eia/ros2_ws/build/nexos_ros2/install.log --single-version-externally-managed install_data
