/home/eia/ros2_ws/install/SCARA_EIA_Tesis_description/lib/python3.10/site-packages/SCARA_EIA_Tesis_description/__init__.py
/home/eia/ros2_ws/install/SCARA_EIA_Tesis_description/lib/python3.10/site-packages/SCARA_EIA_Tesis_description/__pycache__/__init__.cpython-310.pyc
/home/eia/ros2_ws/install/SCARA_EIA_Tesis_description/share/ament_index/resource_index/packages/SCARA_EIA_Tesis_description
/home/eia/ros2_ws/install/SCARA_EIA_Tesis_description/share/SCARA_EIA_Tesis_description/package.xml
/home/eia/ros2_ws/install/SCARA_EIA_Tesis_description/share/SCARA_EIA_Tesis_description/launch/display.launch.py
/home/eia/ros2_ws/install/SCARA_EIA_Tesis_description/share/SCARA_EIA_Tesis_description/launch/gazebo.launch.py
/home/eia/ros2_ws/install/SCARA_EIA_Tesis_description/share/SCARA_EIA_Tesis_description/urdf/SCARA_EIA_Tesis.gazebo
/home/eia/ros2_ws/install/SCARA_EIA_Tesis_description/share/SCARA_EIA_Tesis_description/urdf/materials.xacro
/home/eia/ros2_ws/install/SCARA_EIA_Tesis_description/share/SCARA_EIA_Tesis_description/urdf/SCARA_EIA_Tesis.trans
/home/eia/ros2_ws/install/SCARA_EIA_Tesis_description/share/SCARA_EIA_Tesis_description/urdf/SCARA_EIA_Tesis.xacro
/home/eia/ros2_ws/install/SCARA_EIA_Tesis_description/share/SCARA_EIA_Tesis_description/meshes/base_link.stl
/home/eia/ros2_ws/install/SCARA_EIA_Tesis_description/share/SCARA_EIA_Tesis_description/meshes/FinalEfector_1.stl
/home/eia/ros2_ws/install/SCARA_EIA_Tesis_description/share/SCARA_EIA_Tesis_description/meshes/Elbow_1.stl
/home/eia/ros2_ws/install/SCARA_EIA_Tesis_description/share/SCARA_EIA_Tesis_description/meshes/Shoulder_1.stl
/home/eia/ros2_ws/install/SCARA_EIA_Tesis_description/share/SCARA_EIA_Tesis_description/config/display.rviz
/home/eia/ros2_ws/install/SCARA_EIA_Tesis_description/lib/python3.10/site-packages/SCARA_EIA_Tesis_description-0.0.0-py3.10.egg-info/requires.txt
/home/eia/ros2_ws/install/SCARA_EIA_Tesis_description/lib/python3.10/site-packages/SCARA_EIA_Tesis_description-0.0.0-py3.10.egg-info/top_level.txt
/home/eia/ros2_ws/install/SCARA_EIA_Tesis_description/lib/python3.10/site-packages/SCARA_EIA_Tesis_description-0.0.0-py3.10.egg-info/PKG-INFO
/home/eia/ros2_ws/install/SCARA_EIA_Tesis_description/lib/python3.10/site-packages/SCARA_EIA_Tesis_description-0.0.0-py3.10.egg-info/entry_points.txt
/home/eia/ros2_ws/install/SCARA_EIA_Tesis_description/lib/python3.10/site-packages/SCARA_EIA_Tesis_description-0.0.0-py3.10.egg-info/SOURCES.txt
/home/eia/ros2_ws/install/SCARA_EIA_Tesis_description/lib/python3.10/site-packages/SCARA_EIA_Tesis_description-0.0.0-py3.10.egg-info/dependency_links.txt
/home/eia/ros2_ws/install/SCARA_EIA_Tesis_description/lib/python3.10/site-packages/SCARA_EIA_Tesis_description-0.0.0-py3.10.egg-info/zip-safe
