[0.504s] Invoking command in '/home/eia/ros2_ws/build/panda_moveit_config': CMAKE_PREFIX_PATH=${CMAKE_PREFIX_PATH}:/home/eia/ws_moveit/install/moveit_configs_utils:/home/eia/ws_moveit/install/launch_param_builder:/home/eia/ros2_ws/install/nexos_ros2:/home/eia/ros2_ws/install/SCARA_EIA_Tesis_description:/opt/ros/humble /usr/bin/cmake --build /home/eia/ros2_ws/build/panda_moveit_config -- -j12 -l12
[0.553s] Invoked command in '/home/eia/ros2_ws/build/panda_moveit_config' returned '0': CMAKE_PREFIX_PATH=${CMAKE_PREFIX_PATH}:/home/eia/ws_moveit/install/moveit_configs_utils:/home/eia/ws_moveit/install/launch_param_builder:/home/eia/ros2_ws/install/nexos_ros2:/home/eia/ros2_ws/install/SCARA_EIA_Tesis_description:/opt/ros/humble /usr/bin/cmake --build /home/eia/ros2_ws/build/panda_moveit_config -- -j12 -l12
[0.597s] Invoking command in '/home/eia/ros2_ws/build/panda_moveit_config': CMAKE_PREFIX_PATH=${CMAKE_PREFIX_PATH}:/home/eia/ws_moveit/install/moveit_configs_utils:/home/eia/ws_moveit/install/launch_param_builder:/home/eia/ros2_ws/install/nexos_ros2:/home/eia/ros2_ws/install/SCARA_EIA_Tesis_description:/opt/ros/humble /usr/bin/cmake --install /home/eia/ros2_ws/build/panda_moveit_config
[0.609s] -- Install configuration: ""
[0.609s] -- Up-to-date: /home/eia/ros2_ws/install/panda_moveit_config/share/ament_index/resource_index/package_run_dependencies/panda_moveit_config
[0.610s] -- Up-to-date: /home/eia/ros2_ws/install/panda_moveit_config/share/ament_index/resource_index/parent_prefix_path/panda_moveit_config
[0.610s] -- Up-to-date: /home/eia/ros2_ws/install/panda_moveit_config/share/panda_moveit_config/environment/ament_prefix_path.sh
[0.610s] -- Up-to-date: /home/eia/ros2_ws/install/panda_moveit_config/share/panda_moveit_config/environment/ament_prefix_path.dsv
[0.610s] -- Up-to-date: /home/eia/ros2_ws/install/panda_moveit_config/share/panda_moveit_config/environment/path.sh
[0.610s] -- Up-to-date: /home/eia/ros2_ws/install/panda_moveit_config/share/panda_moveit_config/environment/path.dsv
[0.610s] -- Up-to-date: /home/eia/ros2_ws/install/panda_moveit_config/share/panda_moveit_config/local_setup.bash
[0.610s] -- Up-to-date: /home/eia/ros2_ws/install/panda_moveit_config/share/panda_moveit_config/local_setup.sh
[0.610s] -- Up-to-date: /home/eia/ros2_ws/install/panda_moveit_config/share/panda_moveit_config/local_setup.zsh
[0.611s] -- Up-to-date: /home/eia/ros2_ws/install/panda_moveit_config/share/panda_moveit_config/local_setup.dsv
[0.611s] -- Installing: /home/eia/ros2_ws/install/panda_moveit_config/share/panda_moveit_config/package.dsv
[0.611s] -- Up-to-date: /home/eia/ros2_ws/install/panda_moveit_config/share/ament_index/resource_index/packages/panda_moveit_config
[0.611s] -- Up-to-date: /home/eia/ros2_ws/install/panda_moveit_config/share/panda_moveit_config/cmake/panda_moveit_configConfig.cmake
[0.611s] -- Up-to-date: /home/eia/ros2_ws/install/panda_moveit_config/share/panda_moveit_config/cmake/panda_moveit_configConfig-version.cmake
[0.611s] -- Up-to-date: /home/eia/ros2_ws/install/panda_moveit_config/share/panda_moveit_config/package.xml
[0.611s] -- Up-to-date: /home/eia/ros2_ws/install/panda_moveit_config/share/panda_moveit_config/launch
[0.612s] -- Up-to-date: /home/eia/ros2_ws/install/panda_moveit_config/share/panda_moveit_config/launch/spawn_controllers.launch.py
[0.612s] -- Up-to-date: /home/eia/ros2_ws/install/panda_moveit_config/share/panda_moveit_config/launch/static_virtual_joint_tfs.launch.py
[0.612s] -- Up-to-date: /home/eia/ros2_ws/install/panda_moveit_config/share/panda_moveit_config/launch/moveit_rviz.launch.py
[0.612s] -- Up-to-date: /home/eia/ros2_ws/install/panda_moveit_config/share/panda_moveit_config/launch/demo.launch.py
[0.612s] -- Up-to-date: /home/eia/ros2_ws/install/panda_moveit_config/share/panda_moveit_config/launch/setup_assistant.launch.py
[0.612s] -- Up-to-date: /home/eia/ros2_ws/install/panda_moveit_config/share/panda_moveit_config/launch/rsp.launch.py
[0.613s] -- Up-to-date: /home/eia/ros2_ws/install/panda_moveit_config/share/panda_moveit_config/launch/move_group.launch.py
[0.614s] -- Up-to-date: /home/eia/ros2_ws/install/panda_moveit_config/share/panda_moveit_config/launch/warehouse_db.launch.py
[0.614s] -- Up-to-date: /home/eia/ros2_ws/install/panda_moveit_config/share/panda_moveit_config/config
[0.614s] -- Up-to-date: /home/eia/ros2_ws/install/panda_moveit_config/share/panda_moveit_config/config/panda.urdf.xacro
[0.614s] -- Up-to-date: /home/eia/ros2_ws/install/panda_moveit_config/share/panda_moveit_config/config/moveit_controllers.yaml
[0.614s] -- Up-to-date: /home/eia/ros2_ws/install/panda_moveit_config/share/panda_moveit_config/config/initial_positions.yaml
[0.615s] -- Up-to-date: /home/eia/ros2_ws/install/panda_moveit_config/share/panda_moveit_config/config/moveit.rviz
[0.615s] -- Up-to-date: /home/eia/ros2_ws/install/panda_moveit_config/share/panda_moveit_config/config/joint_limits.yaml
[0.615s] -- Up-to-date: /home/eia/ros2_ws/install/panda_moveit_config/share/panda_moveit_config/config/panda.srdf
[0.615s] -- Up-to-date: /home/eia/ros2_ws/install/panda_moveit_config/share/panda_moveit_config/config/ros2_controllers.yaml
[0.615s] -- Up-to-date: /home/eia/ros2_ws/install/panda_moveit_config/share/panda_moveit_config/config/kinematics.yaml
[0.615s] -- Up-to-date: /home/eia/ros2_ws/install/panda_moveit_config/share/panda_moveit_config/config/pilz_cartesian_limits.yaml
[0.616s] -- Up-to-date: /home/eia/ros2_ws/install/panda_moveit_config/share/panda_moveit_config/config/panda.ros2_control.xacro
[0.616s] -- Up-to-date: /home/eia/ros2_ws/install/panda_moveit_config/share/panda_moveit_config/.setup_assistant
[0.616s] Invoked command in '/home/eia/ros2_ws/build/panda_moveit_config' returned '0': CMAKE_PREFIX_PATH=${CMAKE_PREFIX_PATH}:/home/eia/ws_moveit/install/moveit_configs_utils:/home/eia/ws_moveit/install/launch_param_builder:/home/eia/ros2_ws/install/nexos_ros2:/home/eia/ros2_ws/install/SCARA_EIA_Tesis_description:/opt/ros/humble /usr/bin/cmake --install /home/eia/ros2_ws/build/panda_moveit_config
