[0.109s] DEBUG:colcon:Command line arguments: ['/usr/bin/colcon', 'build']
[0.109s] DEBUG:colcon:Parsed command line arguments: Namespace(log_base=None, log_level=None, verb_name='build', build_base='build', install_base='install', merge_install=False, symlink_install=False, test_result_base=None, continue_on_error=False, executor='parallel', parallel_workers=12, event_handlers=None, ignore_user_meta=False, metas=['./colcon.meta'], base_paths=['.'], packages_ignore=None, packages_ignore_regex=None, paths=None, packages_up_to=None, packages_up_to_regex=None, packages_above=None, packages_above_and_dependencies=None, packages_above_depth=None, packages_select_by_dep=None, packages_skip_by_dep=None, packages_skip_up_to=None, packages_select_build_failed=False, packages_skip_build_finished=False, packages_select_test_failures=False, packages_skip_test_passed=False, packages_select=None, packages_skip=None, packages_select_regex=None, packages_skip_regex=None, packages_start=None, packages_end=None, allow_overriding=[], cmake_args=None, cmake_target=None, cmake_target_skip_unavailable=False, cmake_clean_cache=False, cmake_clean_first=False, cmake_force_configure=False, ament_cmake_args=None, catkin_cmake_args=None, catkin_skip_building_tests=False, mixin_files=None, mixin=None, verb_parser=<colcon_mixin.mixin.mixin_argument.MixinArgumentDecorator object at 0x734d93a3ac80>, verb_extension=<colcon_core.verb.build.BuildVerb object at 0x734d93a3a650>, main=<bound method BuildVerb.main of <colcon_core.verb.build.BuildVerb object at 0x734d93a3a650>>, mixin_verb=('build',))
[0.266s] Level 1:colcon.colcon_core.package_discovery:discover_packages(colcon_meta) check parameters
[0.266s] Level 1:colcon.colcon_core.package_discovery:discover_packages(recursive) check parameters
[0.266s] Level 1:colcon.colcon_core.package_discovery:discover_packages(ignore) check parameters
[0.266s] Level 1:colcon.colcon_core.package_discovery:discover_packages(path) check parameters
[0.266s] Level 1:colcon.colcon_core.package_discovery:discover_packages(colcon_meta) discover
[0.266s] Level 1:colcon.colcon_core.package_discovery:discover_packages(recursive) discover
[0.266s] INFO:colcon.colcon_core.package_discovery:Crawling recursively for packages in '/home/eia/ros2_ws'
[0.266s] Level 1:colcon.colcon_core.package_identification:_identify(.) by extensions ['ignore', 'ignore_ament_install']
[0.266s] Level 1:colcon.colcon_core.package_identification:_identify(.) by extension 'ignore'
[0.266s] Level 1:colcon.colcon_core.package_identification:_identify(.) by extension 'ignore_ament_install'
[0.266s] Level 1:colcon.colcon_core.package_identification:_identify(.) by extensions ['colcon_pkg']
[0.266s] Level 1:colcon.colcon_core.package_identification:_identify(.) by extension 'colcon_pkg'
[0.266s] Level 1:colcon.colcon_core.package_identification:_identify(.) by extensions ['colcon_meta']
[0.266s] Level 1:colcon.colcon_core.package_identification:_identify(.) by extension 'colcon_meta'
[0.267s] Level 1:colcon.colcon_core.package_identification:_identify(.) by extensions ['ros']
[0.267s] Level 1:colcon.colcon_core.package_identification:_identify(.) by extension 'ros'
[0.277s] Level 1:colcon.colcon_core.package_identification:_identify(.) by extensions ['cmake', 'python']
[0.277s] Level 1:colcon.colcon_core.package_identification:_identify(.) by extension 'cmake'
[0.277s] Level 1:colcon.colcon_core.package_identification:_identify(.) by extension 'python'
[0.277s] Level 1:colcon.colcon_core.package_identification:_identify(.) by extensions ['python_setup_py']
[0.277s] Level 1:colcon.colcon_core.package_identification:_identify(.) by extension 'python_setup_py'
[0.277s] Level 1:colcon.colcon_core.package_identification:_identify(build) by extensions ['ignore', 'ignore_ament_install']
[0.277s] Level 1:colcon.colcon_core.package_identification:_identify(build) by extension 'ignore'
[0.277s] Level 1:colcon.colcon_core.package_identification:_identify(build) ignored
[0.277s] Level 1:colcon.colcon_core.package_identification:_identify(install) by extensions ['ignore', 'ignore_ament_install']
[0.277s] Level 1:colcon.colcon_core.package_identification:_identify(install) by extension 'ignore'
[0.277s] Level 1:colcon.colcon_core.package_identification:_identify(install) ignored
[0.277s] Level 1:colcon.colcon_core.package_identification:_identify(log) by extensions ['ignore', 'ignore_ament_install']
[0.278s] Level 1:colcon.colcon_core.package_identification:_identify(log) by extension 'ignore'
[0.278s] Level 1:colcon.colcon_core.package_identification:_identify(log) ignored
[0.278s] Level 1:colcon.colcon_core.package_identification:_identify(src) by extensions ['ignore', 'ignore_ament_install']
[0.278s] Level 1:colcon.colcon_core.package_identification:_identify(src) by extension 'ignore'
[0.278s] Level 1:colcon.colcon_core.package_identification:_identify(src) by extension 'ignore_ament_install'
[0.278s] Level 1:colcon.colcon_core.package_identification:_identify(src) by extensions ['colcon_pkg']
[0.278s] Level 1:colcon.colcon_core.package_identification:_identify(src) by extension 'colcon_pkg'
[0.278s] Level 1:colcon.colcon_core.package_identification:_identify(src) by extensions ['colcon_meta']
[0.278s] Level 1:colcon.colcon_core.package_identification:_identify(src) by extension 'colcon_meta'
[0.278s] Level 1:colcon.colcon_core.package_identification:_identify(src) by extensions ['ros']
[0.278s] Level 1:colcon.colcon_core.package_identification:_identify(src) by extension 'ros'
[0.278s] Level 1:colcon.colcon_core.package_identification:_identify(src) by extensions ['cmake', 'python']
[0.278s] Level 1:colcon.colcon_core.package_identification:_identify(src) by extension 'cmake'
[0.278s] Level 1:colcon.colcon_core.package_identification:_identify(src) by extension 'python'
[0.278s] Level 1:colcon.colcon_core.package_identification:_identify(src) by extensions ['python_setup_py']
[0.278s] Level 1:colcon.colcon_core.package_identification:_identify(src) by extension 'python_setup_py'
[0.278s] Level 1:colcon.colcon_core.package_identification:_identify(src/SCARA_EIA_Tesis_description) by extensions ['ignore', 'ignore_ament_install']
[0.278s] Level 1:colcon.colcon_core.package_identification:_identify(src/SCARA_EIA_Tesis_description) by extension 'ignore'
[0.278s] Level 1:colcon.colcon_core.package_identification:_identify(src/SCARA_EIA_Tesis_description) by extension 'ignore_ament_install'
[0.279s] Level 1:colcon.colcon_core.package_identification:_identify(src/SCARA_EIA_Tesis_description) by extensions ['colcon_pkg']
[0.279s] Level 1:colcon.colcon_core.package_identification:_identify(src/SCARA_EIA_Tesis_description) by extension 'colcon_pkg'
[0.279s] Level 1:colcon.colcon_core.package_identification:_identify(src/SCARA_EIA_Tesis_description) by extensions ['colcon_meta']
[0.279s] Level 1:colcon.colcon_core.package_identification:_identify(src/SCARA_EIA_Tesis_description) by extension 'colcon_meta'
[0.279s] Level 1:colcon.colcon_core.package_identification:_identify(src/SCARA_EIA_Tesis_description) by extensions ['ros']
[0.279s] Level 1:colcon.colcon_core.package_identification:_identify(src/SCARA_EIA_Tesis_description) by extension 'ros'
[0.281s] DEBUG:colcon.colcon_core.package_identification:Package 'src/SCARA_EIA_Tesis_description' with type 'ros.ament_python' and name 'SCARA_EIA_Tesis_description'
[0.281s] Level 1:colcon.colcon_core.package_identification:_identify(src/nexos_aplication) by extensions ['ignore', 'ignore_ament_install']
[0.281s] Level 1:colcon.colcon_core.package_identification:_identify(src/nexos_aplication) by extension 'ignore'
[0.281s] Level 1:colcon.colcon_core.package_identification:_identify(src/nexos_aplication) by extension 'ignore_ament_install'
[0.281s] Level 1:colcon.colcon_core.package_identification:_identify(src/nexos_aplication) by extensions ['colcon_pkg']
[0.281s] Level 1:colcon.colcon_core.package_identification:_identify(src/nexos_aplication) by extension 'colcon_pkg'
[0.281s] Level 1:colcon.colcon_core.package_identification:_identify(src/nexos_aplication) by extensions ['colcon_meta']
[0.281s] Level 1:colcon.colcon_core.package_identification:_identify(src/nexos_aplication) by extension 'colcon_meta'
[0.281s] Level 1:colcon.colcon_core.package_identification:_identify(src/nexos_aplication) by extensions ['ros']
[0.282s] Level 1:colcon.colcon_core.package_identification:_identify(src/nexos_aplication) by extension 'ros'
[0.282s] DEBUG:colcon.colcon_core.package_identification:Package 'src/nexos_aplication' with type 'ros.ament_cmake' and name 'nexos_aplication'
[0.282s] Level 1:colcon.colcon_core.package_identification:_identify(src/nexos_ros2) by extensions ['ignore', 'ignore_ament_install']
[0.283s] Level 1:colcon.colcon_core.package_identification:_identify(src/nexos_ros2) by extension 'ignore'
[0.283s] Level 1:colcon.colcon_core.package_identification:_identify(src/nexos_ros2) by extension 'ignore_ament_install'
[0.283s] Level 1:colcon.colcon_core.package_identification:_identify(src/nexos_ros2) by extensions ['colcon_pkg']
[0.283s] Level 1:colcon.colcon_core.package_identification:_identify(src/nexos_ros2) by extension 'colcon_pkg'
[0.283s] Level 1:colcon.colcon_core.package_identification:_identify(src/nexos_ros2) by extensions ['colcon_meta']
[0.283s] Level 1:colcon.colcon_core.package_identification:_identify(src/nexos_ros2) by extension 'colcon_meta'
[0.283s] Level 1:colcon.colcon_core.package_identification:_identify(src/nexos_ros2) by extensions ['ros']
[0.283s] Level 1:colcon.colcon_core.package_identification:_identify(src/nexos_ros2) by extension 'ros'
[0.291s] DEBUG:colcon.colcon_core.package_identification:Package 'src/nexos_ros2' with type 'ros.ament_python' and name 'nexos_ros2'
[0.291s] Level 1:colcon.colcon_core.package_identification:_identify(src/panda_moveit_config) by extensions ['ignore', 'ignore_ament_install']
[0.291s] Level 1:colcon.colcon_core.package_identification:_identify(src/panda_moveit_config) by extension 'ignore'
[0.291s] Level 1:colcon.colcon_core.package_identification:_identify(src/panda_moveit_config) by extension 'ignore_ament_install'
[0.291s] Level 1:colcon.colcon_core.package_identification:_identify(src/panda_moveit_config) by extensions ['colcon_pkg']
[0.291s] Level 1:colcon.colcon_core.package_identification:_identify(src/panda_moveit_config) by extension 'colcon_pkg'
[0.291s] Level 1:colcon.colcon_core.package_identification:_identify(src/panda_moveit_config) by extensions ['colcon_meta']
[0.291s] Level 1:colcon.colcon_core.package_identification:_identify(src/panda_moveit_config) by extension 'colcon_meta'
[0.292s] Level 1:colcon.colcon_core.package_identification:_identify(src/panda_moveit_config) by extensions ['ros']
[0.292s] Level 1:colcon.colcon_core.package_identification:_identify(src/panda_moveit_config) by extension 'ros'
[0.292s] DEBUG:colcon.colcon_core.package_identification:Package 'src/panda_moveit_config' with type 'ros.ament_cmake' and name 'panda_moveit_config'
[0.293s] Level 1:colcon.colcon_core.package_identification:_identify(src/scara_moveit_config) by extensions ['ignore', 'ignore_ament_install']
[0.293s] Level 1:colcon.colcon_core.package_identification:_identify(src/scara_moveit_config) by extension 'ignore'
[0.293s] Level 1:colcon.colcon_core.package_identification:_identify(src/scara_moveit_config) by extension 'ignore_ament_install'
[0.293s] Level 1:colcon.colcon_core.package_identification:_identify(src/scara_moveit_config) by extensions ['colcon_pkg']
[0.293s] Level 1:colcon.colcon_core.package_identification:_identify(src/scara_moveit_config) by extension 'colcon_pkg'
[0.293s] Level 1:colcon.colcon_core.package_identification:_identify(src/scara_moveit_config) by extensions ['colcon_meta']
[0.293s] Level 1:colcon.colcon_core.package_identification:_identify(src/scara_moveit_config) by extension 'colcon_meta'
[0.293s] Level 1:colcon.colcon_core.package_identification:_identify(src/scara_moveit_config) by extensions ['ros']
[0.293s] Level 1:colcon.colcon_core.package_identification:_identify(src/scara_moveit_config) by extension 'ros'
[0.294s] DEBUG:colcon.colcon_core.package_identification:Package 'src/scara_moveit_config' with type 'ros.ament_cmake' and name 'scara_moveit_config'
[0.294s] Level 1:colcon.colcon_core.package_discovery:discover_packages(recursive) using defaults
[0.294s] Level 1:colcon.colcon_core.package_discovery:discover_packages(ignore) discover
[0.294s] Level 1:colcon.colcon_core.package_discovery:discover_packages(ignore) using defaults
[0.294s] Level 1:colcon.colcon_core.package_discovery:discover_packages(path) discover
[0.294s] Level 1:colcon.colcon_core.package_discovery:discover_packages(path) using defaults
[0.320s] Level 1:colcon.colcon_core.package_discovery:discover_packages(prefix_path) check parameters
[0.320s] Level 1:colcon.colcon_core.package_discovery:discover_packages(prefix_path) discover
[0.324s] DEBUG:colcon.colcon_installed_package_information.package_discovery:Found 56 installed packages in /home/eia/ws_moveit/install
[0.325s] DEBUG:colcon.colcon_installed_package_information.package_discovery:Found 5 installed packages in /home/eia/ros2_ws/install
[0.326s] DEBUG:colcon.colcon_installed_package_information.package_discovery:Found 324 installed packages in /opt/ros/humble
[0.328s] Level 1:colcon.colcon_core.package_discovery:discover_packages(prefix_path) using defaults
[0.375s] Level 5:colcon.colcon_core.verb:set package 'SCARA_EIA_Tesis_description' build argument 'cmake_args' from command line to 'None'
[0.375s] Level 5:colcon.colcon_core.verb:set package 'SCARA_EIA_Tesis_description' build argument 'cmake_target' from command line to 'None'
[0.375s] Level 5:colcon.colcon_core.verb:set package 'SCARA_EIA_Tesis_description' build argument 'cmake_target_skip_unavailable' from command line to 'False'
[0.375s] Level 5:colcon.colcon_core.verb:set package 'SCARA_EIA_Tesis_description' build argument 'cmake_clean_cache' from command line to 'False'
[0.375s] Level 5:colcon.colcon_core.verb:set package 'SCARA_EIA_Tesis_description' build argument 'cmake_clean_first' from command line to 'False'
[0.375s] Level 5:colcon.colcon_core.verb:set package 'SCARA_EIA_Tesis_description' build argument 'cmake_force_configure' from command line to 'False'
[0.375s] Level 5:colcon.colcon_core.verb:set package 'SCARA_EIA_Tesis_description' build argument 'ament_cmake_args' from command line to 'None'
[0.375s] Level 5:colcon.colcon_core.verb:set package 'SCARA_EIA_Tesis_description' build argument 'catkin_cmake_args' from command line to 'None'
[0.375s] Level 5:colcon.colcon_core.verb:set package 'SCARA_EIA_Tesis_description' build argument 'catkin_skip_building_tests' from command line to 'False'
[0.375s] DEBUG:colcon.colcon_core.verb:Building package 'SCARA_EIA_Tesis_description' with the following arguments: {'ament_cmake_args': None, 'build_base': '/home/eia/ros2_ws/build/SCARA_EIA_Tesis_description', 'catkin_cmake_args': None, 'catkin_skip_building_tests': False, 'cmake_args': None, 'cmake_clean_cache': False, 'cmake_clean_first': False, 'cmake_force_configure': False, 'cmake_target': None, 'cmake_target_skip_unavailable': False, 'install_base': '/home/eia/ros2_ws/install/SCARA_EIA_Tesis_description', 'merge_install': False, 'path': '/home/eia/ros2_ws/src/SCARA_EIA_Tesis_description', 'symlink_install': False, 'test_result_base': None}
[0.375s] Level 5:colcon.colcon_core.verb:set package 'nexos_aplication' build argument 'cmake_args' from command line to 'None'
[0.375s] Level 5:colcon.colcon_core.verb:set package 'nexos_aplication' build argument 'cmake_target' from command line to 'None'
[0.375s] Level 5:colcon.colcon_core.verb:set package 'nexos_aplication' build argument 'cmake_target_skip_unavailable' from command line to 'False'
[0.375s] Level 5:colcon.colcon_core.verb:set package 'nexos_aplication' build argument 'cmake_clean_cache' from command line to 'False'
[0.375s] Level 5:colcon.colcon_core.verb:set package 'nexos_aplication' build argument 'cmake_clean_first' from command line to 'False'
[0.375s] Level 5:colcon.colcon_core.verb:set package 'nexos_aplication' build argument 'cmake_force_configure' from command line to 'False'
[0.375s] Level 5:colcon.colcon_core.verb:set package 'nexos_aplication' build argument 'ament_cmake_args' from command line to 'None'
[0.375s] Level 5:colcon.colcon_core.verb:set package 'nexos_aplication' build argument 'catkin_cmake_args' from command line to 'None'
[0.375s] Level 5:colcon.colcon_core.verb:set package 'nexos_aplication' build argument 'catkin_skip_building_tests' from command line to 'False'
[0.376s] DEBUG:colcon.colcon_core.verb:Building package 'nexos_aplication' with the following arguments: {'ament_cmake_args': None, 'build_base': '/home/eia/ros2_ws/build/nexos_aplication', 'catkin_cmake_args': None, 'catkin_skip_building_tests': False, 'cmake_args': None, 'cmake_clean_cache': False, 'cmake_clean_first': False, 'cmake_force_configure': False, 'cmake_target': None, 'cmake_target_skip_unavailable': False, 'install_base': '/home/eia/ros2_ws/install/nexos_aplication', 'merge_install': False, 'path': '/home/eia/ros2_ws/src/nexos_aplication', 'symlink_install': False, 'test_result_base': None}
[0.376s] Level 5:colcon.colcon_core.verb:set package 'nexos_ros2' build argument 'cmake_args' from command line to 'None'
[0.376s] Level 5:colcon.colcon_core.verb:set package 'nexos_ros2' build argument 'cmake_target' from command line to 'None'
[0.376s] Level 5:colcon.colcon_core.verb:set package 'nexos_ros2' build argument 'cmake_target_skip_unavailable' from command line to 'False'
[0.376s] Level 5:colcon.colcon_core.verb:set package 'nexos_ros2' build argument 'cmake_clean_cache' from command line to 'False'
[0.376s] Level 5:colcon.colcon_core.verb:set package 'nexos_ros2' build argument 'cmake_clean_first' from command line to 'False'
[0.376s] Level 5:colcon.colcon_core.verb:set package 'nexos_ros2' build argument 'cmake_force_configure' from command line to 'False'
[0.376s] Level 5:colcon.colcon_core.verb:set package 'nexos_ros2' build argument 'ament_cmake_args' from command line to 'None'
[0.376s] Level 5:colcon.colcon_core.verb:set package 'nexos_ros2' build argument 'catkin_cmake_args' from command line to 'None'
[0.376s] Level 5:colcon.colcon_core.verb:set package 'nexos_ros2' build argument 'catkin_skip_building_tests' from command line to 'False'
[0.376s] DEBUG:colcon.colcon_core.verb:Building package 'nexos_ros2' with the following arguments: {'ament_cmake_args': None, 'build_base': '/home/eia/ros2_ws/build/nexos_ros2', 'catkin_cmake_args': None, 'catkin_skip_building_tests': False, 'cmake_args': None, 'cmake_clean_cache': False, 'cmake_clean_first': False, 'cmake_force_configure': False, 'cmake_target': None, 'cmake_target_skip_unavailable': False, 'install_base': '/home/eia/ros2_ws/install/nexos_ros2', 'merge_install': False, 'path': '/home/eia/ros2_ws/src/nexos_ros2', 'symlink_install': False, 'test_result_base': None}
[0.376s] Level 5:colcon.colcon_core.verb:set package 'panda_moveit_config' build argument 'cmake_args' from command line to 'None'
[0.376s] Level 5:colcon.colcon_core.verb:set package 'panda_moveit_config' build argument 'cmake_target' from command line to 'None'
[0.376s] Level 5:colcon.colcon_core.verb:set package 'panda_moveit_config' build argument 'cmake_target_skip_unavailable' from command line to 'False'
[0.376s] Level 5:colcon.colcon_core.verb:set package 'panda_moveit_config' build argument 'cmake_clean_cache' from command line to 'False'
[0.377s] Level 5:colcon.colcon_core.verb:set package 'panda_moveit_config' build argument 'cmake_clean_first' from command line to 'False'
[0.377s] Level 5:colcon.colcon_core.verb:set package 'panda_moveit_config' build argument 'cmake_force_configure' from command line to 'False'
[0.377s] Level 5:colcon.colcon_core.verb:set package 'panda_moveit_config' build argument 'ament_cmake_args' from command line to 'None'
[0.377s] Level 5:colcon.colcon_core.verb:set package 'panda_moveit_config' build argument 'catkin_cmake_args' from command line to 'None'
[0.377s] Level 5:colcon.colcon_core.verb:set package 'panda_moveit_config' build argument 'catkin_skip_building_tests' from command line to 'False'
[0.377s] DEBUG:colcon.colcon_core.verb:Building package 'panda_moveit_config' with the following arguments: {'ament_cmake_args': None, 'build_base': '/home/eia/ros2_ws/build/panda_moveit_config', 'catkin_cmake_args': None, 'catkin_skip_building_tests': False, 'cmake_args': None, 'cmake_clean_cache': False, 'cmake_clean_first': False, 'cmake_force_configure': False, 'cmake_target': None, 'cmake_target_skip_unavailable': False, 'install_base': '/home/eia/ros2_ws/install/panda_moveit_config', 'merge_install': False, 'path': '/home/eia/ros2_ws/src/panda_moveit_config', 'symlink_install': False, 'test_result_base': None}
[0.377s] Level 5:colcon.colcon_core.verb:set package 'scara_moveit_config' build argument 'cmake_args' from command line to 'None'
[0.377s] Level 5:colcon.colcon_core.verb:set package 'scara_moveit_config' build argument 'cmake_target' from command line to 'None'
[0.377s] Level 5:colcon.colcon_core.verb:set package 'scara_moveit_config' build argument 'cmake_target_skip_unavailable' from command line to 'False'
[0.377s] Level 5:colcon.colcon_core.verb:set package 'scara_moveit_config' build argument 'cmake_clean_cache' from command line to 'False'
[0.377s] Level 5:colcon.colcon_core.verb:set package 'scara_moveit_config' build argument 'cmake_clean_first' from command line to 'False'
[0.377s] Level 5:colcon.colcon_core.verb:set package 'scara_moveit_config' build argument 'cmake_force_configure' from command line to 'False'
[0.377s] Level 5:colcon.colcon_core.verb:set package 'scara_moveit_config' build argument 'ament_cmake_args' from command line to 'None'
[0.377s] Level 5:colcon.colcon_core.verb:set package 'scara_moveit_config' build argument 'catkin_cmake_args' from command line to 'None'
[0.377s] Level 5:colcon.colcon_core.verb:set package 'scara_moveit_config' build argument 'catkin_skip_building_tests' from command line to 'False'
[0.377s] DEBUG:colcon.colcon_core.verb:Building package 'scara_moveit_config' with the following arguments: {'ament_cmake_args': None, 'build_base': '/home/eia/ros2_ws/build/scara_moveit_config', 'catkin_cmake_args': None, 'catkin_skip_building_tests': False, 'cmake_args': None, 'cmake_clean_cache': False, 'cmake_clean_first': False, 'cmake_force_configure': False, 'cmake_target': None, 'cmake_target_skip_unavailable': False, 'install_base': '/home/eia/ros2_ws/install/scara_moveit_config', 'merge_install': False, 'path': '/home/eia/ros2_ws/src/scara_moveit_config', 'symlink_install': False, 'test_result_base': None}
[0.377s] INFO:colcon.colcon_core.executor:Executing jobs using 'parallel' executor
[0.378s] DEBUG:colcon.colcon_parallel_executor.executor.parallel:run_until_complete
[0.378s] INFO:colcon.colcon_ros.task.ament_python.build:Building ROS package in '/home/eia/ros2_ws/src/SCARA_EIA_Tesis_description' with build type 'ament_python'
[0.379s] Level 1:colcon.colcon_core.shell:create_environment_hook('SCARA_EIA_Tesis_description', 'ament_prefix_path')
[0.380s] INFO:colcon.colcon_core.plugin_system:Skipping extension 'colcon_core.shell.bat': Not used on non-Windows systems
[0.381s] INFO:colcon.colcon_core.shell:Creating environment hook '/home/eia/ros2_ws/install/SCARA_EIA_Tesis_description/share/SCARA_EIA_Tesis_description/hook/ament_prefix_path.ps1'
[0.381s] INFO:colcon.colcon_core.shell:Creating environment descriptor '/home/eia/ros2_ws/install/SCARA_EIA_Tesis_description/share/SCARA_EIA_Tesis_description/hook/ament_prefix_path.dsv'
[0.381s] INFO:colcon.colcon_core.shell:Creating environment hook '/home/eia/ros2_ws/install/SCARA_EIA_Tesis_description/share/SCARA_EIA_Tesis_description/hook/ament_prefix_path.sh'
[0.382s] INFO:colcon.colcon_core.shell:Skip shell extension 'powershell' for command environment: Not usable outside of PowerShell
[0.382s] DEBUG:colcon.colcon_core.shell:Skip shell extension 'dsv' for command environment
[0.389s] INFO:colcon.colcon_ros.task.ament_cmake.build:Building ROS package in '/home/eia/ros2_ws/src/nexos_aplication' with build type 'ament_cmake'
[0.389s] INFO:colcon.colcon_cmake.task.cmake.build:Building CMake package in '/home/eia/ros2_ws/src/nexos_aplication'
[0.389s] INFO:colcon.colcon_core.shell:Skip shell extension 'powershell' for command environment: Not usable outside of PowerShell
[0.389s] DEBUG:colcon.colcon_core.shell:Skip shell extension 'dsv' for command environment
[0.396s] INFO:colcon.colcon_ros.task.ament_python.build:Building ROS package in '/home/eia/ros2_ws/src/nexos_ros2' with build type 'ament_python'
[0.397s] Level 1:colcon.colcon_core.shell:create_environment_hook('nexos_ros2', 'ament_prefix_path')
[0.397s] INFO:colcon.colcon_core.shell:Creating environment hook '/home/eia/ros2_ws/install/nexos_ros2/share/nexos_ros2/hook/ament_prefix_path.ps1'
[0.397s] INFO:colcon.colcon_core.shell:Creating environment descriptor '/home/eia/ros2_ws/install/nexos_ros2/share/nexos_ros2/hook/ament_prefix_path.dsv'
[0.397s] INFO:colcon.colcon_core.shell:Creating environment hook '/home/eia/ros2_ws/install/nexos_ros2/share/nexos_ros2/hook/ament_prefix_path.sh'
[0.398s] INFO:colcon.colcon_core.shell:Skip shell extension 'powershell' for command environment: Not usable outside of PowerShell
[0.398s] DEBUG:colcon.colcon_core.shell:Skip shell extension 'dsv' for command environment
[0.404s] INFO:colcon.colcon_ros.task.ament_cmake.build:Building ROS package in '/home/eia/ros2_ws/src/panda_moveit_config' with build type 'ament_cmake'
[0.405s] INFO:colcon.colcon_cmake.task.cmake.build:Building CMake package in '/home/eia/ros2_ws/src/panda_moveit_config'
[0.405s] INFO:colcon.colcon_core.shell:Skip shell extension 'powershell' for command environment: Not usable outside of PowerShell
[0.405s] DEBUG:colcon.colcon_core.shell:Skip shell extension 'dsv' for command environment
[0.655s] INFO:colcon.colcon_core.task.python.build:Building Python package in '/home/eia/ros2_ws/src/SCARA_EIA_Tesis_description'
[0.655s] INFO:colcon.colcon_core.shell:Skip shell extension 'powershell' for command environment: Not usable outside of PowerShell
[0.655s] DEBUG:colcon.colcon_core.shell:Skip shell extension 'dsv' for command environment
[0.665s] DEBUG:colcon.colcon_core.event_handler.log_command:Invoking command in '/home/eia/ros2_ws/build/nexos_aplication': CMAKE_PREFIX_PATH=${CMAKE_PREFIX_PATH}:/home/eia/ws_moveit/install/moveit_configs_utils:/home/eia/ws_moveit/install/launch_param_builder:/home/eia/ros2_ws/install/nexos_ros2:/home/eia/ros2_ws/install/SCARA_EIA_Tesis_description:/opt/ros/humble /usr/bin/cmake --build /home/eia/ros2_ws/build/nexos_aplication -- -j12 -l12
[0.897s] INFO:colcon.colcon_core.task.python.build:Building Python package in '/home/eia/ros2_ws/src/nexos_ros2'
[0.897s] INFO:colcon.colcon_core.shell:Skip shell extension 'powershell' for command environment: Not usable outside of PowerShell
[0.897s] DEBUG:colcon.colcon_core.shell:Skip shell extension 'dsv' for command environment
[0.909s] DEBUG:colcon.colcon_core.event_handler.log_command:Invoking command in '/home/eia/ros2_ws/build/panda_moveit_config': CMAKE_PREFIX_PATH=${CMAKE_PREFIX_PATH}:/home/eia/ws_moveit/install/moveit_configs_utils:/home/eia/ws_moveit/install/launch_param_builder:/home/eia/ros2_ws/install/nexos_ros2:/home/eia/ros2_ws/install/SCARA_EIA_Tesis_description:/opt/ros/humble /usr/bin/cmake --build /home/eia/ros2_ws/build/panda_moveit_config -- -j12 -l12
[0.912s] DEBUG:colcon.colcon_core.event_handler.log_command:Invoked command in '/home/eia/ros2_ws/build/nexos_aplication' returned '0': CMAKE_PREFIX_PATH=${CMAKE_PREFIX_PATH}:/home/eia/ws_moveit/install/moveit_configs_utils:/home/eia/ws_moveit/install/launch_param_builder:/home/eia/ros2_ws/install/nexos_ros2:/home/eia/ros2_ws/install/SCARA_EIA_Tesis_description:/opt/ros/humble /usr/bin/cmake --build /home/eia/ros2_ws/build/nexos_aplication -- -j12 -l12
[0.958s] DEBUG:colcon.colcon_core.event_handler.log_command:Invoked command in '/home/eia/ros2_ws/build/panda_moveit_config' returned '0': CMAKE_PREFIX_PATH=${CMAKE_PREFIX_PATH}:/home/eia/ws_moveit/install/moveit_configs_utils:/home/eia/ws_moveit/install/launch_param_builder:/home/eia/ros2_ws/install/nexos_ros2:/home/eia/ros2_ws/install/SCARA_EIA_Tesis_description:/opt/ros/humble /usr/bin/cmake --build /home/eia/ros2_ws/build/panda_moveit_config -- -j12 -l12
[0.977s] DEBUG:colcon.colcon_core.event_handler.log_command:Invoking command in '/home/eia/ros2_ws/build/nexos_aplication': CMAKE_PREFIX_PATH=${CMAKE_PREFIX_PATH}:/home/eia/ws_moveit/install/moveit_configs_utils:/home/eia/ws_moveit/install/launch_param_builder:/home/eia/ros2_ws/install/nexos_ros2:/home/eia/ros2_ws/install/SCARA_EIA_Tesis_description:/opt/ros/humble /usr/bin/cmake --install /home/eia/ros2_ws/build/nexos_aplication
[0.991s] Level 1:colcon.colcon_core.environment:create_environment_scripts_only(nexos_aplication)
[0.991s] DEBUG:colcon.colcon_core.event_handler.log_command:Invoked command in '/home/eia/ros2_ws/build/nexos_aplication' returned '0': CMAKE_PREFIX_PATH=${CMAKE_PREFIX_PATH}:/home/eia/ws_moveit/install/moveit_configs_utils:/home/eia/ws_moveit/install/launch_param_builder:/home/eia/ros2_ws/install/nexos_ros2:/home/eia/ros2_ws/install/SCARA_EIA_Tesis_description:/opt/ros/humble /usr/bin/cmake --install /home/eia/ros2_ws/build/nexos_aplication
[0.994s] Level 1:colcon.colcon_core.environment:checking '/home/eia/ros2_ws/install/nexos_aplication' for CMake module files
[0.994s] Level 1:colcon.colcon_core.environment:checking '/home/eia/ros2_ws/install/nexos_aplication' for CMake config files
[0.994s] Level 1:colcon.colcon_core.shell:create_environment_hook('nexos_aplication', 'cmake_prefix_path')
[0.995s] INFO:colcon.colcon_core.shell:Creating environment hook '/home/eia/ros2_ws/install/nexos_aplication/share/nexos_aplication/hook/cmake_prefix_path.ps1'
[0.995s] INFO:colcon.colcon_core.shell:Creating environment descriptor '/home/eia/ros2_ws/install/nexos_aplication/share/nexos_aplication/hook/cmake_prefix_path.dsv'
[0.995s] INFO:colcon.colcon_core.shell:Creating environment hook '/home/eia/ros2_ws/install/nexos_aplication/share/nexos_aplication/hook/cmake_prefix_path.sh'
[0.996s] Level 1:colcon.colcon_core.environment:checking '/home/eia/ros2_ws/install/nexos_aplication/lib'
[0.996s] Level 1:colcon.colcon_core.environment:checking '/home/eia/ros2_ws/install/nexos_aplication/bin'
[0.996s] Level 1:colcon.colcon_core.environment:checking '/home/eia/ros2_ws/install/nexos_aplication/lib/pkgconfig/nexos_aplication.pc'
[0.996s] Level 1:colcon.colcon_core.environment:checking '/home/eia/ros2_ws/install/nexos_aplication/lib/python3.10/site-packages'
[0.997s] Level 1:colcon.colcon_core.environment:checking '/home/eia/ros2_ws/install/nexos_aplication/bin'
[0.997s] INFO:colcon.colcon_core.shell:Creating package script '/home/eia/ros2_ws/install/nexos_aplication/share/nexos_aplication/package.ps1'
[0.998s] INFO:colcon.colcon_core.shell:Creating package descriptor '/home/eia/ros2_ws/install/nexos_aplication/share/nexos_aplication/package.dsv'
[0.998s] INFO:colcon.colcon_core.shell:Creating package script '/home/eia/ros2_ws/install/nexos_aplication/share/nexos_aplication/package.sh'
[0.999s] INFO:colcon.colcon_core.shell:Creating package script '/home/eia/ros2_ws/install/nexos_aplication/share/nexos_aplication/package.bash'
[0.999s] INFO:colcon.colcon_core.shell:Creating package script '/home/eia/ros2_ws/install/nexos_aplication/share/nexos_aplication/package.zsh'
[1.000s] Level 1:colcon.colcon_core.environment:create_file_with_runtime_dependencies(/home/eia/ros2_ws/install/nexos_aplication/share/colcon-core/packages/nexos_aplication)
[1.002s] DEBUG:colcon.colcon_core.event_handler.log_command:Invoking command in '/home/eia/ros2_ws/build/panda_moveit_config': CMAKE_PREFIX_PATH=${CMAKE_PREFIX_PATH}:/home/eia/ws_moveit/install/moveit_configs_utils:/home/eia/ws_moveit/install/launch_param_builder:/home/eia/ros2_ws/install/nexos_ros2:/home/eia/ros2_ws/install/SCARA_EIA_Tesis_description:/opt/ros/humble /usr/bin/cmake --install /home/eia/ros2_ws/build/panda_moveit_config
[1.018s] Level 1:colcon.colcon_core.environment:create_environment_scripts_only(panda_moveit_config)
[1.018s] Level 1:colcon.colcon_core.environment:checking '/home/eia/ros2_ws/install/panda_moveit_config' for CMake module files
[1.019s] Level 1:colcon.colcon_core.environment:checking '/home/eia/ros2_ws/install/panda_moveit_config' for CMake config files
[1.021s] Level 1:colcon.colcon_core.shell:create_environment_hook('panda_moveit_config', 'cmake_prefix_path')
[1.021s] DEBUG:colcon.colcon_core.event_handler.log_command:Invoked command in '/home/eia/ros2_ws/build/panda_moveit_config' returned '0': CMAKE_PREFIX_PATH=${CMAKE_PREFIX_PATH}:/home/eia/ws_moveit/install/moveit_configs_utils:/home/eia/ws_moveit/install/launch_param_builder:/home/eia/ros2_ws/install/nexos_ros2:/home/eia/ros2_ws/install/SCARA_EIA_Tesis_description:/opt/ros/humble /usr/bin/cmake --install /home/eia/ros2_ws/build/panda_moveit_config
[1.022s] INFO:colcon.colcon_core.shell:Creating environment hook '/home/eia/ros2_ws/install/panda_moveit_config/share/panda_moveit_config/hook/cmake_prefix_path.ps1'
[1.022s] INFO:colcon.colcon_core.shell:Creating environment descriptor '/home/eia/ros2_ws/install/panda_moveit_config/share/panda_moveit_config/hook/cmake_prefix_path.dsv'
[1.022s] INFO:colcon.colcon_core.shell:Creating environment hook '/home/eia/ros2_ws/install/panda_moveit_config/share/panda_moveit_config/hook/cmake_prefix_path.sh'
[1.023s] Level 1:colcon.colcon_core.environment:checking '/home/eia/ros2_ws/install/panda_moveit_config/bin'
[1.023s] Level 1:colcon.colcon_core.environment:checking '/home/eia/ros2_ws/install/panda_moveit_config/lib/pkgconfig/panda_moveit_config.pc'
[1.023s] Level 1:colcon.colcon_core.environment:checking '/home/eia/ros2_ws/install/panda_moveit_config/lib/python3.10/site-packages'
[1.023s] Level 1:colcon.colcon_core.environment:checking '/home/eia/ros2_ws/install/panda_moveit_config/bin'
[1.023s] INFO:colcon.colcon_core.shell:Creating package script '/home/eia/ros2_ws/install/panda_moveit_config/share/panda_moveit_config/package.ps1'
[1.024s] INFO:colcon.colcon_core.shell:Creating package descriptor '/home/eia/ros2_ws/install/panda_moveit_config/share/panda_moveit_config/package.dsv'
[1.024s] INFO:colcon.colcon_core.shell:Creating package script '/home/eia/ros2_ws/install/panda_moveit_config/share/panda_moveit_config/package.sh'
[1.024s] INFO:colcon.colcon_core.shell:Creating package script '/home/eia/ros2_ws/install/panda_moveit_config/share/panda_moveit_config/package.bash'
[1.025s] INFO:colcon.colcon_core.shell:Creating package script '/home/eia/ros2_ws/install/panda_moveit_config/share/panda_moveit_config/package.zsh'
[1.025s] Level 1:colcon.colcon_core.environment:create_file_with_runtime_dependencies(/home/eia/ros2_ws/install/panda_moveit_config/share/colcon-core/packages/panda_moveit_config)
[1.057s] Level 1:colcon.colcon_core.environment:create_environment_scripts_only(nexos_aplication)
[1.057s] Level 1:colcon.colcon_core.environment:checking '/home/eia/ros2_ws/install/nexos_aplication' for CMake module files
[1.057s] Level 1:colcon.colcon_core.environment:checking '/home/eia/ros2_ws/install/nexos_aplication' for CMake config files
[1.058s] Level 1:colcon.colcon_core.shell:create_environment_hook('nexos_aplication', 'cmake_prefix_path')
[1.058s] INFO:colcon.colcon_core.shell:Creating environment hook '/home/eia/ros2_ws/install/nexos_aplication/share/nexos_aplication/hook/cmake_prefix_path.ps1'
[1.058s] INFO:colcon.colcon_core.shell:Creating environment descriptor '/home/eia/ros2_ws/install/nexos_aplication/share/nexos_aplication/hook/cmake_prefix_path.dsv'
[1.059s] INFO:colcon.colcon_core.shell:Creating environment hook '/home/eia/ros2_ws/install/nexos_aplication/share/nexos_aplication/hook/cmake_prefix_path.sh'
[1.059s] Level 1:colcon.colcon_core.environment:checking '/home/eia/ros2_ws/install/nexos_aplication/lib'
[1.059s] Level 1:colcon.colcon_core.environment:checking '/home/eia/ros2_ws/install/nexos_aplication/bin'
[1.059s] Level 1:colcon.colcon_core.environment:checking '/home/eia/ros2_ws/install/nexos_aplication/lib/pkgconfig/nexos_aplication.pc'
[1.059s] Level 1:colcon.colcon_core.environment:checking '/home/eia/ros2_ws/install/nexos_aplication/lib/python3.10/site-packages'
[1.060s] Level 1:colcon.colcon_core.environment:checking '/home/eia/ros2_ws/install/nexos_aplication/bin'
[1.060s] INFO:colcon.colcon_core.shell:Creating package script '/home/eia/ros2_ws/install/nexos_aplication/share/nexos_aplication/package.ps1'
[1.061s] INFO:colcon.colcon_core.shell:Creating package descriptor '/home/eia/ros2_ws/install/nexos_aplication/share/nexos_aplication/package.dsv'
[1.061s] INFO:colcon.colcon_core.shell:Creating package script '/home/eia/ros2_ws/install/nexos_aplication/share/nexos_aplication/package.sh'
[1.061s] INFO:colcon.colcon_core.shell:Creating package script '/home/eia/ros2_ws/install/nexos_aplication/share/nexos_aplication/package.bash'
[1.062s] INFO:colcon.colcon_core.shell:Creating package script '/home/eia/ros2_ws/install/nexos_aplication/share/nexos_aplication/package.zsh'
[1.062s] Level 1:colcon.colcon_core.environment:create_file_with_runtime_dependencies(/home/eia/ros2_ws/install/nexos_aplication/share/colcon-core/packages/nexos_aplication)
[1.066s] Level 1:colcon.colcon_core.environment:create_environment_scripts_only(panda_moveit_config)
[1.066s] Level 1:colcon.colcon_core.environment:checking '/home/eia/ros2_ws/install/panda_moveit_config' for CMake module files
[1.066s] Level 1:colcon.colcon_core.environment:checking '/home/eia/ros2_ws/install/panda_moveit_config' for CMake config files
[1.067s] Level 1:colcon.colcon_core.shell:create_environment_hook('panda_moveit_config', 'cmake_prefix_path')
[1.067s] INFO:colcon.colcon_core.shell:Creating environment hook '/home/eia/ros2_ws/install/panda_moveit_config/share/panda_moveit_config/hook/cmake_prefix_path.ps1'
[1.067s] INFO:colcon.colcon_core.shell:Creating environment descriptor '/home/eia/ros2_ws/install/panda_moveit_config/share/panda_moveit_config/hook/cmake_prefix_path.dsv'
[1.067s] INFO:colcon.colcon_core.shell:Creating environment hook '/home/eia/ros2_ws/install/panda_moveit_config/share/panda_moveit_config/hook/cmake_prefix_path.sh'
[1.068s] Level 1:colcon.colcon_core.environment:checking '/home/eia/ros2_ws/install/panda_moveit_config/bin'
[1.068s] Level 1:colcon.colcon_core.environment:checking '/home/eia/ros2_ws/install/panda_moveit_config/lib/pkgconfig/panda_moveit_config.pc'
[1.068s] Level 1:colcon.colcon_core.environment:checking '/home/eia/ros2_ws/install/panda_moveit_config/lib/python3.10/site-packages'
[1.068s] Level 1:colcon.colcon_core.environment:checking '/home/eia/ros2_ws/install/panda_moveit_config/bin'
[1.069s] INFO:colcon.colcon_core.shell:Creating package script '/home/eia/ros2_ws/install/panda_moveit_config/share/panda_moveit_config/package.ps1'
[1.069s] INFO:colcon.colcon_core.shell:Creating package descriptor '/home/eia/ros2_ws/install/panda_moveit_config/share/panda_moveit_config/package.dsv'
[1.069s] INFO:colcon.colcon_core.shell:Creating package script '/home/eia/ros2_ws/install/panda_moveit_config/share/panda_moveit_config/package.sh'
[1.070s] INFO:colcon.colcon_core.shell:Creating package script '/home/eia/ros2_ws/install/panda_moveit_config/share/panda_moveit_config/package.bash'
[1.070s] INFO:colcon.colcon_core.shell:Creating package script '/home/eia/ros2_ws/install/panda_moveit_config/share/panda_moveit_config/package.zsh'
[1.070s] Level 1:colcon.colcon_core.environment:create_file_with_runtime_dependencies(/home/eia/ros2_ws/install/panda_moveit_config/share/colcon-core/packages/panda_moveit_config)
[1.257s] DEBUG:colcon.colcon_core.event_handler.log_command:Invoking command in '/home/eia/ros2_ws/src/SCARA_EIA_Tesis_description': PYTHONPATH=/home/eia/ros2_ws/build/SCARA_EIA_Tesis_description/prefix_override:/usr/lib/python3/dist-packages/colcon_core/task/python/colcon_distutils_commands:/home/eia/ros2_ws/install/SCARA_EIA_Tesis_description/lib/python3.10/site-packages:${PYTHONPATH} /usr/bin/python3 -W ignore:setup.py install is deprecated setup.py egg_info --egg-base ../../build/SCARA_EIA_Tesis_description build --build-base /home/eia/ros2_ws/build/SCARA_EIA_Tesis_description/build install --record /home/eia/ros2_ws/build/SCARA_EIA_Tesis_description/install.log --install-scripts $base/lib/SCARA_EIA_Tesis_description --single-version-externally-managed install_data
[1.269s] DEBUG:colcon.colcon_core.event_handler.log_command:Invoking command in '/home/eia/ros2_ws/src/nexos_ros2': PYTHONPATH=/home/eia/ros2_ws/build/nexos_ros2/prefix_override:/usr/lib/python3/dist-packages/colcon_core/task/python/colcon_distutils_commands:/home/eia/ros2_ws/install/nexos_ros2/lib/python3.10/site-packages:${PYTHONPATH} /usr/bin/python3 -W ignore:setup.py install is deprecated setup.py egg_info --egg-base ../../build/nexos_ros2 build --build-base /home/eia/ros2_ws/build/nexos_ros2/build install --record /home/eia/ros2_ws/build/nexos_ros2/install.log --single-version-externally-managed install_data
[1.537s] Level 1:colcon.colcon_core.environment:checking '/home/eia/ros2_ws/install/SCARA_EIA_Tesis_description' for CMake module files
[1.537s] DEBUG:colcon.colcon_core.event_handler.log_command:Invoked command in '/home/eia/ros2_ws/src/SCARA_EIA_Tesis_description' returned '0': PYTHONPATH=/home/eia/ros2_ws/build/SCARA_EIA_Tesis_description/prefix_override:/usr/lib/python3/dist-packages/colcon_core/task/python/colcon_distutils_commands:/home/eia/ros2_ws/install/SCARA_EIA_Tesis_description/lib/python3.10/site-packages:${PYTHONPATH} /usr/bin/python3 -W ignore:setup.py install is deprecated setup.py egg_info --egg-base ../../build/SCARA_EIA_Tesis_description build --build-base /home/eia/ros2_ws/build/SCARA_EIA_Tesis_description/build install --record /home/eia/ros2_ws/build/SCARA_EIA_Tesis_description/install.log --install-scripts $base/lib/SCARA_EIA_Tesis_description --single-version-externally-managed install_data
[1.538s] Level 1:colcon.colcon_core.environment:checking '/home/eia/ros2_ws/install/SCARA_EIA_Tesis_description' for CMake config files
[1.539s] Level 1:colcon.colcon_core.environment:checking '/home/eia/ros2_ws/install/SCARA_EIA_Tesis_description/lib'
[1.539s] Level 1:colcon.colcon_core.environment:checking '/home/eia/ros2_ws/install/SCARA_EIA_Tesis_description/bin'
[1.539s] Level 1:colcon.colcon_core.environment:checking '/home/eia/ros2_ws/install/SCARA_EIA_Tesis_description/lib/pkgconfig/SCARA_EIA_Tesis_description.pc'
[1.539s] Level 1:colcon.colcon_core.environment:checking '/home/eia/ros2_ws/install/SCARA_EIA_Tesis_description/lib/python3.10/site-packages'
[1.540s] Level 1:colcon.colcon_core.shell:create_environment_hook('SCARA_EIA_Tesis_description', 'pythonpath')
[1.540s] INFO:colcon.colcon_core.shell:Creating environment hook '/home/eia/ros2_ws/install/SCARA_EIA_Tesis_description/share/SCARA_EIA_Tesis_description/hook/pythonpath.ps1'
[1.540s] INFO:colcon.colcon_core.shell:Creating environment descriptor '/home/eia/ros2_ws/install/SCARA_EIA_Tesis_description/share/SCARA_EIA_Tesis_description/hook/pythonpath.dsv'
[1.541s] INFO:colcon.colcon_core.shell:Creating environment hook '/home/eia/ros2_ws/install/SCARA_EIA_Tesis_description/share/SCARA_EIA_Tesis_description/hook/pythonpath.sh'
[1.541s] Level 1:colcon.colcon_core.environment:checking '/home/eia/ros2_ws/install/SCARA_EIA_Tesis_description/bin'
[1.541s] Level 1:colcon.colcon_core.environment:create_environment_scripts_only(SCARA_EIA_Tesis_description)
[1.541s] INFO:colcon.colcon_core.shell:Creating package script '/home/eia/ros2_ws/install/SCARA_EIA_Tesis_description/share/SCARA_EIA_Tesis_description/package.ps1'
[1.542s] INFO:colcon.colcon_core.shell:Creating package descriptor '/home/eia/ros2_ws/install/SCARA_EIA_Tesis_description/share/SCARA_EIA_Tesis_description/package.dsv'
[1.542s] INFO:colcon.colcon_core.shell:Creating package script '/home/eia/ros2_ws/install/SCARA_EIA_Tesis_description/share/SCARA_EIA_Tesis_description/package.sh'
[1.542s] INFO:colcon.colcon_core.shell:Creating package script '/home/eia/ros2_ws/install/SCARA_EIA_Tesis_description/share/SCARA_EIA_Tesis_description/package.bash'
[1.543s] INFO:colcon.colcon_core.shell:Creating package script '/home/eia/ros2_ws/install/SCARA_EIA_Tesis_description/share/SCARA_EIA_Tesis_description/package.zsh'
[1.543s] Level 1:colcon.colcon_core.environment:create_file_with_runtime_dependencies(/home/eia/ros2_ws/install/SCARA_EIA_Tesis_description/share/colcon-core/packages/SCARA_EIA_Tesis_description)
[1.543s] INFO:colcon.colcon_ros.task.ament_cmake.build:Building ROS package in '/home/eia/ros2_ws/src/scara_moveit_config' with build type 'ament_cmake'
[1.543s] INFO:colcon.colcon_cmake.task.cmake.build:Building CMake package in '/home/eia/ros2_ws/src/scara_moveit_config'
[1.544s] INFO:colcon.colcon_core.shell:Skip shell extension 'powershell' for command environment: Not usable outside of PowerShell
[1.544s] DEBUG:colcon.colcon_core.shell:Skip shell extension 'dsv' for command environment
[1.559s] Level 1:colcon.colcon_core.environment:checking '/home/eia/ros2_ws/install/nexos_ros2' for CMake module files
[1.560s] Level 1:colcon.colcon_core.environment:checking '/home/eia/ros2_ws/install/nexos_ros2' for CMake config files
[1.560s] DEBUG:colcon.colcon_core.event_handler.log_command:Invoking command in '/home/eia/ros2_ws/build/scara_moveit_config': AMENT_PREFIX_PATH=/home/eia/ros2_ws/install/SCARA_EIA_Tesis_description:/home/eia/ws_moveit/install/pilz_industrial_motion_planner_testutils:/home/eia/ws_moveit/install/panda_config:/home/eia/ws_moveit/install/moveit_runtime:/home/eia/ws_moveit/install/moveit2_tutorials:/home/eia/ws_moveit/install/moveit:/home/eia/ws_moveit/install/moveit_planners:/home/eia/ws_moveit/install/pilz_industrial_motion_planner:/home/eia/ws_moveit/install/moveit_visual_tools:/home/eia/ws_moveit/install/moveit_task_constructor_visualization:/home/eia/ws_moveit/install/moveit_task_constructor_demo:/home/eia/ws_moveit/install/moveit_task_constructor_capabilities:/home/eia/ws_moveit/install/moveit_task_constructor_core:/home/eia/ws_moveit/install/moveit_ros_control_interface:/home/eia/ws_moveit/install/moveit_plugins:/home/eia/ws_moveit/install/moveit_simple_controller_manager:/home/eia/ws_moveit/install/moveit_setup_assistant:/home/eia/ws_moveit/install/moveit_setup_srdf_plugins:/home/eia/ws_moveit/install/moveit_setup_core_plugins:/home/eia/ws_moveit/install/moveit_setup_controllers:/home/eia/ws_moveit/install/moveit_setup_app_plugins:/home/eia/ws_moveit/install/moveit_setup_framework:/home/eia/ws_moveit/install/moveit_servo:/home/eia/ws_moveit/install/moveit_ros:/home/eia/ws_moveit/install/moveit_ros_visualization:/home/eia/ws_moveit/install/moveit_hybrid_planning:/home/eia/ws_moveit/install/moveit_ros_planning_interface:/home/eia/ws_moveit/install/moveit_ros_benchmarks:/home/eia/ws_moveit/install/moveit_ros_warehouse:/home/eia/ws_moveit/install/moveit_ros_robot_interaction:/home/eia/ws_moveit/install/moveit_ros_perception:/home/eia/ws_moveit/install/moveit_resources_prbt_pg70_support:/home/eia/ws_moveit/install/moveit_resources_prbt_moveit_config:/home/eia/ws_moveit/install/moveit_ros_move_group:/home/eia/ws_moveit/install/moveit_planners_ompl:/home/eia/ws_moveit/install/moveit_ros_planning:/home/eia/ws_moveit/install/moveit_ros_occupancy_map_monitor:/home/eia/ws_moveit/install/moveit_resources_prbt_ikfast_manipulator_plugin:/home/eia/ws_moveit/install/moveit_planners_chomp:/home/eia/ws_moveit/install/moveit_kinematics:/home/eia/ws_moveit/install/moveit_chomp_optimizer_adapter:/home/eia/ws_moveit/install/chomp_motion_planner:/home/eia/ws_moveit/install/moveit_core:/home/eia/ws_moveit/install/moveit_configs_utils:/home/eia/ws_moveit/install/srdfdom:/home/eia/ws_moveit/install/rviz_marker_tools:/home/eia/ws_moveit/install/rosparam_shortcuts:/home/eia/ws_moveit/install/moveit_task_constructor_msgs:/home/eia/ws_moveit/install/moveit_resources_prbt_support:/home/eia/ws_moveit/install/moveit_resources:/home/eia/ws_moveit/install/moveit_resources_pr2_description:/home/eia/ws_moveit/install/moveit_resources_panda_moveit_config:/home/eia/ws_moveit/install/moveit_resources_panda_description:/home/eia/ws_moveit/install/moveit_resources_fanuc_moveit_config:/home/eia/ws_moveit/install/moveit_resources_fanuc_description:/home/eia/ws_moveit/install/moveit_common:/home/eia/ws_moveit/install/launch_param_builder:/home/eia/ros2_ws/install/scara_moveit_config:/home/eia/ros2_ws/install/panda_moveit_config:/home/eia/ros2_ws/install/nexos_ros2:/home/eia/ros2_ws/install/nexos_aplication:/opt/ros/humble CMAKE_PREFIX_PATH=${CMAKE_PREFIX_PATH}:/home/eia/ws_moveit/install/moveit_configs_utils:/home/eia/ws_moveit/install/launch_param_builder:/home/eia/ros2_ws/install/nexos_ros2:/home/eia/ros2_ws/install/SCARA_EIA_Tesis_description:/opt/ros/humble PYTHONPATH=/home/eia/ros2_ws/install/SCARA_EIA_Tesis_description/lib/python3.10/site-packages:/home/eia/ws_moveit/install/moveit_task_constructor_core/local/lib/python3.10/dist-packages:/home/eia/ws_moveit/install/moveit_configs_utils/lib/python3.10/site-packages:/home/eia/ws_moveit/install/srdfdom/local/lib/python3.10/dist-packages:/home/eia/ws_moveit/install/moveit_task_constructor_msgs/local/lib/python3.10/dist-packages:/home/eia/ws_moveit/install/launch_param_builder/lib/python3.10/site-packages:/home/eia/ros2_ws/install/nexos_ros2/lib/python3.10/site-packages:/opt/ros/humble/lib/python3.10/site-packages:/opt/ros/humble/local/lib/python3.10/dist-packages /usr/bin/cmake --build /home/eia/ros2_ws/build/scara_moveit_config -- -j12 -l12
[1.560s] DEBUG:colcon.colcon_core.event_handler.log_command:Invoked command in '/home/eia/ros2_ws/src/nexos_ros2' returned '0': PYTHONPATH=/home/eia/ros2_ws/build/nexos_ros2/prefix_override:/usr/lib/python3/dist-packages/colcon_core/task/python/colcon_distutils_commands:/home/eia/ros2_ws/install/nexos_ros2/lib/python3.10/site-packages:${PYTHONPATH} /usr/bin/python3 -W ignore:setup.py install is deprecated setup.py egg_info --egg-base ../../build/nexos_ros2 build --build-base /home/eia/ros2_ws/build/nexos_ros2/build install --record /home/eia/ros2_ws/build/nexos_ros2/install.log --single-version-externally-managed install_data
[1.561s] Level 1:colcon.colcon_core.environment:checking '/home/eia/ros2_ws/install/nexos_ros2/lib'
[1.561s] Level 1:colcon.colcon_core.environment:checking '/home/eia/ros2_ws/install/nexos_ros2/bin'
[1.561s] Level 1:colcon.colcon_core.environment:checking '/home/eia/ros2_ws/install/nexos_ros2/lib/pkgconfig/nexos_ros2.pc'
[1.561s] Level 1:colcon.colcon_core.environment:checking '/home/eia/ros2_ws/install/nexos_ros2/lib/python3.10/site-packages'
[1.562s] Level 1:colcon.colcon_core.shell:create_environment_hook('nexos_ros2', 'pythonpath')
[1.562s] INFO:colcon.colcon_core.shell:Creating environment hook '/home/eia/ros2_ws/install/nexos_ros2/share/nexos_ros2/hook/pythonpath.ps1'
[1.562s] INFO:colcon.colcon_core.shell:Creating environment descriptor '/home/eia/ros2_ws/install/nexos_ros2/share/nexos_ros2/hook/pythonpath.dsv'
[1.563s] INFO:colcon.colcon_core.shell:Creating environment hook '/home/eia/ros2_ws/install/nexos_ros2/share/nexos_ros2/hook/pythonpath.sh'
[1.563s] Level 1:colcon.colcon_core.environment:checking '/home/eia/ros2_ws/install/nexos_ros2/bin'
[1.563s] Level 1:colcon.colcon_core.environment:create_environment_scripts_only(nexos_ros2)
[1.563s] INFO:colcon.colcon_core.shell:Creating package script '/home/eia/ros2_ws/install/nexos_ros2/share/nexos_ros2/package.ps1'
[1.564s] INFO:colcon.colcon_core.shell:Creating package descriptor '/home/eia/ros2_ws/install/nexos_ros2/share/nexos_ros2/package.dsv'
[1.564s] INFO:colcon.colcon_core.shell:Creating package script '/home/eia/ros2_ws/install/nexos_ros2/share/nexos_ros2/package.sh'
[1.564s] INFO:colcon.colcon_core.shell:Creating package script '/home/eia/ros2_ws/install/nexos_ros2/share/nexos_ros2/package.bash'
[1.565s] INFO:colcon.colcon_core.shell:Creating package script '/home/eia/ros2_ws/install/nexos_ros2/share/nexos_ros2/package.zsh'
[1.565s] Level 1:colcon.colcon_core.environment:create_file_with_runtime_dependencies(/home/eia/ros2_ws/install/nexos_ros2/share/colcon-core/packages/nexos_ros2)
[1.608s] DEBUG:colcon.colcon_core.event_handler.log_command:Invoked command in '/home/eia/ros2_ws/build/scara_moveit_config' returned '0': AMENT_PREFIX_PATH=/home/eia/ros2_ws/install/SCARA_EIA_Tesis_description:/home/eia/ws_moveit/install/pilz_industrial_motion_planner_testutils:/home/eia/ws_moveit/install/panda_config:/home/eia/ws_moveit/install/moveit_runtime:/home/eia/ws_moveit/install/moveit2_tutorials:/home/eia/ws_moveit/install/moveit:/home/eia/ws_moveit/install/moveit_planners:/home/eia/ws_moveit/install/pilz_industrial_motion_planner:/home/eia/ws_moveit/install/moveit_visual_tools:/home/eia/ws_moveit/install/moveit_task_constructor_visualization:/home/eia/ws_moveit/install/moveit_task_constructor_demo:/home/eia/ws_moveit/install/moveit_task_constructor_capabilities:/home/eia/ws_moveit/install/moveit_task_constructor_core:/home/eia/ws_moveit/install/moveit_ros_control_interface:/home/eia/ws_moveit/install/moveit_plugins:/home/eia/ws_moveit/install/moveit_simple_controller_manager:/home/eia/ws_moveit/install/moveit_setup_assistant:/home/eia/ws_moveit/install/moveit_setup_srdf_plugins:/home/eia/ws_moveit/install/moveit_setup_core_plugins:/home/eia/ws_moveit/install/moveit_setup_controllers:/home/eia/ws_moveit/install/moveit_setup_app_plugins:/home/eia/ws_moveit/install/moveit_setup_framework:/home/eia/ws_moveit/install/moveit_servo:/home/eia/ws_moveit/install/moveit_ros:/home/eia/ws_moveit/install/moveit_ros_visualization:/home/eia/ws_moveit/install/moveit_hybrid_planning:/home/eia/ws_moveit/install/moveit_ros_planning_interface:/home/eia/ws_moveit/install/moveit_ros_benchmarks:/home/eia/ws_moveit/install/moveit_ros_warehouse:/home/eia/ws_moveit/install/moveit_ros_robot_interaction:/home/eia/ws_moveit/install/moveit_ros_perception:/home/eia/ws_moveit/install/moveit_resources_prbt_pg70_support:/home/eia/ws_moveit/install/moveit_resources_prbt_moveit_config:/home/eia/ws_moveit/install/moveit_ros_move_group:/home/eia/ws_moveit/install/moveit_planners_ompl:/home/eia/ws_moveit/install/moveit_ros_planning:/home/eia/ws_moveit/install/moveit_ros_occupancy_map_monitor:/home/eia/ws_moveit/install/moveit_resources_prbt_ikfast_manipulator_plugin:/home/eia/ws_moveit/install/moveit_planners_chomp:/home/eia/ws_moveit/install/moveit_kinematics:/home/eia/ws_moveit/install/moveit_chomp_optimizer_adapter:/home/eia/ws_moveit/install/chomp_motion_planner:/home/eia/ws_moveit/install/moveit_core:/home/eia/ws_moveit/install/moveit_configs_utils:/home/eia/ws_moveit/install/srdfdom:/home/eia/ws_moveit/install/rviz_marker_tools:/home/eia/ws_moveit/install/rosparam_shortcuts:/home/eia/ws_moveit/install/moveit_task_constructor_msgs:/home/eia/ws_moveit/install/moveit_resources_prbt_support:/home/eia/ws_moveit/install/moveit_resources:/home/eia/ws_moveit/install/moveit_resources_pr2_description:/home/eia/ws_moveit/install/moveit_resources_panda_moveit_config:/home/eia/ws_moveit/install/moveit_resources_panda_description:/home/eia/ws_moveit/install/moveit_resources_fanuc_moveit_config:/home/eia/ws_moveit/install/moveit_resources_fanuc_description:/home/eia/ws_moveit/install/moveit_common:/home/eia/ws_moveit/install/launch_param_builder:/home/eia/ros2_ws/install/scara_moveit_config:/home/eia/ros2_ws/install/panda_moveit_config:/home/eia/ros2_ws/install/nexos_ros2:/home/eia/ros2_ws/install/nexos_aplication:/opt/ros/humble CMAKE_PREFIX_PATH=${CMAKE_PREFIX_PATH}:/home/eia/ws_moveit/install/moveit_configs_utils:/home/eia/ws_moveit/install/launch_param_builder:/home/eia/ros2_ws/install/nexos_ros2:/home/eia/ros2_ws/install/SCARA_EIA_Tesis_description:/opt/ros/humble PYTHONPATH=/home/eia/ros2_ws/install/SCARA_EIA_Tesis_description/lib/python3.10/site-packages:/home/eia/ws_moveit/install/moveit_task_constructor_core/local/lib/python3.10/dist-packages:/home/eia/ws_moveit/install/moveit_configs_utils/lib/python3.10/site-packages:/home/eia/ws_moveit/install/srdfdom/local/lib/python3.10/dist-packages:/home/eia/ws_moveit/install/moveit_task_constructor_msgs/local/lib/python3.10/dist-packages:/home/eia/ws_moveit/install/launch_param_builder/lib/python3.10/site-packages:/home/eia/ros2_ws/install/nexos_ros2/lib/python3.10/site-packages:/opt/ros/humble/lib/python3.10/site-packages:/opt/ros/humble/local/lib/python3.10/dist-packages /usr/bin/cmake --build /home/eia/ros2_ws/build/scara_moveit_config -- -j12 -l12
[1.646s] DEBUG:colcon.colcon_core.event_handler.log_command:Invoking command in '/home/eia/ros2_ws/build/scara_moveit_config': AMENT_PREFIX_PATH=/home/eia/ros2_ws/install/SCARA_EIA_Tesis_description:/home/eia/ws_moveit/install/pilz_industrial_motion_planner_testutils:/home/eia/ws_moveit/install/panda_config:/home/eia/ws_moveit/install/moveit_runtime:/home/eia/ws_moveit/install/moveit2_tutorials:/home/eia/ws_moveit/install/moveit:/home/eia/ws_moveit/install/moveit_planners:/home/eia/ws_moveit/install/pilz_industrial_motion_planner:/home/eia/ws_moveit/install/moveit_visual_tools:/home/eia/ws_moveit/install/moveit_task_constructor_visualization:/home/eia/ws_moveit/install/moveit_task_constructor_demo:/home/eia/ws_moveit/install/moveit_task_constructor_capabilities:/home/eia/ws_moveit/install/moveit_task_constructor_core:/home/eia/ws_moveit/install/moveit_ros_control_interface:/home/eia/ws_moveit/install/moveit_plugins:/home/eia/ws_moveit/install/moveit_simple_controller_manager:/home/eia/ws_moveit/install/moveit_setup_assistant:/home/eia/ws_moveit/install/moveit_setup_srdf_plugins:/home/eia/ws_moveit/install/moveit_setup_core_plugins:/home/eia/ws_moveit/install/moveit_setup_controllers:/home/eia/ws_moveit/install/moveit_setup_app_plugins:/home/eia/ws_moveit/install/moveit_setup_framework:/home/eia/ws_moveit/install/moveit_servo:/home/eia/ws_moveit/install/moveit_ros:/home/eia/ws_moveit/install/moveit_ros_visualization:/home/eia/ws_moveit/install/moveit_hybrid_planning:/home/eia/ws_moveit/install/moveit_ros_planning_interface:/home/eia/ws_moveit/install/moveit_ros_benchmarks:/home/eia/ws_moveit/install/moveit_ros_warehouse:/home/eia/ws_moveit/install/moveit_ros_robot_interaction:/home/eia/ws_moveit/install/moveit_ros_perception:/home/eia/ws_moveit/install/moveit_resources_prbt_pg70_support:/home/eia/ws_moveit/install/moveit_resources_prbt_moveit_config:/home/eia/ws_moveit/install/moveit_ros_move_group:/home/eia/ws_moveit/install/moveit_planners_ompl:/home/eia/ws_moveit/install/moveit_ros_planning:/home/eia/ws_moveit/install/moveit_ros_occupancy_map_monitor:/home/eia/ws_moveit/install/moveit_resources_prbt_ikfast_manipulator_plugin:/home/eia/ws_moveit/install/moveit_planners_chomp:/home/eia/ws_moveit/install/moveit_kinematics:/home/eia/ws_moveit/install/moveit_chomp_optimizer_adapter:/home/eia/ws_moveit/install/chomp_motion_planner:/home/eia/ws_moveit/install/moveit_core:/home/eia/ws_moveit/install/moveit_configs_utils:/home/eia/ws_moveit/install/srdfdom:/home/eia/ws_moveit/install/rviz_marker_tools:/home/eia/ws_moveit/install/rosparam_shortcuts:/home/eia/ws_moveit/install/moveit_task_constructor_msgs:/home/eia/ws_moveit/install/moveit_resources_prbt_support:/home/eia/ws_moveit/install/moveit_resources:/home/eia/ws_moveit/install/moveit_resources_pr2_description:/home/eia/ws_moveit/install/moveit_resources_panda_moveit_config:/home/eia/ws_moveit/install/moveit_resources_panda_description:/home/eia/ws_moveit/install/moveit_resources_fanuc_moveit_config:/home/eia/ws_moveit/install/moveit_resources_fanuc_description:/home/eia/ws_moveit/install/moveit_common:/home/eia/ws_moveit/install/launch_param_builder:/home/eia/ros2_ws/install/scara_moveit_config:/home/eia/ros2_ws/install/panda_moveit_config:/home/eia/ros2_ws/install/nexos_ros2:/home/eia/ros2_ws/install/nexos_aplication:/opt/ros/humble CMAKE_PREFIX_PATH=${CMAKE_PREFIX_PATH}:/home/eia/ws_moveit/install/moveit_configs_utils:/home/eia/ws_moveit/install/launch_param_builder:/home/eia/ros2_ws/install/nexos_ros2:/home/eia/ros2_ws/install/SCARA_EIA_Tesis_description:/opt/ros/humble PYTHONPATH=/home/eia/ros2_ws/install/SCARA_EIA_Tesis_description/lib/python3.10/site-packages:/home/eia/ws_moveit/install/moveit_task_constructor_core/local/lib/python3.10/dist-packages:/home/eia/ws_moveit/install/moveit_configs_utils/lib/python3.10/site-packages:/home/eia/ws_moveit/install/srdfdom/local/lib/python3.10/dist-packages:/home/eia/ws_moveit/install/moveit_task_constructor_msgs/local/lib/python3.10/dist-packages:/home/eia/ws_moveit/install/launch_param_builder/lib/python3.10/site-packages:/home/eia/ros2_ws/install/nexos_ros2/lib/python3.10/site-packages:/opt/ros/humble/lib/python3.10/site-packages:/opt/ros/humble/local/lib/python3.10/dist-packages /usr/bin/cmake --install /home/eia/ros2_ws/build/scara_moveit_config
[1.658s] Level 1:colcon.colcon_core.environment:create_environment_scripts_only(scara_moveit_config)
[1.659s] Level 1:colcon.colcon_core.environment:checking '/home/eia/ros2_ws/install/scara_moveit_config' for CMake module files
[1.659s] DEBUG:colcon.colcon_core.event_handler.log_command:Invoked command in '/home/eia/ros2_ws/build/scara_moveit_config' returned '0': AMENT_PREFIX_PATH=/home/eia/ros2_ws/install/SCARA_EIA_Tesis_description:/home/eia/ws_moveit/install/pilz_industrial_motion_planner_testutils:/home/eia/ws_moveit/install/panda_config:/home/eia/ws_moveit/install/moveit_runtime:/home/eia/ws_moveit/install/moveit2_tutorials:/home/eia/ws_moveit/install/moveit:/home/eia/ws_moveit/install/moveit_planners:/home/eia/ws_moveit/install/pilz_industrial_motion_planner:/home/eia/ws_moveit/install/moveit_visual_tools:/home/eia/ws_moveit/install/moveit_task_constructor_visualization:/home/eia/ws_moveit/install/moveit_task_constructor_demo:/home/eia/ws_moveit/install/moveit_task_constructor_capabilities:/home/eia/ws_moveit/install/moveit_task_constructor_core:/home/eia/ws_moveit/install/moveit_ros_control_interface:/home/eia/ws_moveit/install/moveit_plugins:/home/eia/ws_moveit/install/moveit_simple_controller_manager:/home/eia/ws_moveit/install/moveit_setup_assistant:/home/eia/ws_moveit/install/moveit_setup_srdf_plugins:/home/eia/ws_moveit/install/moveit_setup_core_plugins:/home/eia/ws_moveit/install/moveit_setup_controllers:/home/eia/ws_moveit/install/moveit_setup_app_plugins:/home/eia/ws_moveit/install/moveit_setup_framework:/home/eia/ws_moveit/install/moveit_servo:/home/eia/ws_moveit/install/moveit_ros:/home/eia/ws_moveit/install/moveit_ros_visualization:/home/eia/ws_moveit/install/moveit_hybrid_planning:/home/eia/ws_moveit/install/moveit_ros_planning_interface:/home/eia/ws_moveit/install/moveit_ros_benchmarks:/home/eia/ws_moveit/install/moveit_ros_warehouse:/home/eia/ws_moveit/install/moveit_ros_robot_interaction:/home/eia/ws_moveit/install/moveit_ros_perception:/home/eia/ws_moveit/install/moveit_resources_prbt_pg70_support:/home/eia/ws_moveit/install/moveit_resources_prbt_moveit_config:/home/eia/ws_moveit/install/moveit_ros_move_group:/home/eia/ws_moveit/install/moveit_planners_ompl:/home/eia/ws_moveit/install/moveit_ros_planning:/home/eia/ws_moveit/install/moveit_ros_occupancy_map_monitor:/home/eia/ws_moveit/install/moveit_resources_prbt_ikfast_manipulator_plugin:/home/eia/ws_moveit/install/moveit_planners_chomp:/home/eia/ws_moveit/install/moveit_kinematics:/home/eia/ws_moveit/install/moveit_chomp_optimizer_adapter:/home/eia/ws_moveit/install/chomp_motion_planner:/home/eia/ws_moveit/install/moveit_core:/home/eia/ws_moveit/install/moveit_configs_utils:/home/eia/ws_moveit/install/srdfdom:/home/eia/ws_moveit/install/rviz_marker_tools:/home/eia/ws_moveit/install/rosparam_shortcuts:/home/eia/ws_moveit/install/moveit_task_constructor_msgs:/home/eia/ws_moveit/install/moveit_resources_prbt_support:/home/eia/ws_moveit/install/moveit_resources:/home/eia/ws_moveit/install/moveit_resources_pr2_description:/home/eia/ws_moveit/install/moveit_resources_panda_moveit_config:/home/eia/ws_moveit/install/moveit_resources_panda_description:/home/eia/ws_moveit/install/moveit_resources_fanuc_moveit_config:/home/eia/ws_moveit/install/moveit_resources_fanuc_description:/home/eia/ws_moveit/install/moveit_common:/home/eia/ws_moveit/install/launch_param_builder:/home/eia/ros2_ws/install/scara_moveit_config:/home/eia/ros2_ws/install/panda_moveit_config:/home/eia/ros2_ws/install/nexos_ros2:/home/eia/ros2_ws/install/nexos_aplication:/opt/ros/humble CMAKE_PREFIX_PATH=${CMAKE_PREFIX_PATH}:/home/eia/ws_moveit/install/moveit_configs_utils:/home/eia/ws_moveit/install/launch_param_builder:/home/eia/ros2_ws/install/nexos_ros2:/home/eia/ros2_ws/install/SCARA_EIA_Tesis_description:/opt/ros/humble PYTHONPATH=/home/eia/ros2_ws/install/SCARA_EIA_Tesis_description/lib/python3.10/site-packages:/home/eia/ws_moveit/install/moveit_task_constructor_core/local/lib/python3.10/dist-packages:/home/eia/ws_moveit/install/moveit_configs_utils/lib/python3.10/site-packages:/home/eia/ws_moveit/install/srdfdom/local/lib/python3.10/dist-packages:/home/eia/ws_moveit/install/moveit_task_constructor_msgs/local/lib/python3.10/dist-packages:/home/eia/ws_moveit/install/launch_param_builder/lib/python3.10/site-packages:/home/eia/ros2_ws/install/nexos_ros2/lib/python3.10/site-packages:/opt/ros/humble/lib/python3.10/site-packages:/opt/ros/humble/local/lib/python3.10/dist-packages /usr/bin/cmake --install /home/eia/ros2_ws/build/scara_moveit_config
[1.659s] Level 1:colcon.colcon_core.environment:checking '/home/eia/ros2_ws/install/scara_moveit_config' for CMake config files
[1.660s] Level 1:colcon.colcon_core.shell:create_environment_hook('scara_moveit_config', 'cmake_prefix_path')
[1.660s] INFO:colcon.colcon_core.shell:Creating environment hook '/home/eia/ros2_ws/install/scara_moveit_config/share/scara_moveit_config/hook/cmake_prefix_path.ps1'
[1.660s] INFO:colcon.colcon_core.shell:Creating environment descriptor '/home/eia/ros2_ws/install/scara_moveit_config/share/scara_moveit_config/hook/cmake_prefix_path.dsv'
[1.660s] INFO:colcon.colcon_core.shell:Creating environment hook '/home/eia/ros2_ws/install/scara_moveit_config/share/scara_moveit_config/hook/cmake_prefix_path.sh'
[1.661s] Level 1:colcon.colcon_core.environment:checking '/home/eia/ros2_ws/install/scara_moveit_config/bin'
[1.661s] Level 1:colcon.colcon_core.environment:checking '/home/eia/ros2_ws/install/scara_moveit_config/lib/pkgconfig/scara_moveit_config.pc'
[1.661s] Level 1:colcon.colcon_core.environment:checking '/home/eia/ros2_ws/install/scara_moveit_config/lib/python3.10/site-packages'
[1.661s] Level 1:colcon.colcon_core.environment:checking '/home/eia/ros2_ws/install/scara_moveit_config/bin'
[1.661s] INFO:colcon.colcon_core.shell:Creating package script '/home/eia/ros2_ws/install/scara_moveit_config/share/scara_moveit_config/package.ps1'
[1.662s] INFO:colcon.colcon_core.shell:Creating package descriptor '/home/eia/ros2_ws/install/scara_moveit_config/share/scara_moveit_config/package.dsv'
[1.662s] INFO:colcon.colcon_core.shell:Creating package script '/home/eia/ros2_ws/install/scara_moveit_config/share/scara_moveit_config/package.sh'
[1.662s] INFO:colcon.colcon_core.shell:Creating package script '/home/eia/ros2_ws/install/scara_moveit_config/share/scara_moveit_config/package.bash'
[1.663s] INFO:colcon.colcon_core.shell:Creating package script '/home/eia/ros2_ws/install/scara_moveit_config/share/scara_moveit_config/package.zsh'
[1.663s] Level 1:colcon.colcon_core.environment:create_file_with_runtime_dependencies(/home/eia/ros2_ws/install/scara_moveit_config/share/colcon-core/packages/scara_moveit_config)
[1.702s] Level 1:colcon.colcon_core.environment:create_environment_scripts_only(scara_moveit_config)
[1.702s] Level 1:colcon.colcon_core.environment:checking '/home/eia/ros2_ws/install/scara_moveit_config' for CMake module files
[1.703s] Level 1:colcon.colcon_core.environment:checking '/home/eia/ros2_ws/install/scara_moveit_config' for CMake config files
[1.703s] Level 1:colcon.colcon_core.shell:create_environment_hook('scara_moveit_config', 'cmake_prefix_path')
[1.703s] INFO:colcon.colcon_core.shell:Creating environment hook '/home/eia/ros2_ws/install/scara_moveit_config/share/scara_moveit_config/hook/cmake_prefix_path.ps1'
[1.704s] INFO:colcon.colcon_core.shell:Creating environment descriptor '/home/eia/ros2_ws/install/scara_moveit_config/share/scara_moveit_config/hook/cmake_prefix_path.dsv'
[1.704s] INFO:colcon.colcon_core.shell:Creating environment hook '/home/eia/ros2_ws/install/scara_moveit_config/share/scara_moveit_config/hook/cmake_prefix_path.sh'
[1.705s] Level 1:colcon.colcon_core.environment:checking '/home/eia/ros2_ws/install/scara_moveit_config/bin'
[1.705s] Level 1:colcon.colcon_core.environment:checking '/home/eia/ros2_ws/install/scara_moveit_config/lib/pkgconfig/scara_moveit_config.pc'
[1.705s] Level 1:colcon.colcon_core.environment:checking '/home/eia/ros2_ws/install/scara_moveit_config/lib/python3.10/site-packages'
[1.705s] Level 1:colcon.colcon_core.environment:checking '/home/eia/ros2_ws/install/scara_moveit_config/bin'
[1.705s] INFO:colcon.colcon_core.shell:Creating package script '/home/eia/ros2_ws/install/scara_moveit_config/share/scara_moveit_config/package.ps1'
[1.706s] INFO:colcon.colcon_core.shell:Creating package descriptor '/home/eia/ros2_ws/install/scara_moveit_config/share/scara_moveit_config/package.dsv'
[1.707s] INFO:colcon.colcon_core.shell:Creating package script '/home/eia/ros2_ws/install/scara_moveit_config/share/scara_moveit_config/package.sh'
[1.707s] INFO:colcon.colcon_core.shell:Creating package script '/home/eia/ros2_ws/install/scara_moveit_config/share/scara_moveit_config/package.bash'
[1.707s] INFO:colcon.colcon_core.shell:Creating package script '/home/eia/ros2_ws/install/scara_moveit_config/share/scara_moveit_config/package.zsh'
[1.708s] Level 1:colcon.colcon_core.environment:create_file_with_runtime_dependencies(/home/eia/ros2_ws/install/scara_moveit_config/share/colcon-core/packages/scara_moveit_config)
[1.708s] DEBUG:colcon.colcon_parallel_executor.executor.parallel:closing loop
[1.708s] DEBUG:colcon.colcon_parallel_executor.executor.parallel:loop closed
[1.709s] DEBUG:colcon.colcon_parallel_executor.executor.parallel:run_until_complete finished with '0'
[1.709s] DEBUG:colcon.colcon_core.event_reactor:joining thread
[1.715s] INFO:colcon.colcon_core.plugin_system:Skipping extension 'colcon_notification.desktop_notification.terminal_notifier': Not used on non-Darwin systems
[1.715s] INFO:colcon.colcon_core.plugin_system:Skipping extension 'colcon_notification.desktop_notification.win32': Not used on non-Windows systems
[1.716s] INFO:colcon.colcon_notification.desktop_notification:Sending desktop notification using 'notify2'
[1.729s] DEBUG:colcon.colcon_core.event_reactor:joined thread
[1.729s] INFO:colcon.colcon_core.shell:Creating prefix script '/home/eia/ros2_ws/install/local_setup.ps1'
[1.730s] INFO:colcon.colcon_core.shell:Creating prefix util module '/home/eia/ros2_ws/install/_local_setup_util_ps1.py'
[1.731s] INFO:colcon.colcon_core.shell:Creating prefix chain script '/home/eia/ros2_ws/install/setup.ps1'
[1.736s] INFO:colcon.colcon_core.shell:Creating prefix script '/home/eia/ros2_ws/install/local_setup.sh'
[1.736s] INFO:colcon.colcon_core.shell:Creating prefix util module '/home/eia/ros2_ws/install/_local_setup_util_sh.py'
[1.737s] INFO:colcon.colcon_core.shell:Creating prefix chain script '/home/eia/ros2_ws/install/setup.sh'
[1.741s] INFO:colcon.colcon_core.shell:Creating prefix script '/home/eia/ros2_ws/install/local_setup.bash'
[1.742s] INFO:colcon.colcon_core.shell:Creating prefix chain script '/home/eia/ros2_ws/install/setup.bash'
[1.746s] INFO:colcon.colcon_core.shell:Creating prefix script '/home/eia/ros2_ws/install/local_setup.zsh'
[1.747s] INFO:colcon.colcon_core.shell:Creating prefix chain script '/home/eia/ros2_ws/install/setup.zsh'
