/home/eia/Nexos/ros2_ws/install/nexos_ros2/lib/python3.10/site-packages/nexos_ros2/__init__.py
/home/eia/Nexos/ros2_ws/install/nexos_ros2/lib/python3.10/site-packages/nexos_ros2/nodo_cin_inv.py
/home/eia/Nexos/ros2_ws/install/nexos_ros2/lib/python3.10/site-packages/nexos_ros2/nodo_app.py
/home/eia/Nexos/ros2_ws/install/nexos_ros2/lib/python3.10/site-packages/resource/__init__.py
/home/eia/Nexos/ros2_ws/install/nexos_ros2/lib/python3.10/site-packages/resource/app_scara/main.py
/home/eia/Nexos/ros2_ws/install/nexos_ros2/lib/python3.10/site-packages/resource/app_scara/__init__.py
/home/eia/Nexos/ros2_ws/install/nexos_ros2/lib/python3.10/site-packages/resource/app_scara/src/__init__.py
/home/eia/Nexos/ros2_ws/install/nexos_ros2/lib/python3.10/site-packages/resource/app_scara/src/cinematica_inversa.py
/home/eia/Nexos/ros2_ws/install/nexos_ros2/lib/python3.10/site-packages/resource/app_scara/src/cinematica_directa.py
/home/eia/Nexos/ros2_ws/install/nexos_ros2/lib/python3.10/site-packages/nexos_ros2/__pycache__/__init__.cpython-310.pyc
/home/eia/Nexos/ros2_ws/install/nexos_ros2/lib/python3.10/site-packages/nexos_ros2/__pycache__/nodo_cin_inv.cpython-310.pyc
/home/eia/Nexos/ros2_ws/install/nexos_ros2/lib/python3.10/site-packages/nexos_ros2/__pycache__/nodo_app.cpython-310.pyc
/home/eia/Nexos/ros2_ws/install/nexos_ros2/lib/python3.10/site-packages/resource/__pycache__/__init__.cpython-310.pyc
/home/eia/Nexos/ros2_ws/install/nexos_ros2/lib/python3.10/site-packages/resource/app_scara/__pycache__/main.cpython-310.pyc
/home/eia/Nexos/ros2_ws/install/nexos_ros2/lib/python3.10/site-packages/resource/app_scara/__pycache__/__init__.cpython-310.pyc
/home/eia/Nexos/ros2_ws/install/nexos_ros2/lib/python3.10/site-packages/resource/app_scara/src/__pycache__/__init__.cpython-310.pyc
/home/eia/Nexos/ros2_ws/install/nexos_ros2/lib/python3.10/site-packages/resource/app_scara/src/__pycache__/cinematica_inversa.cpython-310.pyc
/home/eia/Nexos/ros2_ws/install/nexos_ros2/lib/python3.10/site-packages/resource/app_scara/src/__pycache__/cinematica_directa.cpython-310.pyc
/home/eia/Nexos/ros2_ws/install/nexos_ros2/share/ament_index/resource_index/packages/nexos_ros2
/home/eia/Nexos/ros2_ws/install/nexos_ros2/share/nexos_ros2/package.xml
/home/eia/Nexos/ros2_ws/install/nexos_ros2/share/nexos_ros2/launch/nexos.launch.py
/home/eia/Nexos/ros2_ws/install/nexos_ros2/lib/python3.10/site-packages/nexos_ros2-0.0.0-py3.10.egg-info/requires.txt
/home/eia/Nexos/ros2_ws/install/nexos_ros2/lib/python3.10/site-packages/nexos_ros2-0.0.0-py3.10.egg-info/top_level.txt
/home/eia/Nexos/ros2_ws/install/nexos_ros2/lib/python3.10/site-packages/nexos_ros2-0.0.0-py3.10.egg-info/PKG-INFO
/home/eia/Nexos/ros2_ws/install/nexos_ros2/lib/python3.10/site-packages/nexos_ros2-0.0.0-py3.10.egg-info/entry_points.txt
/home/eia/Nexos/ros2_ws/install/nexos_ros2/lib/python3.10/site-packages/nexos_ros2-0.0.0-py3.10.egg-info/SOURCES.txt
/home/eia/Nexos/ros2_ws/install/nexos_ros2/lib/python3.10/site-packages/nexos_ros2-0.0.0-py3.10.egg-info/dependency_links.txt
/home/eia/Nexos/ros2_ws/install/nexos_ros2/lib/python3.10/site-packages/nexos_ros2-0.0.0-py3.10.egg-info/zip-safe
/home/eia/Nexos/ros2_ws/install/nexos_ros2/lib/nexos_ros2/cinematica_inversa
/home/eia/Nexos/ros2_ws/install/nexos_ros2/lib/nexos_ros2/nexos_app
